<?xml version="1.0" encoding="UTF-8" standalone="no"?>
<!DOCTYPE log SYSTEM "logger.dtd">
<log>
<record>
  <date>2023-05-15T15:57:35.089-0300</date>
  <logger>YALLE ROCHA SILVA</logger>
  <level>FINE</level>
  <message>File 121110387-YALLE ROCHA SILVA.zip was received. It was sent by YALLE ROCHA SILVA from IP 192.168.0.103 at 15-05-2023 15*57*35</message>
</record>
</log>
<?xml version="1.0" encoding="UTF-8" standalone="no"?>
<!DOCTYPE log SYSTEM "logger.dtd">
<log>
<record>
  <date>2023-05-15T18:20:35.198-0300</date>
  <logger>YALLE ROCHA SILVA</logger>
  <level>FINE</level>
  <message>File 121110387-YALLE ROCHA SILVA.zip was received. It was sent by YALLE ROCHA SILVA from IP 192.168.0.103 at 15-05-2023 18*20*35</message>
</record>
</log>
<?xml version="1.0" encoding="UTF-8" standalone="no"?>
<!DOCTYPE log SYSTEM "logger.dtd">
<log>
<record>
  <date>2023-05-16T19:50:18.718-0300</date>
  <logger>YALLE ROCHA SILVA</logger>
  <level>FINE</level>
  <message>File 121110387-YALLE ROCHA SILVA.zip was received. It was sent by YALLE ROCHA SILVA from IP 192.168.56.1 at 16-05-2023 19*50*17</message>
</record>
