<?xml version="1.0" encoding="UTF-8" standalone="no"?>
<!DOCTYPE log SYSTEM "logger.dtd">
<log>
<record>
  <date>2023-04-24T20:40:35.331-0300</date>
  <logger>YALLE ROCHA SILVA</logger>
  <level>FINE</level>
  <message>File 121110387-YALLE ROCHA SILVA.zip was received. It was sent by YALLE ROCHA SILVA from IP 192.168.0.103 at 24-04-2023 20*40*35</message>
</record>
</log>
<?xml version="1.0" encoding="UTF-8" standalone="no"?>
<!DOCTYPE log SYSTEM "logger.dtd">
<log>
<record>
  <date>2023-04-24T20:54:57.600-0300</date>
  <logger>YALLE ROCHA SILVA</logger>
  <level>FINE</level>
  <message>File 121110387-YALLE ROCHA SILVA.zip was received. It was sent by YALLE ROCHA SILVA from IP 192.168.0.103 at 24-04-2023 20*54*57</message>
</record>
</log>
<?xml version="1.0" encoding="UTF-8" standalone="no"?>
<!DOCTYPE log SYSTEM "logger.dtd">
<log>
<record>
  <date>2023-04-24T21:03:04.387-0300</date>
  <logger>YALLE ROCHA SILVA</logger>
  <level>FINE</level>
  <message>File 121110387-YALLE ROCHA SILVA.zip was received. It was sent by YALLE ROCHA SILVA from IP 192.168.0.103 at 24-04-2023 21*03*04</message>
</record>
