<?xml version="1.0" encoding="UTF-8" standalone="no"?>
<!DOCTYPE log SYSTEM "logger.dtd">
<log>
<record>
  <date>2022-11-23T15:47:06.067-0300</date>
  <logger>YALLE ROCHA SILVA</logger>
  <level>FINE</level>
  <message>File 121110387-YALLE ROCHA SILVA.zip was received. It was sent by YALLE ROCHA SILVA from IP 192.168.0.107 at 23-11-2022 15*47*06</message>
</record>
</log>
<?xml version="1.0" encoding="UTF-8" standalone="no"?>
<!DOCTYPE log SYSTEM "logger.dtd">
<log>
<record>
  <date>2022-11-25T23:31:40.135-0300</date>
  <logger>YALLE ROCHA SILVA</logger>
  <level>FINE</level>
  <message>File 121110387-YALLE ROCHA SILVA.zip was received. It was sent by YALLE ROCHA SILVA from IP 192.168.0.107 at 25-11-2022 23*31*40</message>
</record>
</log>
<?xml version="1.0" encoding="UTF-8" standalone="no"?>
<!DOCTYPE log SYSTEM "logger.dtd">
<log>
<record>
  <date>2022-11-26T21:38:39.767-0300</date>
  <logger>YALLE ROCHA SILVA</logger>
  <level>FINE</level>
  <message>File 121110387-YALLE ROCHA SILVA.zip was received. It was sent by YALLE ROCHA SILVA from IP 192.168.0.107 at 26-11-2022 21*38*39</message>
</record>
</log>
<?xml version="1.0" encoding="UTF-8" standalone="no"?>
<!DOCTYPE log SYSTEM "logger.dtd">
<log>
<record>
  <date>2022-11-26T23:50:45.515-0300</date>
  <logger>YALLE ROCHA SILVA</logger>
  <level>FINE</level>
  <message>File 121110387-YALLE ROCHA SILVA.zip was received. It was sent by YALLE ROCHA SILVA from IP 192.168.0.107 at 26-11-2022 23*50*45</message>
</record>
