#
# A fatal error has been detected by the Java Runtime Environment:
#
#  EXCEPTION_ACCESS_VIOLATION (0xc0000005) at pc=0x00007ffe0abcd69a, pid=12472, tid=11268
#
# JRE version: OpenJDK Runtime Environment Temurin-17.0.2+8 (17.0.2+8) (build 17.0.2+8)
# Java VM: OpenJDK 64-Bit Server VM Temurin-17.0.2+8 (17.0.2+8, mixed mode, tiered, compressed oops, compressed class ptrs, g1 gc, windows-amd64)
# Problematic frame:
# V  [jvm.dll+0x79d69a]
#
# No core dump will be written. Minidumps are not enabled by default on client versions of Windows
#
# If you would like to submit a bug report, please visit:
#   https://github.com/adoptium/adoptium-support/issues
#

---------------  S U M M A R Y ------------

Command Line: -XX:+ShowCodeDetailsInExceptionMessages -agentlib:jdwp=transport=dt_socket,suspend=y,address=localhost:51301 -ea -javaagent:C:\Users\yalle\AppData\Roaming\Microsoft\Windows\Start Menu\Programs\Eclipse\configuration\org.eclipse.osgi\422\0\.cp\lib\javaagent-shaded.jar -Dfile.encoding=Cp1252 org.eclipse.jdt.internal.junit.runner.RemoteTestRunner -version 3 -port 51300 -testLoaderClass org.eclipse.jdt.internal.junit4.runner.JUnit4TestLoader -loaderpluginname org.eclipse.jdt.junit4.runtime -classNames adt.linkedList.StudentDoubleLinkedListTest

Host: Intel(R) Core(TM) i5-1035G1 CPU @ 1.00GHz, 8 cores, 7G,  Windows 10 , 64 bit Build 19041 (10.0.19041.2251)
Time: Thu Nov 24 17:22:59 2022 Hora oficial do Brasil elapsed time: 2124.850282 seconds (0d 0h 35m 24s)

---------------  T H R E A D  ---------------

Current thread (0x000001c9d9f7a530):  JavaThread "JDWP Transport Listener: dt_socket" daemon [_thread_in_vm, id=11268, stack(0x000000b945d00000,0x000000b945e00000)]

Stack: [0x000000b945d00000,0x000000b945e00000],  sp=0x000000b945dff2c0,  free space=1020k
Native frames: (J=compiled Java code, j=interpreted, Vv=VM code, C=native code)
V  [jvm.dll+0x79d69a]
V  [jvm.dll+0x50842c]
V  [jvm.dll+0x4cfa94]
C  [jdwp.dll+0x22dff]


siginfo: EXCEPTION_ACCESS_VIOLATION (0xc0000005), reading address 0x0000000000440009


Register to memory mapping:

RIP=0x00007ffe0abcd69a jvm.dll
RAX=0x0000000000000045 is an unknown value
RBX=0x000001c9d9c535a6 points into unknown readable memory: 00 64
RCX=0x0000000000440005 is an unknown value
RDX=0x000001c9daa4e6a0 points into unknown readable memory: 0x6e696c2f7464614c | 4c 61 64 74 2f 6c 69 6e
RSP=0x000000b945dff2c0 is pointing into the stack for thread: 0x000001c9d9f7a530
RBP=0x000001c9d9e6a2c0 points into unknown readable memory: 0x0000000000000002 | 02 00 00 00 00 00 00 00
RSI=0x0 is NULL
RDI=0xffffffffffffffff is an unknown value
R8 =0x0000000000000067 is an unknown value
R9 =0x0000000000000040 is an unknown value
R10=0x0000000000000040 is an unknown value
R11=0x000000b945dff2e0 is pointing into the stack for thread: 0x000001c9d9f7a530
R12=0x000000b945dff418 is pointing into the stack for thread: 0x000001c9d9f7a530
R13=0x0 is NULL
R14=0x000000010011f480 is a pointer to class: 
adt.linkedList.DoubleLinkedListImpl {0x000000010011f488}
 - instance size:     3
 - klass size:        91
 - access:            public synchronized 
 - state:             fully_initialized
 - name:              'adt/linkedList/DoubleLinkedListImpl'
 - super:             'adt/linkedList/SingleLinkedListImpl'
 - sub:               
 - arrays:            NULL
 - methods:           Array<T>(0x000001c9db20b768)
 - method ordering:   Array<T>(0x000001c9db20bd40)
 - default_methods:   Array<T>(0x0000000000000000)
 - local interfaces:  Array<T>(0x000001c9db201888)
 - trans. interfaces: Array<T>(0x000001c9db208780)
 - constants:         constant pool [79] {0x000001c9db20d680} for 'adt/linkedList/DoubleLinkedListImpl' cache=0x000001c9db20c840
 - class loader data:  loader data: 0x000001c9d9ccd090 for instance a 'jdk/internal/loader/ClassLoaders$AppClassLoader'{0x000000008af643a0}
 - source file:       'DoubleLinkedListImpl.java'
 - source debug extension:       SMAP
DoubleLinkedListImpl.java
Java
*S jdt
*F
1 DoubleLinkedListImpl.java
2 file:/C:/Users/yalle/Desktop/Roteiros%20LEDA/Roteiro_6/target/classes/
*L
*E

 - class annotations:       Array<T>(0x0000000000000000)
 - class type annotations:  Array<T>(0x0000000000000000)
 - field annotations:       Array<T>(0x0000000000000000)
 - field type annotations:  Array<T>(0x0000000000000000)
 - previous version:  constant pool [68] {0x000001c9db2015f8} for 'adt/linkedList/DoubleLinkedListImpl' (extra) cache=0x000001c9db209648
 - generic signature: '
[error occurred during error reporting (printing register info), id 0xc0000005, EXCEPTION_ACCESS_VIOLATION (0xc0000005) at pc=0x00007ffe0abce2a6]

Registers:
RAX=0x0000000000000045, RBX=0x000001c9d9c535a6, RCX=0x0000000000440005, RDX=0x000001c9daa4e6a0
RSP=0x000000b945dff2c0, RBP=0x000001c9d9e6a2c0, RSI=0x0000000000000000, RDI=0xffffffffffffffff
R8 =0x0000000000000067, R9 =0x0000000000000040, R10=0x0000000000000040, R11=0x000000b945dff2e0
R12=0x000000b945dff418, R13=0x0000000000000000, R14=0x000000010011f480, R15=0x000000b945dff468
RIP=0x00007ffe0abcd69a, EFLAGS=0x0000000000010206

Top of Stack: (sp=0x000000b945dff2c0)
0x000000b945dff2c0:   0000000000000023 000000010011f480
0x000000b945dff2d0:   000001c9d9f7a530 0000000000000000
0x000000b945dff2e0:   ffffffffffffffff 00007ffe0a93842c
0x000000b945dff2f0:   000001c9d9c535a6 000001c9d9c53580
0x000000b945dff300:   000001c9d9e6a2c0 000001c9daa58cf0
0x000000b945dff310:   000001c9d9c53540 00000000000003d8
0x000000b945dff320:   000001c9d9c53550 000001c9d9c53928
0x000000b945dff330:   0000000000000002 000000b945dff418
0x000000b945dff340:   0000000000000000 0000000000000000
0x000000b945dff350:   000000008a372548 00007ffe0a8ffa94
0x000000b945dff360:   000001c9d9f7a530 000000b945dff468
0x000000b945dff370:   000001c9bf47d640 000000b945dff468
0x000000b945dff380:   000001c9d9f7a530 0000000000000000
0x000000b945dff390:   000001c900000000 0000000000000000
0x000000b945dff3a0:   000000000000000d 00007ffe36862dff
0x000000b945dff3b0:   000000b945dff460 00007ffe36871aa0 

Instructions: (pc=0x00007ffe0abcd69a)
0x00007ffe0abcd59a:   48 83 c4 20 5f e9 4c 8d 90 ff cc cc cc cc cc cc
0x00007ffe0abcd5aa:   cc cc cc cc cc cc 48 89 5c 24 08 57 48 83 ec 20
0x00007ffe0abcd5ba:   83 fa 02 8d 42 06 b9 08 00 00 00 49 8b d8 0f 4e
0x00007ffe0abcd5ca:   c1 48 63 c8 48 83 c1 07 83 e1 f8 48 63 f9 49 8b
0x00007ffe0abcd5da:   48 18 48 8b c7 48 f7 d0 48 3b c1 73 16 4c 8d 05
0x00007ffe0abcd5ea:   da 4c 17 00 48 8b d7 48 8b cb e8 57 f0 90 ff 48
0x00007ffe0abcd5fa:   8b 4b 18 48 8d 04 39 48 3b 43 20 76 18 45 33 c0
0x00007ffe0abcd60a:   48 8b d7 48 8b cb 48 8b 5c 24 30 48 83 c4 20 5f
0x00007ffe0abcd61a:   e9 b1 ec 90 ff 48 89 43 18 48 8b c1 48 8b 5c 24
0x00007ffe0abcd62a:   30 48 83 c4 20 5f c3 cc cc cc cc cc cc cc cc cc
0x00007ffe0abcd63a:   cc cc cc cc cc cc 4c 8b d2 4c 8b d9 45 85 c0 7e
0x00007ffe0abcd64a:   3c 44 0f b7 49 04 41 8d 40 ff 41 3b c1 44 0f 4c
0x00007ffe0abcd65a:   c8 4d 63 c1 45 85 c9 7e 1f 48 8b c2 4c 2b da 49
0x00007ffe0abcd66a:   8b d0 0f 1f 40 00 41 0f b6 4c 03 06 88 08 48 8d
0x00007ffe0abcd67a:   40 01 48 83 ea 01 75 ee 43 c6 04 10 00 49 8b c2
0x00007ffe0abcd68a:   c3 cc cc cc cc cc 48 89 5c 24 08 57 48 83 ec 20
0x00007ffe0abcd69a:   0f b7 59 04 48 8b f9 33 d2 48 8d 4b 01 e8 84 df
0x00007ffe0abcd6aa:   f2 ff 0f b7 57 04 4c 8b c0 3b da 0f 42 d3 44 8b
0x00007ffe0abcd6ba:   ca 85 d2 74 39 48 2b f8 0f 1f 40 00 66 66 0f 1f
0x00007ffe0abcd6ca:   84 00 00 00 00 00 0f b6 4c 07 06 88 08 48 ff c0
0x00007ffe0abcd6da:   48 8b c8 49 2b c8 49 3b c9 7c eb 42 c6 04 02 00
0x00007ffe0abcd6ea:   49 8b c0 48 8b 5c 24 30 48 83 c4 20 5f c3 48 8b
0x00007ffe0abcd6fa:   5c 24 30 c6 04 02 00 48 83 c4 20 5f c3 cc cc cc
0x00007ffe0abcd70a:   cc cc cc cc cc cc 4c 8b d1 45 85 c0 7e 6c 44 0f
0x00007ffe0abcd71a:   b7 49 04 41 8d 40 ff 41 3b c1 44 0f 4c c8 4d 63
0x00007ffe0abcd72a:   d9 45 85 c9 7e 22 48 8b ca 4c 2b d2 4d 8b c3 0f
0x00007ffe0abcd73a:   1f 80 00 00 00 00 41 0f b6 44 0a 06 88 01 48 8d
0x00007ffe0abcd74a:   49 01 49 83 e8 01 75 ee 41 c6 04 13 00 48 c7 c0
0x00007ffe0abcd75a:   ff ff ff ff 66 90 48 ff c0 80 3c 02 00 75 f7 48
0x00007ffe0abcd76a:   63 c8 85 c0 48 8b c2 7e 14 80 38 2f 75 03 c6 00
0x00007ffe0abcd77a:   2e 48 ff c0 48 83 e9 01 75 ef 48 8b c2 c3 cc cc
0x00007ffe0abcd78a:   cc cc cc cc cc cc 48 83 ec 28 e8 f7 fe ff ff 4c 


Stack slot to memory mapping:
stack at sp + 0 slots: 0x0000000000000023 is an unknown value
stack at sp + 1 slots: 0x000000010011f480 is a pointer to class: 
adt.linkedList.DoubleLinkedListImpl {0x000000010011f488}
 - instance size:     3
 - klass size:        91
 - access:            public synchronized 
 - state:             fully_initialized
 - name:              'adt/linkedList/DoubleLinkedListImpl'
 - super:             'adt/linkedList/SingleLinkedListImpl'
 - sub:               
 - arrays:            NULL
 - methods:           Array<T>(0x000001c9db20b768)
 - method ordering:   Array<T>(0x000001c9db20bd40)
 - default_methods:   Array<T>(0x0000000000000000)
 - local interfaces:  Array<T>(0x000001c9db201888)
 - trans. interfaces: Array<T>(0x000001c9db208780)
 - constants:         constant pool [79] {0x000001c9db20d680} for 'adt/linkedList/DoubleLinkedListImpl' cache=0x000001c9db20c840
 - class loader data:  loader data: 0x000001c9d9ccd090 for instance a 'jdk/internal/loader/ClassLoaders$AppClassLoader'{0x000000008af643a0}
 - source file:       'DoubleLinkedListImpl.java'
 - source debug extension:       SMAP
DoubleLinkedListImpl.java
Java
*S jdt
*F
1 DoubleLinkedListImpl.java
2 file:/C:/Users/yalle/Desktop/Roteiros%20LEDA/Roteiro_6/target/classes/
*L
*E

 - class annotations:       Array<T>(0x0000000000000000)
 - class type annotations:  Array<T>(0x0000000000000000)
 - field annotations:       Array<T>(0x0000000000000000)
 - field type annotations:  Array<T>(0x0000000000000000)
 - previous version:  constant pool [68] {0x000001c9db2015f8} for 'adt/linkedList/DoubleLinkedListImpl' (extra) cache=0x000001c9db209648
 - generic signature: '
[error occurred during error reporting (inspecting top of stack), id 0xc0000005, EXCEPTION_ACCESS_VIOLATION (0xc0000005) at pc=0x00007ffe0abce2a6]


---------------  P R O C E S S  ---------------

Threads class SMR info:
_java_thread_list=0x000001c9daa59b30, length=16, elements={
0x000001c9bf4938d0, 0x000001c9d9c13620, 0x000001c9d930df20, 0x000001c9d93422b0,
0x000001c9d9344d70, 0x000001c9d9346730, 0x000001c9d9c32cf0, 0x000001c9d9c36de0,
0x000001c9d9c52020, 0x000001c9d9c5c530, 0x000001c9d9cfa7d0, 0x000001c9d9f7a530,
0x000001c9d9f093d0, 0x000001c9d9f4ead0, 0x000001c9da69fa50, 0x000001c9da7c0000
}

Java Threads: ( => current thread )
  0x000001c9bf4938d0 JavaThread "main" [_thread_blocked, id=10784, stack(0x000000b944c00000,0x000000b944d00000)]
  0x000001c9d9c13620 JavaThread "Reference Handler" daemon [_thread_blocked, id=10440, stack(0x000000b945300000,0x000000b945400000)]
  0x000001c9d930df20 JavaThread "Finalizer" daemon [_thread_blocked, id=13436, stack(0x000000b945400000,0x000000b945500000)]
  0x000001c9d93422b0 JavaThread "Signal Dispatcher" daemon [_thread_blocked, id=1996, stack(0x000000b945500000,0x000000b945600000)]
  0x000001c9d9344d70 JavaThread "Attach Listener" daemon [_thread_blocked, id=18452, stack(0x000000b945600000,0x000000b945700000)]
  0x000001c9d9346730 JavaThread "Service Thread" daemon [_thread_blocked, id=10100, stack(0x000000b945700000,0x000000b945800000)]
  0x000001c9d9c32cf0 JavaThread "Monitor Deflation Thread" daemon [_thread_blocked, id=13060, stack(0x000000b945800000,0x000000b945900000)]
  0x000001c9d9c36de0 JavaThread "C2 CompilerThread0" daemon [_thread_blocked, id=8056, stack(0x000000b945900000,0x000000b945a00000)]
  0x000001c9d9c52020 JavaThread "C1 CompilerThread0" daemon [_thread_blocked, id=13404, stack(0x000000b945a00000,0x000000b945b00000)]
  0x000001c9d9c5c530 JavaThread "Sweeper thread" daemon [_thread_blocked, id=15584, stack(0x000000b945b00000,0x000000b945c00000)]
  0x000001c9d9cfa7d0 JavaThread "Common-Cleaner" daemon [_thread_blocked, id=17356, stack(0x000000b945c00000,0x000000b945d00000)]
=>0x000001c9d9f7a530 JavaThread "JDWP Transport Listener: dt_socket" daemon [_thread_in_vm, id=11268, stack(0x000000b945d00000,0x000000b945e00000)]
  0x000001c9d9f093d0 JavaThread "JDWP Event Helper Thread" daemon [_thread_blocked, id=13112, stack(0x000000b945e00000,0x000000b945f00000)]
  0x000001c9d9f4ead0 JavaThread "JDWP Command Reader" daemon [_thread_in_native, id=18492, stack(0x000000b945f00000,0x000000b946000000)]
  0x000001c9da69fa50 JavaThread "Notification Thread" daemon [_thread_blocked, id=12528, stack(0x000000b946100000,0x000000b946200000)]
  0x000001c9da7c0000 JavaThread "ReaderThread" [_thread_in_native, id=18776, stack(0x000000b946300000,0x000000b946400000)]

Other Threads:
  0x000001c9d932ad10 VMThread "VM Thread" [stack: 0x000000b945200000,0x000000b945300000] [id=12784]
  0x000001c9da4eb800 WatcherThread [stack: 0x000000b946200000,0x000000b946300000] [id=17464]
  0x000001c9bf4d2860 GCTaskThread "GC Thread#0" [stack: 0x000000b944d00000,0x000000b944e00000] [id=4868]
  0x000001c9bf4e4910 ConcurrentGCThread "G1 Main Marker" [stack: 0x000000b944e00000,0x000000b944f00000] [id=4772]
  0x000001c9bf4e5320 ConcurrentGCThread "G1 Conc#0" [stack: 0x000000b944f00000,0x000000b945000000] [id=18572]
  0x000001c9bf56d530 ConcurrentGCThread "G1 Refine#0" [stack: 0x000000b945000000,0x000000b945100000] [id=12480]
  0x000001c9bf56df50 ConcurrentGCThread "G1 Service" [stack: 0x000000b945100000,0x000000b945200000] [id=17536]

Threads with active compile tasks:

VM state: not at safepoint (normal execution)

VM Mutex/Monitor currently owned by a thread: None

Heap address: 0x0000000083200000, size: 1998 MB, Compressed Oops mode: 32-bit

CDS archive(s) not mapped
Compressed class space mapped at: 0x0000000100000000-0x0000000140000000, reserved size: 1073741824
Narrow klass base: 0x0000000000000000, Narrow klass shift: 3, Narrow klass range: 0x140000000

GC Precious Log:
 CPUs: 8 total, 8 available
 Memory: 7987M
 Large Page Support: Disabled
 NUMA Support: Disabled
 Compressed Oops: Enabled (32-bit)
 Heap Region Size: 1M
 Heap Min Capacity: 8M
 Heap Initial Capacity: 126M
 Heap Max Capacity: 1998M
 Pre-touch: Disabled
 Parallel Workers: 8
 Concurrent Workers: 2
 Concurrent Refinement Workers: 8
 Periodic GC: Disabled

Heap:
 garbage-first heap   total 129024K, used 12288K [0x0000000083200000, 0x0000000100000000)
  region size 1024K, 13 young (13312K), 0 survivors (0K)
 Metaspace       used 11395K, committed 11520K, reserved 1064960K
  class space    used 1038K, committed 1088K, reserved 1048576K

Heap Regions: E=young(eden), S=young(survivor), O=old, HS=humongous(starts), HC=humongous(continues), CS=collection set, F=free, OA=open archive, CA=closed archive, TAMS=top-at-mark-start (previous, next)
|   0|0x0000000083200000, 0x0000000083200000, 0x0000000083300000|  0%| F|  |TAMS 0x0000000083200000, 0x0000000083200000| Untracked 
|   1|0x0000000083300000, 0x0000000083300000, 0x0000000083400000|  0%| F|  |TAMS 0x0000000083300000, 0x0000000083300000| Untracked 
|   2|0x0000000083400000, 0x0000000083400000, 0x0000000083500000|  0%| F|  |TAMS 0x0000000083400000, 0x0000000083400000| Untracked 
|   3|0x0000000083500000, 0x0000000083500000, 0x0000000083600000|  0%| F|  |TAMS 0x0000000083500000, 0x0000000083500000| Untracked 
|   4|0x0000000083600000, 0x0000000083600000, 0x0000000083700000|  0%| F|  |TAMS 0x0000000083600000, 0x0000000083600000| Untracked 
|   5|0x0000000083700000, 0x0000000083700000, 0x0000000083800000|  0%| F|  |TAMS 0x0000000083700000, 0x0000000083700000| Untracked 
|   6|0x0000000083800000, 0x0000000083800000, 0x0000000083900000|  0%| F|  |TAMS 0x0000000083800000, 0x0000000083800000| Untracked 
|   7|0x0000000083900000, 0x0000000083900000, 0x0000000083a00000|  0%| F|  |TAMS 0x0000000083900000, 0x0000000083900000| Untracked 
|   8|0x0000000083a00000, 0x0000000083a00000, 0x0000000083b00000|  0%| F|  |TAMS 0x0000000083a00000, 0x0000000083a00000| Untracked 
|   9|0x0000000083b00000, 0x0000000083b00000, 0x0000000083c00000|  0%| F|  |TAMS 0x0000000083b00000, 0x0000000083b00000| Untracked 
|  10|0x0000000083c00000, 0x0000000083c00000, 0x0000000083d00000|  0%| F|  |TAMS 0x0000000083c00000, 0x0000000083c00000| Untracked 
|  11|0x0000000083d00000, 0x0000000083d00000, 0x0000000083e00000|  0%| F|  |TAMS 0x0000000083d00000, 0x0000000083d00000| Untracked 
|  12|0x0000000083e00000, 0x0000000083e00000, 0x0000000083f00000|  0%| F|  |TAMS 0x0000000083e00000, 0x0000000083e00000| Untracked 
|  13|0x0000000083f00000, 0x0000000083f00000, 0x0000000084000000|  0%| F|  |TAMS 0x0000000083f00000, 0x0000000083f00000| Untracked 
|  14|0x0000000084000000, 0x0000000084000000, 0x0000000084100000|  0%| F|  |TAMS 0x0000000084000000, 0x0000000084000000| Untracked 
|  15|0x0000000084100000, 0x0000000084100000, 0x0000000084200000|  0%| F|  |TAMS 0x0000000084100000, 0x0000000084100000| Untracked 
|  16|0x0000000084200000, 0x0000000084200000, 0x0000000084300000|  0%| F|  |TAMS 0x0000000084200000, 0x0000000084200000| Untracked 
|  17|0x0000000084300000, 0x0000000084300000, 0x0000000084400000|  0%| F|  |TAMS 0x0000000084300000, 0x0000000084300000| Untracked 
|  18|0x0000000084400000, 0x0000000084400000, 0x0000000084500000|  0%| F|  |TAMS 0x0000000084400000, 0x0000000084400000| Untracked 
|  19|0x0000000084500000, 0x0000000084500000, 0x0000000084600000|  0%| F|  |TAMS 0x0000000084500000, 0x0000000084500000| Untracked 
|  20|0x0000000084600000, 0x0000000084600000, 0x0000000084700000|  0%| F|  |TAMS 0x0000000084600000, 0x0000000084600000| Untracked 
|  21|0x0000000084700000, 0x0000000084700000, 0x0000000084800000|  0%| F|  |TAMS 0x0000000084700000, 0x0000000084700000| Untracked 
|  22|0x0000000084800000, 0x0000000084800000, 0x0000000084900000|  0%| F|  |TAMS 0x0000000084800000, 0x0000000084800000| Untracked 
|  23|0x0000000084900000, 0x0000000084900000, 0x0000000084a00000|  0%| F|  |TAMS 0x0000000084900000, 0x0000000084900000| Untracked 
|  24|0x0000000084a00000, 0x0000000084a00000, 0x0000000084b00000|  0%| F|  |TAMS 0x0000000084a00000, 0x0000000084a00000| Untracked 
|  25|0x0000000084b00000, 0x0000000084b00000, 0x0000000084c00000|  0%| F|  |TAMS 0x0000000084b00000, 0x0000000084b00000| Untracked 
|  26|0x0000000084c00000, 0x0000000084c00000, 0x0000000084d00000|  0%| F|  |TAMS 0x0000000084c00000, 0x0000000084c00000| Untracked 
|  27|0x0000000084d00000, 0x0000000084d00000, 0x0000000084e00000|  0%| F|  |TAMS 0x0000000084d00000, 0x0000000084d00000| Untracked 
|  28|0x0000000084e00000, 0x0000000084e00000, 0x0000000084f00000|  0%| F|  |TAMS 0x0000000084e00000, 0x0000000084e00000| Untracked 
|  29|0x0000000084f00000, 0x0000000084f00000, 0x0000000085000000|  0%| F|  |TAMS 0x0000000084f00000, 0x0000000084f00000| Untracked 
|  30|0x0000000085000000, 0x0000000085000000, 0x0000000085100000|  0%| F|  |TAMS 0x0000000085000000, 0x0000000085000000| Untracked 
|  31|0x0000000085100000, 0x0000000085100000, 0x0000000085200000|  0%| F|  |TAMS 0x0000000085100000, 0x0000000085100000| Untracked 
|  32|0x0000000085200000, 0x0000000085200000, 0x0000000085300000|  0%| F|  |TAMS 0x0000000085200000, 0x0000000085200000| Untracked 
|  33|0x0000000085300000, 0x0000000085300000, 0x0000000085400000|  0%| F|  |TAMS 0x0000000085300000, 0x0000000085300000| Untracked 
|  34|0x0000000085400000, 0x0000000085400000, 0x0000000085500000|  0%| F|  |TAMS 0x0000000085400000, 0x0000000085400000| Untracked 
|  35|0x0000000085500000, 0x0000000085500000, 0x0000000085600000|  0%| F|  |TAMS 0x0000000085500000, 0x0000000085500000| Untracked 
|  36|0x0000000085600000, 0x0000000085600000, 0x0000000085700000|  0%| F|  |TAMS 0x0000000085600000, 0x0000000085600000| Untracked 
|  37|0x0000000085700000, 0x0000000085700000, 0x0000000085800000|  0%| F|  |TAMS 0x0000000085700000, 0x0000000085700000| Untracked 
|  38|0x0000000085800000, 0x0000000085800000, 0x0000000085900000|  0%| F|  |TAMS 0x0000000085800000, 0x0000000085800000| Untracked 
|  39|0x0000000085900000, 0x0000000085900000, 0x0000000085a00000|  0%| F|  |TAMS 0x0000000085900000, 0x0000000085900000| Untracked 
|  40|0x0000000085a00000, 0x0000000085a00000, 0x0000000085b00000|  0%| F|  |TAMS 0x0000000085a00000, 0x0000000085a00000| Untracked 
|  41|0x0000000085b00000, 0x0000000085b00000, 0x0000000085c00000|  0%| F|  |TAMS 0x0000000085b00000, 0x0000000085b00000| Untracked 
|  42|0x0000000085c00000, 0x0000000085c00000, 0x0000000085d00000|  0%| F|  |TAMS 0x0000000085c00000, 0x0000000085c00000| Untracked 
|  43|0x0000000085d00000, 0x0000000085d00000, 0x0000000085e00000|  0%| F|  |TAMS 0x0000000085d00000, 0x0000000085d00000| Untracked 
|  44|0x0000000085e00000, 0x0000000085e00000, 0x0000000085f00000|  0%| F|  |TAMS 0x0000000085e00000, 0x0000000085e00000| Untracked 
|  45|0x0000000085f00000, 0x0000000085f00000, 0x0000000086000000|  0%| F|  |TAMS 0x0000000085f00000, 0x0000000085f00000| Untracked 
|  46|0x0000000086000000, 0x0000000086000000, 0x0000000086100000|  0%| F|  |TAMS 0x0000000086000000, 0x0000000086000000| Untracked 
|  47|0x0000000086100000, 0x0000000086100000, 0x0000000086200000|  0%| F|  |TAMS 0x0000000086100000, 0x0000000086100000| Untracked 
|  48|0x0000000086200000, 0x0000000086200000, 0x0000000086300000|  0%| F|  |TAMS 0x0000000086200000, 0x0000000086200000| Untracked 
|  49|0x0000000086300000, 0x0000000086300000, 0x0000000086400000|  0%| F|  |TAMS 0x0000000086300000, 0x0000000086300000| Untracked 
|  50|0x0000000086400000, 0x0000000086400000, 0x0000000086500000|  0%| F|  |TAMS 0x0000000086400000, 0x0000000086400000| Untracked 
|  51|0x0000000086500000, 0x0000000086500000, 0x0000000086600000|  0%| F|  |TAMS 0x0000000086500000, 0x0000000086500000| Untracked 
|  52|0x0000000086600000, 0x0000000086600000, 0x0000000086700000|  0%| F|  |TAMS 0x0000000086600000, 0x0000000086600000| Untracked 
|  53|0x0000000086700000, 0x0000000086700000, 0x0000000086800000|  0%| F|  |TAMS 0x0000000086700000, 0x0000000086700000| Untracked 
|  54|0x0000000086800000, 0x0000000086800000, 0x0000000086900000|  0%| F|  |TAMS 0x0000000086800000, 0x0000000086800000| Untracked 
|  55|0x0000000086900000, 0x0000000086900000, 0x0000000086a00000|  0%| F|  |TAMS 0x0000000086900000, 0x0000000086900000| Untracked 
|  56|0x0000000086a00000, 0x0000000086a00000, 0x0000000086b00000|  0%| F|  |TAMS 0x0000000086a00000, 0x0000000086a00000| Untracked 
|  57|0x0000000086b00000, 0x0000000086b00000, 0x0000000086c00000|  0%| F|  |TAMS 0x0000000086b00000, 0x0000000086b00000| Untracked 
|  58|0x0000000086c00000, 0x0000000086c00000, 0x0000000086d00000|  0%| F|  |TAMS 0x0000000086c00000, 0x0000000086c00000| Untracked 
|  59|0x0000000086d00000, 0x0000000086d00000, 0x0000000086e00000|  0%| F|  |TAMS 0x0000000086d00000, 0x0000000086d00000| Untracked 
|  60|0x0000000086e00000, 0x0000000086e00000, 0x0000000086f00000|  0%| F|  |TAMS 0x0000000086e00000, 0x0000000086e00000| Untracked 
|  61|0x0000000086f00000, 0x0000000086f00000, 0x0000000087000000|  0%| F|  |TAMS 0x0000000086f00000, 0x0000000086f00000| Untracked 
|  62|0x0000000087000000, 0x0000000087000000, 0x0000000087100000|  0%| F|  |TAMS 0x0000000087000000, 0x0000000087000000| Untracked 
|  63|0x0000000087100000, 0x0000000087100000, 0x0000000087200000|  0%| F|  |TAMS 0x0000000087100000, 0x0000000087100000| Untracked 
|  64|0x0000000087200000, 0x0000000087200000, 0x0000000087300000|  0%| F|  |TAMS 0x0000000087200000, 0x0000000087200000| Untracked 
|  65|0x0000000087300000, 0x0000000087300000, 0x0000000087400000|  0%| F|  |TAMS 0x0000000087300000, 0x0000000087300000| Untracked 
|  66|0x0000000087400000, 0x0000000087400000, 0x0000000087500000|  0%| F|  |TAMS 0x0000000087400000, 0x0000000087400000| Untracked 
|  67|0x0000000087500000, 0x0000000087500000, 0x0000000087600000|  0%| F|  |TAMS 0x0000000087500000, 0x0000000087500000| Untracked 
|  68|0x0000000087600000, 0x0000000087600000, 0x0000000087700000|  0%| F|  |TAMS 0x0000000087600000, 0x0000000087600000| Untracked 
|  69|0x0000000087700000, 0x0000000087700000, 0x0000000087800000|  0%| F|  |TAMS 0x0000000087700000, 0x0000000087700000| Untracked 
|  70|0x0000000087800000, 0x0000000087800000, 0x0000000087900000|  0%| F|  |TAMS 0x0000000087800000, 0x0000000087800000| Untracked 
|  71|0x0000000087900000, 0x0000000087900000, 0x0000000087a00000|  0%| F|  |TAMS 0x0000000087900000, 0x0000000087900000| Untracked 
|  72|0x0000000087a00000, 0x0000000087a00000, 0x0000000087b00000|  0%| F|  |TAMS 0x0000000087a00000, 0x0000000087a00000| Untracked 
|  73|0x0000000087b00000, 0x0000000087b00000, 0x0000000087c00000|  0%| F|  |TAMS 0x0000000087b00000, 0x0000000087b00000| Untracked 
|  74|0x0000000087c00000, 0x0000000087c00000, 0x0000000087d00000|  0%| F|  |TAMS 0x0000000087c00000, 0x0000000087c00000| Untracked 
|  75|0x0000000087d00000, 0x0000000087d00000, 0x0000000087e00000|  0%| F|  |TAMS 0x0000000087d00000, 0x0000000087d00000| Untracked 
|  76|0x0000000087e00000, 0x0000000087e00000, 0x0000000087f00000|  0%| F|  |TAMS 0x0000000087e00000, 0x0000000087e00000| Untracked 
|  77|0x0000000087f00000, 0x0000000087f00000, 0x0000000088000000|  0%| F|  |TAMS 0x0000000087f00000, 0x0000000087f00000| Untracked 
|  78|0x0000000088000000, 0x0000000088000000, 0x0000000088100000|  0%| F|  |TAMS 0x0000000088000000, 0x0000000088000000| Untracked 
|  79|0x0000000088100000, 0x0000000088100000, 0x0000000088200000|  0%| F|  |TAMS 0x0000000088100000, 0x0000000088100000| Untracked 
|  80|0x0000000088200000, 0x0000000088200000, 0x0000000088300000|  0%| F|  |TAMS 0x0000000088200000, 0x0000000088200000| Untracked 
|  81|0x0000000088300000, 0x0000000088300000, 0x0000000088400000|  0%| F|  |TAMS 0x0000000088300000, 0x0000000088300000| Untracked 
|  82|0x0000000088400000, 0x0000000088400000, 0x0000000088500000|  0%| F|  |TAMS 0x0000000088400000, 0x0000000088400000| Untracked 
|  83|0x0000000088500000, 0x0000000088500000, 0x0000000088600000|  0%| F|  |TAMS 0x0000000088500000, 0x0000000088500000| Untracked 
|  84|0x0000000088600000, 0x0000000088600000, 0x0000000088700000|  0%| F|  |TAMS 0x0000000088600000, 0x0000000088600000| Untracked 
|  85|0x0000000088700000, 0x0000000088700000, 0x0000000088800000|  0%| F|  |TAMS 0x0000000088700000, 0x0000000088700000| Untracked 
|  86|0x0000000088800000, 0x0000000088800000, 0x0000000088900000|  0%| F|  |TAMS 0x0000000088800000, 0x0000000088800000| Untracked 
|  87|0x0000000088900000, 0x0000000088900000, 0x0000000088a00000|  0%| F|  |TAMS 0x0000000088900000, 0x0000000088900000| Untracked 
|  88|0x0000000088a00000, 0x0000000088a00000, 0x0000000088b00000|  0%| F|  |TAMS 0x0000000088a00000, 0x0000000088a00000| Untracked 
|  89|0x0000000088b00000, 0x0000000088b00000, 0x0000000088c00000|  0%| F|  |TAMS 0x0000000088b00000, 0x0000000088b00000| Untracked 
|  90|0x0000000088c00000, 0x0000000088c00000, 0x0000000088d00000|  0%| F|  |TAMS 0x0000000088c00000, 0x0000000088c00000| Untracked 
|  91|0x0000000088d00000, 0x0000000088d00000, 0x0000000088e00000|  0%| F|  |TAMS 0x0000000088d00000, 0x0000000088d00000| Untracked 
|  92|0x0000000088e00000, 0x0000000088e00000, 0x0000000088f00000|  0%| F|  |TAMS 0x0000000088e00000, 0x0000000088e00000| Untracked 
|  93|0x0000000088f00000, 0x0000000088f00000, 0x0000000089000000|  0%| F|  |TAMS 0x0000000088f00000, 0x0000000088f00000| Untracked 
|  94|0x0000000089000000, 0x0000000089000000, 0x0000000089100000|  0%| F|  |TAMS 0x0000000089000000, 0x0000000089000000| Untracked 
|  95|0x0000000089100000, 0x0000000089100000, 0x0000000089200000|  0%| F|  |TAMS 0x0000000089100000, 0x0000000089100000| Untracked 
|  96|0x0000000089200000, 0x0000000089200000, 0x0000000089300000|  0%| F|  |TAMS 0x0000000089200000, 0x0000000089200000| Untracked 
|  97|0x0000000089300000, 0x0000000089300000, 0x0000000089400000|  0%| F|  |TAMS 0x0000000089300000, 0x0000000089300000| Untracked 
|  98|0x0000000089400000, 0x0000000089400000, 0x0000000089500000|  0%| F|  |TAMS 0x0000000089400000, 0x0000000089400000| Untracked 
|  99|0x0000000089500000, 0x0000000089500000, 0x0000000089600000|  0%| F|  |TAMS 0x0000000089500000, 0x0000000089500000| Untracked 
| 100|0x0000000089600000, 0x0000000089600000, 0x0000000089700000|  0%| F|  |TAMS 0x0000000089600000, 0x0000000089600000| Untracked 
| 101|0x0000000089700000, 0x0000000089700000, 0x0000000089800000|  0%| F|  |TAMS 0x0000000089700000, 0x0000000089700000| Untracked 
| 102|0x0000000089800000, 0x0000000089800000, 0x0000000089900000|  0%| F|  |TAMS 0x0000000089800000, 0x0000000089800000| Untracked 
| 103|0x0000000089900000, 0x0000000089900000, 0x0000000089a00000|  0%| F|  |TAMS 0x0000000089900000, 0x0000000089900000| Untracked 
| 104|0x0000000089a00000, 0x0000000089a00000, 0x0000000089b00000|  0%| F|  |TAMS 0x0000000089a00000, 0x0000000089a00000| Untracked 
| 105|0x0000000089b00000, 0x0000000089b00000, 0x0000000089c00000|  0%| F|  |TAMS 0x0000000089b00000, 0x0000000089b00000| Untracked 
| 106|0x0000000089c00000, 0x0000000089c00000, 0x0000000089d00000|  0%| F|  |TAMS 0x0000000089c00000, 0x0000000089c00000| Untracked 
| 107|0x0000000089d00000, 0x0000000089d00000, 0x0000000089e00000|  0%| F|  |TAMS 0x0000000089d00000, 0x0000000089d00000| Untracked 
| 108|0x0000000089e00000, 0x0000000089e00000, 0x0000000089f00000|  0%| F|  |TAMS 0x0000000089e00000, 0x0000000089e00000| Untracked 
| 109|0x0000000089f00000, 0x0000000089f00000, 0x000000008a000000|  0%| F|  |TAMS 0x0000000089f00000, 0x0000000089f00000| Untracked 
| 110|0x000000008a000000, 0x000000008a000000, 0x000000008a100000|  0%| F|  |TAMS 0x000000008a000000, 0x000000008a000000| Untracked 
| 111|0x000000008a100000, 0x000000008a100000, 0x000000008a200000|  0%| F|  |TAMS 0x000000008a100000, 0x000000008a100000| Untracked 
| 112|0x000000008a200000, 0x000000008a200000, 0x000000008a300000|  0%| F|  |TAMS 0x000000008a200000, 0x000000008a200000| Untracked 
| 113|0x000000008a300000, 0x000000008a400000, 0x000000008a400000|100%| E|  |TAMS 0x000000008a300000, 0x000000008a300000| Complete 
| 114|0x000000008a400000, 0x000000008a500000, 0x000000008a500000|100%| E|CS|TAMS 0x000000008a400000, 0x000000008a400000| Complete 
| 115|0x000000008a500000, 0x000000008a600000, 0x000000008a600000|100%| E|CS|TAMS 0x000000008a500000, 0x000000008a500000| Complete 
| 116|0x000000008a600000, 0x000000008a700000, 0x000000008a700000|100%| E|CS|TAMS 0x000000008a600000, 0x000000008a600000| Complete 
| 117|0x000000008a700000, 0x000000008a800000, 0x000000008a800000|100%| E|CS|TAMS 0x000000008a700000, 0x000000008a700000| Complete 
| 118|0x000000008a800000, 0x000000008a900000, 0x000000008a900000|100%| E|CS|TAMS 0x000000008a800000, 0x000000008a800000| Complete 
| 119|0x000000008a900000, 0x000000008aa00000, 0x000000008aa00000|100%| E|CS|TAMS 0x000000008a900000, 0x000000008a900000| Complete 
| 120|0x000000008aa00000, 0x000000008ab00000, 0x000000008ab00000|100%| E|CS|TAMS 0x000000008aa00000, 0x000000008aa00000| Complete 
| 121|0x000000008ab00000, 0x000000008ac00000, 0x000000008ac00000|100%| E|CS|TAMS 0x000000008ab00000, 0x000000008ab00000| Complete 
| 122|0x000000008ac00000, 0x000000008ad00000, 0x000000008ad00000|100%| E|CS|TAMS 0x000000008ac00000, 0x000000008ac00000| Complete 
| 123|0x000000008ad00000, 0x000000008ae00000, 0x000000008ae00000|100%| E|CS|TAMS 0x000000008ad00000, 0x000000008ad00000| Complete 
| 124|0x000000008ae00000, 0x000000008af00000, 0x000000008af00000|100%| E|CS|TAMS 0x000000008ae00000, 0x000000008ae00000| Complete 
| 125|0x000000008af00000, 0x000000008b000000, 0x000000008b000000|100%| E|CS|TAMS 0x000000008af00000, 0x000000008af00000| Complete 

Card table byte_map: [0x000001c9d2270000,0x000001c9d2660000] _byte_map_base: 0x000001c9d1e57000

Marking Bits (Prev, Next): (CMBitMap*) 0x000001c9bf4d3e80, (CMBitMap*) 0x000001c9bf4d3ec0
 Prev Bits: [0x000001c9d2a50000, 0x000001c9d4988000)
 Next Bits: [0x000001c9d4990000, 0x000001c9d68c8000)

Polling page: 0x000001c9bec70000

Metaspace:

Usage:
  Non-class:     10.11 MB used.
      Class:      1.01 MB used.
       Both:     11.13 MB used.

Virtual space:
  Non-class space:       16.00 MB reserved,      10.19 MB ( 64%) committed,  2 nodes.
      Class space:        1.00 GB reserved,       1.06 MB ( <1%) committed,  1 nodes.
             Both:        1.02 GB reserved,      11.25 MB (  1%) committed. 

Chunk freelists:
   Non-Class:  960.00 KB
       Class:  2.88 MB
        Both:  3.82 MB

MaxMetaspaceSize: unlimited
CompressedClassSpaceSize: 1.00 GB
Initial GC threshold: 21.00 MB
Current GC threshold: 21.00 MB
CDS: off
MetaspaceReclaimPolicy: balanced
 - commit_granule_bytes: 65536.
 - commit_granule_words: 8192.
 - virtual_space_node_default_size: 1048576.
 - enlarge_chunks_in_place: 1.
 - new_chunks_are_fully_committed: 0.
 - uncommit_free_chunks: 1.
 - use_allocation_guard: 0.
 - handle_deallocations: 1.


Internal statistics:

num_allocs_failed_limit: 0.
num_arena_births: 18.
num_arena_deaths: 0.
num_vsnodes_births: 3.
num_vsnodes_deaths: 0.
num_space_committed: 180.
num_space_uncommitted: 0.
num_chunks_returned_to_freelist: 0.
num_chunks_taken_from_freelist: 96.
num_chunk_merges: 0.
num_chunk_splits: 45.
num_chunks_enlarged: 32.
num_purges: 0.
num_inconsistent_stats: 0.

CodeHeap 'non-profiled nmethods': size=120000Kb used=255Kb max_used=255Kb free=119744Kb
 bounds [0x000001c9ca620000, 0x000001c9ca890000, 0x000001c9d1b50000]
CodeHeap 'profiled nmethods': size=120000Kb used=1326Kb max_used=1326Kb free=118673Kb
 bounds [0x000001c9c30f0000, 0x000001c9c3360000, 0x000001c9ca620000]
CodeHeap 'non-nmethods': size=5760Kb used=1219Kb max_used=1240Kb free=4540Kb
 bounds [0x000001c9c2b50000, 0x000001c9c2dc0000, 0x000001c9c30f0000]
 total_blobs=1145 nmethods=719 adapters=339
 compilation: enabled
              stopped_count=0, restarted_count=0
 full_count=0

Compilation events (20 events):
Event: 0.598 Thread 0x000001c9d9c52020  709       3       org.eclipse.jdt.launching.internal.org.objectweb.asm.ByteVector::putUTF8 (144 bytes)
Event: 0.599 Thread 0x000001c9d9c52020 nmethod 709 0x000001c9c3233b10 code [0x000001c9c3233d80, 0x000001c9c32348a8]
Event: 0.599 Thread 0x000001c9d9c52020  711       3       java.lang.StringConcatHelper::newString (67 bytes)
Event: 0.599 Thread 0x000001c9d9c52020 nmethod 711 0x000001c9c3234e10 code [0x000001c9c32350a0, 0x000001c9c3235b08]
Event: 0.599 Thread 0x000001c9d9c52020  712   !   3       java.util.zip.ZipFile$Source::getEntryPos (173 bytes)
Event: 0.601 Thread 0x000001c9d9c52020 nmethod 712 0x000001c9c3235f10 code [0x000001c9c3236200, 0x000001c9c32372a8]
Event: 0.601 Thread 0x000001c9d9c52020  716       3       org.eclipse.jdt.launching.internal.org.objectweb.asm.AnnotationWriter::putAnnotations (67 bytes)
Event: 0.601 Thread 0x000001c9d9c52020 nmethod 716 0x000001c9c3237d10 code [0x000001c9c3237f20, 0x000001c9c3238358]
Event: 0.601 Thread 0x000001c9d9c52020  715       3       java.lang.String::equalsIgnoreCase (45 bytes)
Event: 0.601 Thread 0x000001c9d9c52020 nmethod 715 0x000001c9c3238610 code [0x000001c9c3238800, 0x000001c9c3238d68]
Event: 0.601 Thread 0x000001c9d9c52020  713       3       java.util.zip.ZipCoder::hash (36 bytes)
Event: 0.601 Thread 0x000001c9d9c52020 nmethod 713 0x000001c9c3238f90 code [0x000001c9c32391c0, 0x000001c9c3239908]
Event: 0.601 Thread 0x000001c9d9c52020  714       3       java.util.jar.Manifest::getAttributes (14 bytes)
Event: 0.602 Thread 0x000001c9d9c52020 nmethod 714 0x000001c9c3239c10 code [0x000001c9c3239dc0, 0x000001c9c323a0a8]
Event: 0.602 Thread 0x000001c9d9c52020  717   !   3       java.util.zip.ZipFile::getEntry (59 bytes)
Event: 0.602 Thread 0x000001c9d9c52020 nmethod 717 0x000001c9c323a190 code [0x000001c9c323a380, 0x000001c9c323a818]
Event: 0.604 Thread 0x000001c9d9c52020  718   !   3       jdk.internal.loader.URLClassPath$JarLoader::ensureOpen (36 bytes)
Event: 0.604 Thread 0x000001c9d9c52020 nmethod 718 0x000001c9c323ab10 code [0x000001c9c323ace0, 0x000001c9c323b138]
Event: 0.604 Thread 0x000001c9d9c52020  719       3       java.util.jar.JarFile::getJarEntry (9 bytes)
Event: 0.604 Thread 0x000001c9d9c52020 nmethod 719 0x000001c9c323b310 code [0x000001c9c323b500, 0x000001c9c323b9d8]

GC Heap History (0 events):
No events

Deoptimization events (20 events):
Event: 0.402 Thread 0x000001c9bf4938d0 DEOPT PACKING pc=0x000001c9c3164eac sp=0x000000b944cf7ac0
Event: 0.402 Thread 0x000001c9bf4938d0 DEOPT UNPACKING pc=0x000001c9c2ba6763 sp=0x000000b944cf6f28 mode 0
Event: 0.402 Thread 0x000001c9bf4938d0 DEOPT PACKING pc=0x000001c9c3164eac sp=0x000000b944cf7ac0
Event: 0.402 Thread 0x000001c9bf4938d0 DEOPT UNPACKING pc=0x000001c9c2ba6763 sp=0x000000b944cf6f28 mode 0
Event: 0.403 Thread 0x000001c9bf4938d0 DEOPT PACKING pc=0x000001c9c3164dd4 sp=0x000000b944cf7ac0
Event: 0.403 Thread 0x000001c9bf4938d0 DEOPT UNPACKING pc=0x000001c9c2ba6763 sp=0x000000b944cf6f28 mode 0
Event: 0.403 Thread 0x000001c9bf4938d0 DEOPT PACKING pc=0x000001c9c3164dd4 sp=0x000000b944cf7ac0
Event: 0.403 Thread 0x000001c9bf4938d0 DEOPT UNPACKING pc=0x000001c9c2ba6763 sp=0x000000b944cf6f28 mode 0
Event: 0.413 Thread 0x000001c9bf4938d0 DEOPT PACKING pc=0x000001c9c31698f9 sp=0x000000b944cfc450
Event: 0.413 Thread 0x000001c9bf4938d0 DEOPT UNPACKING pc=0x000001c9c2ba6763 sp=0x000000b944cfb8d8 mode 0
Event: 0.420 Thread 0x000001c9bf4938d0 DEOPT PACKING pc=0x000001c9c31698f9 sp=0x000000b944cfc280
Event: 0.420 Thread 0x000001c9bf4938d0 DEOPT UNPACKING pc=0x000001c9c2ba6763 sp=0x000000b944cfb708 mode 0
Event: 0.425 Thread 0x000001c9bf4938d0 DEOPT PACKING pc=0x000001c9c3169957 sp=0x000000b944cfe130
Event: 0.425 Thread 0x000001c9bf4938d0 DEOPT UNPACKING pc=0x000001c9c2ba6763 sp=0x000000b944cfd590 mode 0
Event: 0.459 Thread 0x000001c9bf4938d0 DEOPT PACKING pc=0x000001c9c312c506 sp=0x000000b944cfb750
Event: 0.459 Thread 0x000001c9bf4938d0 DEOPT UNPACKING pc=0x000001c9c2ba6763 sp=0x000000b944cfabc0 mode 0
Event: 0.464 Thread 0x000001c9bf4938d0 DEOPT PACKING pc=0x000001c9c312c506 sp=0x000000b944cfa1a0
Event: 0.464 Thread 0x000001c9bf4938d0 DEOPT UNPACKING pc=0x000001c9c2ba6763 sp=0x000000b944cf9610 mode 0
Event: 0.585 Thread 0x000001c9bf4938d0 DEOPT PACKING pc=0x000001c9c31779be sp=0x000000b944cfa860
Event: 0.585 Thread 0x000001c9bf4938d0 DEOPT UNPACKING pc=0x000001c9c2ba6763 sp=0x000000b944cf9cd8 mode 0

Classes unloaded (0 events):
No events

Classes redefined (5 events):
Event: 450.353 Thread 0x000001c9d932ad10 redefined class name=adt.linkedList.StudentDoubleLinkedListTest, count=1
Event: 1096.166 Thread 0x000001c9d932ad10 redefined class name=adt.linkedList.DoubleLinkedListImpl, count=1
Event: 1151.270 Thread 0x000001c9d932ad10 redefined class name=adt.linkedList.DoubleLinkedListImpl, count=2
Event: 1177.391 Thread 0x000001c9d932ad10 redefined class name=adt.linkedList.DoubleLinkedListImpl, count=3
Event: 2081.532 Thread 0x000001c9d932ad10 redefined class name=adt.linkedList.DoubleLinkedListImpl, count=4

Internal exceptions (5 events):
Event: 0.443 Thread 0x000001c9bf4938d0 Exception <a 'java/lang/NoSuchMethodError'{0x000000008aadc710}: 'java.lang.Object java.lang.invoke.DirectMethodHandle$Holder.invokeStaticInit(java.lang.Object)'> (0x000000008aadc710) 
thrown [e:\jenkins\tmp\workspace\build\src\src\hotspot\share\interpreter\linkResolver.cpp, line 766]
Event: 0.451 Thread 0x000001c9bf4938d0 Exception <a 'java/lang/NoSuchMethodError'{0x000000008a904f30}: 'void java.lang.invoke.DirectMethodHandle$Holder.invokeStatic(java.lang.Object, java.lang.Object)'> (0x000000008a904f30) 
thrown [e:\jenkins\tmp\workspace\build\src\src\hotspot\share\interpreter\linkResolver.cpp, line 766]
Event: 0.542 Thread 0x000001c9bf4938d0 Exception <a 'java/lang/NoSuchMethodError'{0x000000008a6db6d0}: 'java.lang.Object java.lang.invoke.DirectMethodHandle$Holder.invokeInterface(java.lang.Object, java.lang.Object)'> (0x000000008a6db6d0) 
thrown [e:\jenkins\tmp\workspace\build\src\src\hotspot\share\interpreter\linkResolver.cpp, line 766]
Event: 0.543 Thread 0x000001c9bf4938d0 Exception <a 'java/lang/IncompatibleClassChangeError'{0x000000008a6deec8}: Found class java.lang.Object, but interface was expected> (0x000000008a6deec8) 
thrown [e:\jenkins\tmp\workspace\build\src\src\hotspot\share\interpreter\linkResolver.cpp, line 833]
Event: 0.561 Thread 0x000001c9bf4938d0 Exception <a 'java/lang/NoSuchMethodError'{0x000000008a58f798}: 'java.lang.Object java.lang.invoke.DirectMethodHandle$Holder.newInvokeSpecial(java.lang.Object, java.lang.Object, java.lang.Object, java.lang.Object, java.lang.Object)'> (0x000000008a58f798) 
thrown [e:\jenkins\tmp\workspace\build\src\src\hotspot\share\interpreter\linkResolver.cpp, line 766]

VM Operations (20 events):
Event: 450.352 Executing VM operation: RedefineClasses
Event: 450.356 Executing VM operation: RedefineClasses done
Event: 450.361 Executing VM operation: ChangeBreakpoints
Event: 450.361 Executing VM operation: ChangeBreakpoints done
Event: 570.164 Executing VM operation: ChangeBreakpoints
Event: 570.164 Executing VM operation: ChangeBreakpoints done
Event: 572.432 Executing VM operation: ChangeBreakpoints
Event: 572.432 Executing VM operation: ChangeBreakpoints done
Event: 1096.164 Executing VM operation: RedefineClasses
Event: 1096.169 Executing VM operation: RedefineClasses done
Event: 1096.174 Executing VM operation: ChangeBreakpoints
Event: 1096.174 Executing VM operation: ChangeBreakpoints done
Event: 1151.200 Executing VM operation: ChangeBreakpoints
Event: 1151.200 Executing VM operation: ChangeBreakpoints done
Event: 1151.269 Executing VM operation: RedefineClasses
Event: 1151.272 Executing VM operation: RedefineClasses done
Event: 1177.390 Executing VM operation: RedefineClasses
Event: 1177.392 Executing VM operation: RedefineClasses done
Event: 2081.530 Executing VM operation: RedefineClasses
Event: 2081.535 Executing VM operation: RedefineClasses done

Events (20 events):
Event: 0.592 loading class java/io/ObjectOutput
Event: 0.592 loading class java/io/ObjectOutput done
Event: 0.592 loading class java/io/ObjectStreamConstants
Event: 0.592 loading class java/io/ObjectStreamConstants done
Event: 0.592 loading class java/io/ObjectOutputStream done
Event: 0.592 loading class java/io/ObjectInputStream
Event: 0.593 loading class java/io/ObjectInput
Event: 0.593 loading class java/io/ObjectInput done
Event: 0.593 loading class java/io/ObjectInputStream done
Event: 0.593 loading class java/io/ObjectStreamClass$FieldReflectorKey
Event: 0.593 loading class java/io/ObjectStreamClass$FieldReflectorKey done
Event: 0.594 loading class java/io/ObjectStreamClass$FieldReflector
Event: 0.594 loading class java/io/ObjectStreamClass$FieldReflector done
Event: 0.596 loading class java/util/concurrent/CopyOnWriteArrayList$COWIterator
Event: 0.597 loading class java/util/concurrent/CopyOnWriteArrayList$COWIterator done
Event: 0.601 loading class sun/nio/ch/IOStatus
Event: 0.601 loading class sun/nio/ch/IOStatus done
Event: 0.602 loading class java/lang/reflect/InvocationTargetException
Event: 0.602 loading class java/lang/reflect/InvocationTargetException done
Event: 5.618 Thread 0x000001c9da4ecf60 Thread exited: 0x000001c9da4ecf60


Dynamic libraries:
0x00007ff79e560000 - 0x00007ff79e56e000 	C:\Users\yalle\AppData\Roaming\Microsoft\Windows\Start Menu\Programs\Eclipse\plugins\org.eclipse.justj.openjdk.hotspot.jre.full.win32.x86_64_17.0.2.v20220201-1208\jre\bin\javaw.exe
0x00007ffe5c410000 - 0x00007ffe5c608000 	C:\WINDOWS\SYSTEM32\ntdll.dll
0x00007ffe5aa00000 - 0x00007ffe5aabf000 	C:\WINDOWS\System32\KERNEL32.DLL
0x00007ffe5a180000 - 0x00007ffe5a452000 	C:\WINDOWS\System32\KERNELBASE.dll
0x00007ffe59e20000 - 0x00007ffe59f20000 	C:\WINDOWS\System32\ucrtbase.dll
0x00007ffe4a540000 - 0x00007ffe4a559000 	C:\Users\yalle\AppData\Roaming\Microsoft\Windows\Start Menu\Programs\Eclipse\plugins\org.eclipse.justj.openjdk.hotspot.jre.full.win32.x86_64_17.0.2.v20220201-1208\jre\bin\VCRUNTIME140.dll
0x00007ffe4a460000 - 0x00007ffe4a478000 	C:\Users\yalle\AppData\Roaming\Microsoft\Windows\Start Menu\Programs\Eclipse\plugins\org.eclipse.justj.openjdk.hotspot.jre.full.win32.x86_64_17.0.2.v20220201-1208\jre\bin\jli.dll
0x00007ffe5ab90000 - 0x00007ffe5ad2d000 	C:\WINDOWS\System32\USER32.dll
0x00007ffe5a150000 - 0x00007ffe5a172000 	C:\WINDOWS\System32\win32u.dll
0x00007ffe5b950000 - 0x00007ffe5b97b000 	C:\WINDOWS\System32\GDI32.dll
0x00007ffe59b60000 - 0x00007ffe59c6f000 	C:\WINDOWS\System32\gdi32full.dll
0x00007ffe47f60000 - 0x00007ffe481fa000 	C:\WINDOWS\WinSxS\amd64_microsoft.windows.common-controls_6595b64144ccf1df_6.0.19041.1110_none_60b5254171f9507e\COMCTL32.dll
0x00007ffe59f20000 - 0x00007ffe59fbd000 	C:\WINDOWS\System32\msvcp_win.dll
0x00007ffe5ad30000 - 0x00007ffe5adce000 	C:\WINDOWS\System32\msvcrt.dll
0x00007ffe5ae30000 - 0x00007ffe5ae62000 	C:\WINDOWS\System32\IMM32.DLL
0x00007ffe4de90000 - 0x00007ffe4de9c000 	C:\Users\yalle\AppData\Roaming\Microsoft\Windows\Start Menu\Programs\Eclipse\plugins\org.eclipse.justj.openjdk.hotspot.jre.full.win32.x86_64_17.0.2.v20220201-1208\jre\bin\vcruntime140_1.dll
0x00007ffe2e470000 - 0x00007ffe2e501000 	C:\Users\yalle\AppData\Roaming\Microsoft\Windows\Start Menu\Programs\Eclipse\plugins\org.eclipse.justj.openjdk.hotspot.jre.full.win32.x86_64_17.0.2.v20220201-1208\jre\bin\msvcp140.dll
0x00007ffe0a430000 - 0x00007ffe0b077000 	C:\Users\yalle\AppData\Roaming\Microsoft\Windows\Start Menu\Programs\Eclipse\plugins\org.eclipse.justj.openjdk.hotspot.jre.full.win32.x86_64_17.0.2.v20220201-1208\jre\bin\server\jvm.dll
0x00007ffe5b8a0000 - 0x00007ffe5b94e000 	C:\WINDOWS\System32\ADVAPI32.dll
0x00007ffe5a960000 - 0x00007ffe5a9fc000 	C:\WINDOWS\System32\sechost.dll
0x00007ffe5b160000 - 0x00007ffe5b285000 	C:\WINDOWS\System32\RPCRT4.dll
0x00007ffe5bab0000 - 0x00007ffe5bab8000 	C:\WINDOWS\System32\PSAPI.DLL
0x00007ffe4d610000 - 0x00007ffe4d637000 	C:\WINDOWS\SYSTEM32\WINMM.dll
0x00007ffe54c10000 - 0x00007ffe54c1a000 	C:\WINDOWS\SYSTEM32\VERSION.dll
0x00007ffe49580000 - 0x00007ffe49589000 	C:\WINDOWS\SYSTEM32\WSOCK32.dll
0x00007ffe5c230000 - 0x00007ffe5c29b000 	C:\WINDOWS\System32\WS2_32.dll
0x00007ffe58660000 - 0x00007ffe58672000 	C:\WINDOWS\SYSTEM32\kernel.appcore.dll
0x00007ffe55c30000 - 0x00007ffe55c3a000 	C:\Users\yalle\AppData\Roaming\Microsoft\Windows\Start Menu\Programs\Eclipse\plugins\org.eclipse.justj.openjdk.hotspot.jre.full.win32.x86_64_17.0.2.v20220201-1208\jre\bin\jimage.dll
0x00007ffe58170000 - 0x00007ffe58354000 	C:\WINDOWS\SYSTEM32\DBGHELP.DLL
0x00007ffe52030000 - 0x00007ffe5205c000 	C:\WINDOWS\SYSTEM32\dbgcore.DLL
0x00007ffe59ce0000 - 0x00007ffe59d62000 	C:\WINDOWS\System32\bcryptPrimitives.dll
0x00007ffe36840000 - 0x00007ffe3687b000 	C:\Users\yalle\AppData\Roaming\Microsoft\Windows\Start Menu\Programs\Eclipse\plugins\org.eclipse.justj.openjdk.hotspot.jre.full.win32.x86_64_17.0.2.v20220201-1208\jre\bin\jdwp.dll
0x00007ffe3e610000 - 0x00007ffe3e61e000 	C:\Users\yalle\AppData\Roaming\Microsoft\Windows\Start Menu\Programs\Eclipse\plugins\org.eclipse.justj.openjdk.hotspot.jre.full.win32.x86_64_17.0.2.v20220201-1208\jre\bin\instrument.dll
0x00007ffe39ba0000 - 0x00007ffe39bc5000 	C:\Users\yalle\AppData\Roaming\Microsoft\Windows\Start Menu\Programs\Eclipse\plugins\org.eclipse.justj.openjdk.hotspot.jre.full.win32.x86_64_17.0.2.v20220201-1208\jre\bin\java.dll
0x00007ffe50e50000 - 0x00007ffe50e68000 	C:\Users\yalle\AppData\Roaming\Microsoft\Windows\Start Menu\Programs\Eclipse\plugins\org.eclipse.justj.openjdk.hotspot.jre.full.win32.x86_64_17.0.2.v20220201-1208\jre\bin\zip.dll
0x00007ffe5bac0000 - 0x00007ffe5c203000 	C:\WINDOWS\System32\SHELL32.dll
0x00007ffe577b0000 - 0x00007ffe57f42000 	C:\WINDOWS\SYSTEM32\windows.storage.dll
0x00007ffe5b290000 - 0x00007ffe5b5e4000 	C:\WINDOWS\System32\combase.dll
0x00007ffe59550000 - 0x00007ffe59580000 	C:\WINDOWS\SYSTEM32\Wldp.dll
0x00007ffe5b5f0000 - 0x00007ffe5b69d000 	C:\WINDOWS\System32\SHCORE.dll
0x00007ffe5add0000 - 0x00007ffe5ae25000 	C:\WINDOWS\System32\shlwapi.dll
0x00007ffe59a50000 - 0x00007ffe59a6f000 	C:\WINDOWS\SYSTEM32\profapi.dll
0x00007ffe3e600000 - 0x00007ffe3e60c000 	C:\Users\yalle\AppData\Roaming\Microsoft\Windows\Start Menu\Programs\Eclipse\plugins\org.eclipse.justj.openjdk.hotspot.jre.full.win32.x86_64_17.0.2.v20220201-1208\jre\bin\dt_socket.dll
0x00007ffe58ea0000 - 0x00007ffe58edb000 	C:\WINDOWS\SYSTEM32\IPHLPAPI.DLL
0x00007ffe59190000 - 0x00007ffe591fa000 	C:\WINDOWS\system32\mswsock.dll
0x00007ffe58ee0000 - 0x00007ffe58faa000 	C:\WINDOWS\SYSTEM32\DNSAPI.dll
0x00007ffe5b830000 - 0x00007ffe5b838000 	C:\WINDOWS\System32\NSI.dll
0x00007ffe4efc0000 - 0x00007ffe4efca000 	C:\Windows\System32\rasadhlp.dll
0x00007ffe51330000 - 0x00007ffe513b0000 	C:\WINDOWS\System32\fwpuclnt.dll
0x00007ffe5a120000 - 0x00007ffe5a147000 	C:\WINDOWS\System32\bcrypt.dll
0x00007ffe50380000 - 0x00007ffe50399000 	C:\Users\yalle\AppData\Roaming\Microsoft\Windows\Start Menu\Programs\Eclipse\plugins\org.eclipse.justj.openjdk.hotspot.jre.full.win32.x86_64_17.0.2.v20220201-1208\jre\bin\net.dll
0x00007ffe50880000 - 0x00007ffe5098c000 	C:\WINDOWS\SYSTEM32\WINHTTP.dll
0x00007ffe50350000 - 0x00007ffe50365000 	C:\Users\yalle\AppData\Roaming\Microsoft\Windows\Start Menu\Programs\Eclipse\plugins\org.eclipse.justj.openjdk.hotspot.jre.full.win32.x86_64_17.0.2.v20220201-1208\jre\bin\nio.dll
0x00007ffe557d0000 - 0x00007ffe557e0000 	C:\Users\yalle\AppData\Roaming\Microsoft\Windows\Start Menu\Programs\Eclipse\plugins\org.eclipse.justj.openjdk.hotspot.jre.full.win32.x86_64_17.0.2.v20220201-1208\jre\bin\verify.dll
0x00007ffe52370000 - 0x00007ffe52387000 	C:\WINDOWS\SYSTEM32\dhcpcsvc6.DLL
0x00007ffe52b60000 - 0x00007ffe52b7d000 	C:\WINDOWS\SYSTEM32\dhcpcsvc.DLL

dbghelp: loaded successfully - version: 4.0.5 - missing functions: none
symbol engine: initialized successfully - sym options: 0x614 - pdb path: .;C:\Users\yalle\AppData\Roaming\Microsoft\Windows\Start Menu\Programs\Eclipse\plugins\org.eclipse.justj.openjdk.hotspot.jre.full.win32.x86_64_17.0.2.v20220201-1208\jre\bin;C:\WINDOWS\SYSTEM32;C:\WINDOWS\WinSxS\amd64_microsoft.windows.common-controls_6595b64144ccf1df_6.0.19041.1110_none_60b5254171f9507e;C:\Users\yalle\AppData\Roaming\Microsoft\Windows\Start Menu\Programs\Eclipse\plugins\org.eclipse.justj.openjdk.hotspot.jre.full.win32.x86_64_17.0.2.v20220201-1208\jre\bin\server

VM Arguments:
jvm_args: -XX:+ShowCodeDetailsInExceptionMessages -agentlib:jdwp=transport=dt_socket,suspend=y,address=localhost:51301 -ea -javaagent:C:\Users\yalle\AppData\Roaming\Microsoft\Windows\Start Menu\Programs\Eclipse\configuration\org.eclipse.osgi\422\0\.cp\lib\javaagent-shaded.jar -Dfile.encoding=Cp1252 
java_command: org.eclipse.jdt.internal.junit.runner.RemoteTestRunner -version 3 -port 51300 -testLoaderClass org.eclipse.jdt.internal.junit4.runner.JUnit4TestLoader -loaderpluginname org.eclipse.jdt.junit4.runtime -classNames adt.linkedList.StudentDoubleLinkedListTest
java_class_path (initial): C:\Users\yalle\Desktop\Roteiros LEDA\Roteiro_6\target\test-classes;C:\Users\yalle\Desktop\Roteiros LEDA\Roteiro_6\target\classes;C:\Users\yalle\.m2\repository\junit\junit\4.13.1\junit-4.13.1.jar;C:\Users\yalle\.m2\repository\org\hamcrest\hamcrest-core\1.3\hamcrest-core-1.3.jar;C:\Users\yalle\AppData\Roaming\Microsoft\Windows\Start Menu\Programs\Eclipse\configuration\org.eclipse.osgi\420\0\.cp;C:\Users\yalle\AppData\Roaming\Microsoft\Windows\Start Menu\Programs\Eclipse\configuration\org.eclipse.osgi\419\0\.cp
Launcher Type: SUN_STANDARD

[Global flags]
     intx CICompilerCount                          = 4                                         {product} {ergonomic}
     uint ConcGCThreads                            = 2                                         {product} {ergonomic}
     uint G1ConcRefinementThreads                  = 8                                         {product} {ergonomic}
   size_t G1HeapRegionSize                         = 1048576                                   {product} {ergonomic}
    uintx GCDrainStackTargetSize                   = 64                                        {product} {ergonomic}
   size_t InitialHeapSize                          = 132120576                                 {product} {ergonomic}
   size_t MarkStackSize                            = 4194304                                   {product} {ergonomic}
   size_t MaxHeapSize                              = 2095054848                                {product} {ergonomic}
   size_t MaxNewSize                               = 1256194048                                {product} {ergonomic}
   size_t MinHeapDeltaBytes                        = 1048576                                   {product} {ergonomic}
   size_t MinHeapSize                              = 8388608                                   {product} {ergonomic}
    uintx NonNMethodCodeHeapSize                   = 5839372                                {pd product} {ergonomic}
    uintx NonProfiledCodeHeapSize                  = 122909434                              {pd product} {ergonomic}
    uintx ProfiledCodeHeapSize                     = 122909434                              {pd product} {ergonomic}
    uintx ReservedCodeCacheSize                    = 251658240                              {pd product} {ergonomic}
     bool SegmentedCodeCache                       = true                                      {product} {ergonomic}
     bool ShowCodeDetailsInExceptionMessages       = true                                   {manageable} {command line}
   size_t SoftMaxHeapSize                          = 2095054848                             {manageable} {ergonomic}
     bool UseCompressedClassPointers               = true                           {product lp64_product} {ergonomic}
     bool UseCompressedOops                        = true                           {product lp64_product} {ergonomic}
     bool UseG1GC                                  = true                                      {product} {ergonomic}
     bool UseLargePagesIndividualAllocation        = false                                  {pd product} {ergonomic}

Logging:
Log output configuration:
 #0: stdout all=warning uptime,level,tags
 #1: stderr all=off uptime,level,tags

Environment Variables:
PATH=C:\Users\yalle\AppData\Roaming\Microsoft\Windows\Start Menu\Programs\Eclipse\plugins\org.eclipse.justj.openjdk.hotspot.jre.full.win32.x86_64_17.0.2.v20220201-1208\jre\bin;C:/Users/yalle/AppData/Roaming/Microsoft/Windows/Start Menu/Programs/Eclipse//plugins/org.eclipse.justj.openjdk.hotspot.jre.full.win32.x86_64_17.0.2.v20220201-1208/jre/bin/server;C:/Users/yalle/AppData/Roaming/Microsoft/Windows/Start Menu/Programs/Eclipse//plugins/org.eclipse.justj.openjdk.hotspot.jre.full.win32.x86_64_17.0.2.v20220201-1208/jre/bin;C:\Program Files\Eclipse Adoptium\jdk-11.0.15.10-hotspot\bin;C:\Program Files\Common Files\Oracle\Java\javapath;C:\Program Files (x86)\Common Files\Oracle\Java\javapath;C:\WINDOWS\system32;C:\WINDOWS;C:\WINDOWS\System32\Wbem;C:\WINDOWS\System32\WindowsPowerShell\v1.0\;C:\WINDOWS\System32\OpenSSH\;C:\Users\yalle\AppData\Local\Programs\Python\Python310\Scripts\;C:\Users\yalle\AppData\Local\Programs\Python\Python310\;C:\Users\yalle\AppData\Local\Microsoft\WindowsApps;C:\Users\yalle\AppData\Local\Programs\Microsoft VS Code\bin;C:\Users\yalle\AppData\Local\GitHubDesktop\bin;C:\apache-maven-3.8.6\bin;;C:\Users\yalle\AppData\Roaming\Microsoft\Windows\Start Menu\Programs\Eclipse;
USERNAME=yalle
OS=Windows_NT
PROCESSOR_IDENTIFIER=Intel64 Family 6 Model 126 Stepping 5, GenuineIntel



---------------  S Y S T E M  ---------------

OS:
 Windows 10 , 64 bit Build 19041 (10.0.19041.2251)
OS uptime: 4 days 15:35 hours
Hyper-V role detected

CPU: total 8 (initial active 8) (4 cores per cpu, 2 threads per core) family 6 model 126 stepping 5 microcode 0xa8, cx8, cmov, fxsr, ht, mmx, 3dnowpref, sse, sse2, sse3, ssse3, sse4.1, sse4.2, popcnt, lzcnt, tsc, tscinvbit, avx, avx2, aes, erms, clmul, bmi1, bmi2, adx, avx512f, avx512dq, avx512cd, avx512bw, avx512vl, sha, fma, vzeroupper, avx512_vpopcntdq, avx512_vpclmulqdq, avx512_vaes, avx512_vnni, clflush, clflushopt, avx512_vbmi2, avx512_vbmi, hv

Memory: 4k page, system-wide physical 7987M (1745M free)
TotalPageFile size 19843M (AvailPageFile size 9331M)
current process WorkingSet (physical memory assigned to process): 56M, peak: 63M
current process commit charge ("private bytes"): 211M, peak: 218M

vm_info: OpenJDK 64-Bit Server VM (17.0.2+8) for windows-amd64 JRE (17.0.2+8), built on Jan 20 2022 04:52:34 by "" with MS VC++ 16.7 (VS2019)

END.
