<?xml version="1.0" encoding="UTF-8" standalone="no"?>
<!DOCTYPE log SYSTEM "logger.dtd">
<log>
<record>
  <date>2022-10-24T16:06:14.977-0300</date>
  <logger>YALLE ROCHA SILVA</logger>
  <level>FINE</level>
  <message>File 121110387-YALLE ROCHA SILVA.zip was received. It was sent by YALLE ROCHA SILVA from IP 192.168.0.107 at 24-10-2022 16*06*14</message>
</record>
</log>
<?xml version="1.0" encoding="UTF-8" standalone="no"?>
<!DOCTYPE log SYSTEM "logger.dtd">
<log>
<record>
  <date>2022-10-24T18:00:07.322-0300</date>
  <logger>YALLE ROCHA SILVA</logger>
  <level>FINE</level>
  <message>File 121110387-YALLE ROCHA SILVA.zip was received. It was sent by YALLE ROCHA SILVA from IP 192.168.0.107 at 24-10-2022 18*00*07</message>
</record>
</log>
<?xml version="1.0" encoding="UTF-8" standalone="no"?>
<!DOCTYPE log SYSTEM "logger.dtd">
<log>
<record>
  <date>2022-10-25T01:21:42.530-0300</date>
  <logger>YALLE ROCHA SILVA</logger>
  <level>FINE</level>
  <message>File 121110387-YALLE ROCHA SILVA.zip was received. It was sent by YALLE ROCHA SILVA from IP 192.168.0.107 at 25-10-2022 01*21*42</message>
</record>
</log>
<?xml version="1.0" encoding="UTF-8" standalone="no"?>
<!DOCTYPE log SYSTEM "logger.dtd">
<log>
<record>
  <date>2022-10-25T05:11:53.444-0300</date>
  <logger>YALLE ROCHA SILVA</logger>
  <level>FINE</level>
  <message>File 121110387-YALLE ROCHA SILVA.zip was received. It was sent by YALLE ROCHA SILVA from IP 192.168.0.107 at 25-10-2022 05*11*53</message>
</record>
