#
# A fatal error has been detected by the Java Runtime Environment:
#
#  EXCEPTION_ACCESS_VIOLATION (0xc0000005) at pc=0x00007ff82b80d69a, pid=8956, tid=12860
#
# JRE version: OpenJDK Runtime Environment Temurin-17.0.2+8 (17.0.2+8) (build 17.0.2+8)
# Java VM: OpenJDK 64-Bit Server VM Temurin-17.0.2+8 (17.0.2+8, mixed mode, tiered, compressed oops, compressed class ptrs, g1 gc, windows-amd64)
# Problematic frame:
# V  [jvm.dll+0x79d69a]
#
# No core dump will be written. Minidumps are not enabled by default on client versions of Windows
#
# If you would like to submit a bug report, please visit:
#   https://github.com/adoptium/adoptium-support/issues
#

---------------  S U M M A R Y ------------

Command Line: -XX:+ShowCodeDetailsInExceptionMessages -agentlib:jdwp=transport=dt_socket,suspend=y,address=localhost:53370 -ea -javaagent:C:\Users\yalle\AppData\Roaming\Microsoft\Windows\Start Menu\Programs\Eclipse\configuration\org.eclipse.osgi\422\0\.cp\lib\javaagent-shaded.jar -Dfile.encoding=Cp1252 org.eclipse.jdt.internal.junit.runner.RemoteTestRunner -version 3 -port 53369 -testLoaderClass org.eclipse.jdt.internal.junit4.runner.JUnit4TestLoader -loaderpluginname org.eclipse.jdt.junit4.runtime -classNames adt.bst.StudentBSTTest

Host: Intel(R) Core(TM) i5-1035G1 CPU @ 1.00GHz, 8 cores, 7G,  Windows 10 , 64 bit Build 19041 (10.0.19041.2546)
Time: Fri Feb 24 20:50:22 2023 Hora oficial do Brasil elapsed time: 496.412347 seconds (0d 0h 8m 16s)

---------------  T H R E A D  ---------------

Current thread (0x0000014f59bf31a0):  JavaThread "JDWP Transport Listener: dt_socket" daemon [_thread_in_vm, id=12860, stack(0x0000001a0a900000,0x0000001a0aa00000)]

Stack: [0x0000001a0a900000,0x0000001a0aa00000],  sp=0x0000001a0a9ff480,  free space=1021k
Native frames: (J=compiled Java code, j=interpreted, Vv=VM code, C=native code)
V  [jvm.dll+0x79d69a]
V  [jvm.dll+0x50842c]
V  [jvm.dll+0x4cfa94]
C  [jdwp.dll+0x22dff]


siginfo: EXCEPTION_ACCESS_VIOLATION (0xc0000005), reading address 0x0000000000720055


Register to memory mapping:

RIP=0x00007ff82b80d69a jvm.dll
RAX=0x0000000000000073 is an unknown value
RBX=0x0000014f59947a54 points into unknown readable memory: 6e 67 2f 43
RCX=0x0000000000720051 is an unknown value
RDX=0x0000014f59bb5460 points into unknown readable memory: 0x7473622f7464614c | 4c 61 64 74 2f 62 73 74
RSP=0x0000001a0a9ff480 is pointing into the stack for thread: 0x0000014f59bf31a0
RBP=0x0000014f59b696c0 points into unknown readable memory: 0x0000000000000002 | 02 00 00 00 00 00 00 00
RSI=0x0 is NULL
RDI=0xffffffffffffffff is an unknown value
R8 =0x0000000000000007 is an unknown value
R9 =0x0000000000000013 is an unknown value
R10=0x0 is NULL
R11=0x0000001a0a9ff4a0 is pointing into the stack for thread: 0x0000014f59bf31a0
R12=0x0000001a0a9ff5d8 is pointing into the stack for thread: 0x0000014f59bf31a0
R13=0x0 is NULL
R14=0x000000010011bb00 is a pointer to class: 
adt.bst.SimpleBSTManipulationImpl {0x000000010011bb08}
 - instance size:     2
 - klass size:        72
 - access:            public synchronized 
 - state:             fully_initialized
 - name:              'adt/bst/SimpleBSTManipulationImpl'
 - super:             'java/lang/Object'
 - sub:               
 - arrays:            NULL
 - methods:           Array<T>(0x0000014f5af11af8)
 - method ordering:   Array<T>(0x0000014f5af124a0)
 - default_methods:   Array<T>(0x0000000000000000)
 - local interfaces:  Array<T>(0x0000014f5af06f40)
 - trans. interfaces: Array<T>(0x0000014f5af06f40)
 - constants:         constant pool [117] {0x0000014f5af12db8} for 'adt/bst/SimpleBSTManipulationImpl' cache=0x0000014f5af131e8
 - class loader data:  loader data: 0x0000014f58fed490 for instance a 'jdk/internal/loader/ClassLoaders$AppClassLoader'{0x000000008af643c0}
 - source file:       'SimpleBSTManipulationImpl.java'
 - source debug extension:       SMAP
SimpleBSTManipulationImpl.java
Java
*S jdt
*F
1 SimpleBSTManipulationImpl.java
2 file:/C:/Users/yalle/eclipse-workspace/Roteiro_8/target/classes/
*L
*E

 - class annotations:       Array<T>(0x0000000000000000)
 - class type annotations:  Array<T>(0x0000000000000000)
 - field annotations:       Array<T>(0x0000000000000000)
 - field type annotations:  Array<T>(0x0000000000000000)
 - previous version:  constant pool [113] {0x0000014f5af06b30} for 'adt/bst/SimpleBSTManipulationImpl' (extra) cache=0x0000014f5af07938
 - generic signature: '
[error occurred during error reporting (printing register info), id 0xc0000005, EXCEPTION_ACCESS_VIOLATION (0xc0000005) at pc=0x00007ff82b80e2a6]

Registers:
RAX=0x0000000000000073, RBX=0x0000014f59947a54, RCX=0x0000000000720051, RDX=0x0000014f59bb5460
RSP=0x0000001a0a9ff480, RBP=0x0000014f59b696c0, RSI=0x0000000000000000, RDI=0xffffffffffffffff
R8 =0x0000000000000007, R9 =0x0000000000000013, R10=0x0000000000000000, R11=0x0000001a0a9ff4a0
R12=0x0000001a0a9ff5d8, R13=0x0000000000000000, R14=0x000000010011bb00, R15=0x0000001a0a9ff628
RIP=0x00007ff82b80d69a, EFLAGS=0x0000000000010202

Top of Stack: (sp=0x0000001a0a9ff480)
0x0000001a0a9ff480:   0000000000000021 000000010011bb00
0x0000001a0a9ff490:   0000014f59bf31a0 0000000000000000
0x0000001a0a9ff4a0:   ffffffffffffffff 00007ff82b57842c
0x0000001a0a9ff4b0:   0000014f59947a54 0000014f59947a30
0x0000001a0a9ff4c0:   0000014f59b696c0 0000014f5a1b4f10
0x0000001a0a9ff4d0:   0000014f599479f0 00000000000003d8
0x0000001a0a9ff4e0:   0000014f59947a00 0000014f59947dd8
0x0000001a0a9ff4f0:   0000000000000002 0000001a0a9ff5d8
0x0000001a0a9ff500:   0000000000000000 0000000000000000
0x0000001a0a9ff510:   000000008a365770 00007ff82b53fa94
0x0000001a0a9ff520:   0000014f59bf31a0 0000001a0a9ff628
0x0000001a0a9ff530:   0000014f3d16edd0 0000001a0a9ff628
0x0000001a0a9ff540:   0000014f59bf31a0 0000000000000000
0x0000001a0a9ff550:   0000014f00000000 0000000000000000
0x0000001a0a9ff560:   000000000000000d 00007ff85d4b2dff
0x0000001a0a9ff570:   0000001a0a9ff620 00007ff85d4c1aa0 

Instructions: (pc=0x00007ff82b80d69a)
0x00007ff82b80d59a:   48 83 c4 20 5f e9 4c 8d 90 ff cc cc cc cc cc cc
0x00007ff82b80d5aa:   cc cc cc cc cc cc 48 89 5c 24 08 57 48 83 ec 20
0x00007ff82b80d5ba:   83 fa 02 8d 42 06 b9 08 00 00 00 49 8b d8 0f 4e
0x00007ff82b80d5ca:   c1 48 63 c8 48 83 c1 07 83 e1 f8 48 63 f9 49 8b
0x00007ff82b80d5da:   48 18 48 8b c7 48 f7 d0 48 3b c1 73 16 4c 8d 05
0x00007ff82b80d5ea:   da 4c 17 00 48 8b d7 48 8b cb e8 57 f0 90 ff 48
0x00007ff82b80d5fa:   8b 4b 18 48 8d 04 39 48 3b 43 20 76 18 45 33 c0
0x00007ff82b80d60a:   48 8b d7 48 8b cb 48 8b 5c 24 30 48 83 c4 20 5f
0x00007ff82b80d61a:   e9 b1 ec 90 ff 48 89 43 18 48 8b c1 48 8b 5c 24
0x00007ff82b80d62a:   30 48 83 c4 20 5f c3 cc cc cc cc cc cc cc cc cc
0x00007ff82b80d63a:   cc cc cc cc cc cc 4c 8b d2 4c 8b d9 45 85 c0 7e
0x00007ff82b80d64a:   3c 44 0f b7 49 04 41 8d 40 ff 41 3b c1 44 0f 4c
0x00007ff82b80d65a:   c8 4d 63 c1 45 85 c9 7e 1f 48 8b c2 4c 2b da 49
0x00007ff82b80d66a:   8b d0 0f 1f 40 00 41 0f b6 4c 03 06 88 08 48 8d
0x00007ff82b80d67a:   40 01 48 83 ea 01 75 ee 43 c6 04 10 00 49 8b c2
0x00007ff82b80d68a:   c3 cc cc cc cc cc 48 89 5c 24 08 57 48 83 ec 20
0x00007ff82b80d69a:   0f b7 59 04 48 8b f9 33 d2 48 8d 4b 01 e8 84 df
0x00007ff82b80d6aa:   f2 ff 0f b7 57 04 4c 8b c0 3b da 0f 42 d3 44 8b
0x00007ff82b80d6ba:   ca 85 d2 74 39 48 2b f8 0f 1f 40 00 66 66 0f 1f
0x00007ff82b80d6ca:   84 00 00 00 00 00 0f b6 4c 07 06 88 08 48 ff c0
0x00007ff82b80d6da:   48 8b c8 49 2b c8 49 3b c9 7c eb 42 c6 04 02 00
0x00007ff82b80d6ea:   49 8b c0 48 8b 5c 24 30 48 83 c4 20 5f c3 48 8b
0x00007ff82b80d6fa:   5c 24 30 c6 04 02 00 48 83 c4 20 5f c3 cc cc cc
0x00007ff82b80d70a:   cc cc cc cc cc cc 4c 8b d1 45 85 c0 7e 6c 44 0f
0x00007ff82b80d71a:   b7 49 04 41 8d 40 ff 41 3b c1 44 0f 4c c8 4d 63
0x00007ff82b80d72a:   d9 45 85 c9 7e 22 48 8b ca 4c 2b d2 4d 8b c3 0f
0x00007ff82b80d73a:   1f 80 00 00 00 00 41 0f b6 44 0a 06 88 01 48 8d
0x00007ff82b80d74a:   49 01 49 83 e8 01 75 ee 41 c6 04 13 00 48 c7 c0
0x00007ff82b80d75a:   ff ff ff ff 66 90 48 ff c0 80 3c 02 00 75 f7 48
0x00007ff82b80d76a:   63 c8 85 c0 48 8b c2 7e 14 80 38 2f 75 03 c6 00
0x00007ff82b80d77a:   2e 48 ff c0 48 83 e9 01 75 ef 48 8b c2 c3 cc cc
0x00007ff82b80d78a:   cc cc cc cc cc cc 48 83 ec 28 e8 f7 fe ff ff 4c 


Stack slot to memory mapping:
stack at sp + 0 slots: 0x0000000000000021 is an unknown value
stack at sp + 1 slots: 0x000000010011bb00 is a pointer to class: 
adt.bst.SimpleBSTManipulationImpl {0x000000010011bb08}
 - instance size:     2
 - klass size:        72
 - access:            public synchronized 
 - state:             fully_initialized
 - name:              'adt/bst/SimpleBSTManipulationImpl'
 - super:             'java/lang/Object'
 - sub:               
 - arrays:            NULL
 - methods:           Array<T>(0x0000014f5af11af8)
 - method ordering:   Array<T>(0x0000014f5af124a0)
 - default_methods:   Array<T>(0x0000000000000000)
 - local interfaces:  Array<T>(0x0000014f5af06f40)
 - trans. interfaces: Array<T>(0x0000014f5af06f40)
 - constants:         constant pool [117] {0x0000014f5af12db8} for 'adt/bst/SimpleBSTManipulationImpl' cache=0x0000014f5af131e8
 - class loader data:  loader data: 0x0000014f58fed490 for instance a 'jdk/internal/loader/ClassLoaders$AppClassLoader'{0x000000008af643c0}
 - source file:       'SimpleBSTManipulationImpl.java'
 - source debug extension:       SMAP
SimpleBSTManipulationImpl.java
Java
*S jdt
*F
1 SimpleBSTManipulationImpl.java
2 file:/C:/Users/yalle/eclipse-workspace/Roteiro_8/target/classes/
*L
*E

 - class annotations:       Array<T>(0x0000000000000000)
 - class type annotations:  Array<T>(0x0000000000000000)
 - field annotations:       Array<T>(0x0000000000000000)
 - field type annotations:  Array<T>(0x0000000000000000)
 - previous version:  constant pool [113] {0x0000014f5af06b30} for 'adt/bst/SimpleBSTManipulationImpl' (extra) cache=0x0000014f5af07938
 - generic signature: '
[error occurred during error reporting (inspecting top of stack), id 0xc0000005, EXCEPTION_ACCESS_VIOLATION (0xc0000005) at pc=0x00007ff82b80e2a6]


---------------  P R O C E S S  ---------------

Threads class SMR info:
_java_thread_list=0x0000014f5a662d80, length=16, elements={
0x0000014f3f131fd0, 0x0000014f58f89ca0, 0x0000014f58f8a790, 0x0000014f58fe3870,
0x0000014f58fe4220, 0x0000014f58fe7bf0, 0x0000014f58fe85a0, 0x0000014f59944890,
0x0000014f59945330, 0x0000014f59945d20, 0x0000014f59a64010, 0x0000014f59bf31a0,
0x0000014f59c611a0, 0x0000014f59c61880, 0x0000014f5a0dfb80, 0x0000014f5a40b1e0
}

Java Threads: ( => current thread )
  0x0000014f3f131fd0 JavaThread "main" [_thread_blocked, id=12896, stack(0x0000001a09800000,0x0000001a09900000)]
  0x0000014f58f89ca0 JavaThread "Reference Handler" daemon [_thread_blocked, id=14400, stack(0x0000001a09f00000,0x0000001a0a000000)]
  0x0000014f58f8a790 JavaThread "Finalizer" daemon [_thread_blocked, id=7804, stack(0x0000001a0a000000,0x0000001a0a100000)]
  0x0000014f58fe3870 JavaThread "Signal Dispatcher" daemon [_thread_blocked, id=11180, stack(0x0000001a0a100000,0x0000001a0a200000)]
  0x0000014f58fe4220 JavaThread "Attach Listener" daemon [_thread_blocked, id=19592, stack(0x0000001a0a200000,0x0000001a0a300000)]
  0x0000014f58fe7bf0 JavaThread "Service Thread" daemon [_thread_blocked, id=20696, stack(0x0000001a0a300000,0x0000001a0a400000)]
  0x0000014f58fe85a0 JavaThread "Monitor Deflation Thread" daemon [_thread_blocked, id=8884, stack(0x0000001a0a400000,0x0000001a0a500000)]
  0x0000014f59944890 JavaThread "C2 CompilerThread0" daemon [_thread_blocked, id=17224, stack(0x0000001a0a500000,0x0000001a0a600000)]
  0x0000014f59945330 JavaThread "C1 CompilerThread0" daemon [_thread_blocked, id=6304, stack(0x0000001a0a600000,0x0000001a0a700000)]
  0x0000014f59945d20 JavaThread "Sweeper thread" daemon [_thread_blocked, id=13116, stack(0x0000001a0a700000,0x0000001a0a800000)]
  0x0000014f59a64010 JavaThread "Common-Cleaner" daemon [_thread_blocked, id=3584, stack(0x0000001a0a800000,0x0000001a0a900000)]
=>0x0000014f59bf31a0 JavaThread "JDWP Transport Listener: dt_socket" daemon [_thread_in_vm, id=12860, stack(0x0000001a0a900000,0x0000001a0aa00000)]
  0x0000014f59c611a0 JavaThread "JDWP Event Helper Thread" daemon [_thread_blocked, id=4164, stack(0x0000001a0aa00000,0x0000001a0ab00000)]
  0x0000014f59c61880 JavaThread "JDWP Command Reader" daemon [_thread_in_native, id=14320, stack(0x0000001a0ab00000,0x0000001a0ac00000)]
  0x0000014f5a0dfb80 JavaThread "Notification Thread" daemon [_thread_blocked, id=12756, stack(0x0000001a0ac00000,0x0000001a0ad00000)]
  0x0000014f5a40b1e0 JavaThread "ReaderThread" [_thread_in_native, id=17644, stack(0x0000001a0af00000,0x0000001a0b000000)]

Other Threads:
  0x0000014f58fa5d10 VMThread "VM Thread" [stack: 0x0000001a09e00000,0x0000001a09f00000] [id=9328]
  0x0000014f3f18d320 WatcherThread [stack: 0x0000001a0ad00000,0x0000001a0ae00000] [id=9320]
  0x0000014f3f1714c0 GCTaskThread "GC Thread#0" [stack: 0x0000001a09900000,0x0000001a09a00000] [id=19184]
  0x0000014f3f181dc0 ConcurrentGCThread "G1 Main Marker" [stack: 0x0000001a09a00000,0x0000001a09b00000] [id=1800]
  0x0000014f3f1827d0 ConcurrentGCThread "G1 Conc#0" [stack: 0x0000001a09b00000,0x0000001a09c00000] [id=9000]
  0x0000014f58e00090 ConcurrentGCThread "G1 Refine#0" [stack: 0x0000001a09c00000,0x0000001a09d00000] [id=12716]
  0x0000014f58e009b0 ConcurrentGCThread "G1 Service" [stack: 0x0000001a09d00000,0x0000001a09e00000] [id=20056]

Threads with active compile tasks:

VM state: not at safepoint (normal execution)

VM Mutex/Monitor currently owned by a thread: None

Heap address: 0x0000000083200000, size: 1998 MB, Compressed Oops mode: 32-bit

CDS archive(s) not mapped
Compressed class space mapped at: 0x0000000100000000-0x0000000140000000, reserved size: 1073741824
Narrow klass base: 0x0000000000000000, Narrow klass shift: 3, Narrow klass range: 0x140000000

GC Precious Log:
 CPUs: 8 total, 8 available
 Memory: 7987M
 Large Page Support: Disabled
 NUMA Support: Disabled
 Compressed Oops: Enabled (32-bit)
 Heap Region Size: 1M
 Heap Min Capacity: 8M
 Heap Initial Capacity: 126M
 Heap Max Capacity: 1998M
 Pre-touch: Disabled
 Parallel Workers: 8
 Concurrent Workers: 2
 Concurrent Refinement Workers: 8
 Periodic GC: Disabled

Heap:
 garbage-first heap   total 129024K, used 12288K [0x0000000083200000, 0x0000000100000000)
  region size 1024K, 13 young (13312K), 0 survivors (0K)
 Metaspace       used 11426K, committed 11584K, reserved 1064960K
  class space    used 1039K, committed 1088K, reserved 1048576K

Heap Regions: E=young(eden), S=young(survivor), O=old, HS=humongous(starts), HC=humongous(continues), CS=collection set, F=free, OA=open archive, CA=closed archive, TAMS=top-at-mark-start (previous, next)
|   0|0x0000000083200000, 0x0000000083200000, 0x0000000083300000|  0%| F|  |TAMS 0x0000000083200000, 0x0000000083200000| Untracked 
|   1|0x0000000083300000, 0x0000000083300000, 0x0000000083400000|  0%| F|  |TAMS 0x0000000083300000, 0x0000000083300000| Untracked 
|   2|0x0000000083400000, 0x0000000083400000, 0x0000000083500000|  0%| F|  |TAMS 0x0000000083400000, 0x0000000083400000| Untracked 
|   3|0x0000000083500000, 0x0000000083500000, 0x0000000083600000|  0%| F|  |TAMS 0x0000000083500000, 0x0000000083500000| Untracked 
|   4|0x0000000083600000, 0x0000000083600000, 0x0000000083700000|  0%| F|  |TAMS 0x0000000083600000, 0x0000000083600000| Untracked 
|   5|0x0000000083700000, 0x0000000083700000, 0x0000000083800000|  0%| F|  |TAMS 0x0000000083700000, 0x0000000083700000| Untracked 
|   6|0x0000000083800000, 0x0000000083800000, 0x0000000083900000|  0%| F|  |TAMS 0x0000000083800000, 0x0000000083800000| Untracked 
|   7|0x0000000083900000, 0x0000000083900000, 0x0000000083a00000|  0%| F|  |TAMS 0x0000000083900000, 0x0000000083900000| Untracked 
|   8|0x0000000083a00000, 0x0000000083a00000, 0x0000000083b00000|  0%| F|  |TAMS 0x0000000083a00000, 0x0000000083a00000| Untracked 
|   9|0x0000000083b00000, 0x0000000083b00000, 0x0000000083c00000|  0%| F|  |TAMS 0x0000000083b00000, 0x0000000083b00000| Untracked 
|  10|0x0000000083c00000, 0x0000000083c00000, 0x0000000083d00000|  0%| F|  |TAMS 0x0000000083c00000, 0x0000000083c00000| Untracked 
|  11|0x0000000083d00000, 0x0000000083d00000, 0x0000000083e00000|  0%| F|  |TAMS 0x0000000083d00000, 0x0000000083d00000| Untracked 
|  12|0x0000000083e00000, 0x0000000083e00000, 0x0000000083f00000|  0%| F|  |TAMS 0x0000000083e00000, 0x0000000083e00000| Untracked 
|  13|0x0000000083f00000, 0x0000000083f00000, 0x0000000084000000|  0%| F|  |TAMS 0x0000000083f00000, 0x0000000083f00000| Untracked 
|  14|0x0000000084000000, 0x0000000084000000, 0x0000000084100000|  0%| F|  |TAMS 0x0000000084000000, 0x0000000084000000| Untracked 
|  15|0x0000000084100000, 0x0000000084100000, 0x0000000084200000|  0%| F|  |TAMS 0x0000000084100000, 0x0000000084100000| Untracked 
|  16|0x0000000084200000, 0x0000000084200000, 0x0000000084300000|  0%| F|  |TAMS 0x0000000084200000, 0x0000000084200000| Untracked 
|  17|0x0000000084300000, 0x0000000084300000, 0x0000000084400000|  0%| F|  |TAMS 0x0000000084300000, 0x0000000084300000| Untracked 
|  18|0x0000000084400000, 0x0000000084400000, 0x0000000084500000|  0%| F|  |TAMS 0x0000000084400000, 0x0000000084400000| Untracked 
|  19|0x0000000084500000, 0x0000000084500000, 0x0000000084600000|  0%| F|  |TAMS 0x0000000084500000, 0x0000000084500000| Untracked 
|  20|0x0000000084600000, 0x0000000084600000, 0x0000000084700000|  0%| F|  |TAMS 0x0000000084600000, 0x0000000084600000| Untracked 
|  21|0x0000000084700000, 0x0000000084700000, 0x0000000084800000|  0%| F|  |TAMS 0x0000000084700000, 0x0000000084700000| Untracked 
|  22|0x0000000084800000, 0x0000000084800000, 0x0000000084900000|  0%| F|  |TAMS 0x0000000084800000, 0x0000000084800000| Untracked 
|  23|0x0000000084900000, 0x0000000084900000, 0x0000000084a00000|  0%| F|  |TAMS 0x0000000084900000, 0x0000000084900000| Untracked 
|  24|0x0000000084a00000, 0x0000000084a00000, 0x0000000084b00000|  0%| F|  |TAMS 0x0000000084a00000, 0x0000000084a00000| Untracked 
|  25|0x0000000084b00000, 0x0000000084b00000, 0x0000000084c00000|  0%| F|  |TAMS 0x0000000084b00000, 0x0000000084b00000| Untracked 
|  26|0x0000000084c00000, 0x0000000084c00000, 0x0000000084d00000|  0%| F|  |TAMS 0x0000000084c00000, 0x0000000084c00000| Untracked 
|  27|0x0000000084d00000, 0x0000000084d00000, 0x0000000084e00000|  0%| F|  |TAMS 0x0000000084d00000, 0x0000000084d00000| Untracked 
|  28|0x0000000084e00000, 0x0000000084e00000, 0x0000000084f00000|  0%| F|  |TAMS 0x0000000084e00000, 0x0000000084e00000| Untracked 
|  29|0x0000000084f00000, 0x0000000084f00000, 0x0000000085000000|  0%| F|  |TAMS 0x0000000084f00000, 0x0000000084f00000| Untracked 
|  30|0x0000000085000000, 0x0000000085000000, 0x0000000085100000|  0%| F|  |TAMS 0x0000000085000000, 0x0000000085000000| Untracked 
|  31|0x0000000085100000, 0x0000000085100000, 0x0000000085200000|  0%| F|  |TAMS 0x0000000085100000, 0x0000000085100000| Untracked 
|  32|0x0000000085200000, 0x0000000085200000, 0x0000000085300000|  0%| F|  |TAMS 0x0000000085200000, 0x0000000085200000| Untracked 
|  33|0x0000000085300000, 0x0000000085300000, 0x0000000085400000|  0%| F|  |TAMS 0x0000000085300000, 0x0000000085300000| Untracked 
|  34|0x0000000085400000, 0x0000000085400000, 0x0000000085500000|  0%| F|  |TAMS 0x0000000085400000, 0x0000000085400000| Untracked 
|  35|0x0000000085500000, 0x0000000085500000, 0x0000000085600000|  0%| F|  |TAMS 0x0000000085500000, 0x0000000085500000| Untracked 
|  36|0x0000000085600000, 0x0000000085600000, 0x0000000085700000|  0%| F|  |TAMS 0x0000000085600000, 0x0000000085600000| Untracked 
|  37|0x0000000085700000, 0x0000000085700000, 0x0000000085800000|  0%| F|  |TAMS 0x0000000085700000, 0x0000000085700000| Untracked 
|  38|0x0000000085800000, 0x0000000085800000, 0x0000000085900000|  0%| F|  |TAMS 0x0000000085800000, 0x0000000085800000| Untracked 
|  39|0x0000000085900000, 0x0000000085900000, 0x0000000085a00000|  0%| F|  |TAMS 0x0000000085900000, 0x0000000085900000| Untracked 
|  40|0x0000000085a00000, 0x0000000085a00000, 0x0000000085b00000|  0%| F|  |TAMS 0x0000000085a00000, 0x0000000085a00000| Untracked 
|  41|0x0000000085b00000, 0x0000000085b00000, 0x0000000085c00000|  0%| F|  |TAMS 0x0000000085b00000, 0x0000000085b00000| Untracked 
|  42|0x0000000085c00000, 0x0000000085c00000, 0x0000000085d00000|  0%| F|  |TAMS 0x0000000085c00000, 0x0000000085c00000| Untracked 
|  43|0x0000000085d00000, 0x0000000085d00000, 0x0000000085e00000|  0%| F|  |TAMS 0x0000000085d00000, 0x0000000085d00000| Untracked 
|  44|0x0000000085e00000, 0x0000000085e00000, 0x0000000085f00000|  0%| F|  |TAMS 0x0000000085e00000, 0x0000000085e00000| Untracked 
|  45|0x0000000085f00000, 0x0000000085f00000, 0x0000000086000000|  0%| F|  |TAMS 0x0000000085f00000, 0x0000000085f00000| Untracked 
|  46|0x0000000086000000, 0x0000000086000000, 0x0000000086100000|  0%| F|  |TAMS 0x0000000086000000, 0x0000000086000000| Untracked 
|  47|0x0000000086100000, 0x0000000086100000, 0x0000000086200000|  0%| F|  |TAMS 0x0000000086100000, 0x0000000086100000| Untracked 
|  48|0x0000000086200000, 0x0000000086200000, 0x0000000086300000|  0%| F|  |TAMS 0x0000000086200000, 0x0000000086200000| Untracked 
|  49|0x0000000086300000, 0x0000000086300000, 0x0000000086400000|  0%| F|  |TAMS 0x0000000086300000, 0x0000000086300000| Untracked 
|  50|0x0000000086400000, 0x0000000086400000, 0x0000000086500000|  0%| F|  |TAMS 0x0000000086400000, 0x0000000086400000| Untracked 
|  51|0x0000000086500000, 0x0000000086500000, 0x0000000086600000|  0%| F|  |TAMS 0x0000000086500000, 0x0000000086500000| Untracked 
|  52|0x0000000086600000, 0x0000000086600000, 0x0000000086700000|  0%| F|  |TAMS 0x0000000086600000, 0x0000000086600000| Untracked 
|  53|0x0000000086700000, 0x0000000086700000, 0x0000000086800000|  0%| F|  |TAMS 0x0000000086700000, 0x0000000086700000| Untracked 
|  54|0x0000000086800000, 0x0000000086800000, 0x0000000086900000|  0%| F|  |TAMS 0x0000000086800000, 0x0000000086800000| Untracked 
|  55|0x0000000086900000, 0x0000000086900000, 0x0000000086a00000|  0%| F|  |TAMS 0x0000000086900000, 0x0000000086900000| Untracked 
|  56|0x0000000086a00000, 0x0000000086a00000, 0x0000000086b00000|  0%| F|  |TAMS 0x0000000086a00000, 0x0000000086a00000| Untracked 
|  57|0x0000000086b00000, 0x0000000086b00000, 0x0000000086c00000|  0%| F|  |TAMS 0x0000000086b00000, 0x0000000086b00000| Untracked 
|  58|0x0000000086c00000, 0x0000000086c00000, 0x0000000086d00000|  0%| F|  |TAMS 0x0000000086c00000, 0x0000000086c00000| Untracked 
|  59|0x0000000086d00000, 0x0000000086d00000, 0x0000000086e00000|  0%| F|  |TAMS 0x0000000086d00000, 0x0000000086d00000| Untracked 
|  60|0x0000000086e00000, 0x0000000086e00000, 0x0000000086f00000|  0%| F|  |TAMS 0x0000000086e00000, 0x0000000086e00000| Untracked 
|  61|0x0000000086f00000, 0x0000000086f00000, 0x0000000087000000|  0%| F|  |TAMS 0x0000000086f00000, 0x0000000086f00000| Untracked 
|  62|0x0000000087000000, 0x0000000087000000, 0x0000000087100000|  0%| F|  |TAMS 0x0000000087000000, 0x0000000087000000| Untracked 
|  63|0x0000000087100000, 0x0000000087100000, 0x0000000087200000|  0%| F|  |TAMS 0x0000000087100000, 0x0000000087100000| Untracked 
|  64|0x0000000087200000, 0x0000000087200000, 0x0000000087300000|  0%| F|  |TAMS 0x0000000087200000, 0x0000000087200000| Untracked 
|  65|0x0000000087300000, 0x0000000087300000, 0x0000000087400000|  0%| F|  |TAMS 0x0000000087300000, 0x0000000087300000| Untracked 
|  66|0x0000000087400000, 0x0000000087400000, 0x0000000087500000|  0%| F|  |TAMS 0x0000000087400000, 0x0000000087400000| Untracked 
|  67|0x0000000087500000, 0x0000000087500000, 0x0000000087600000|  0%| F|  |TAMS 0x0000000087500000, 0x0000000087500000| Untracked 
|  68|0x0000000087600000, 0x0000000087600000, 0x0000000087700000|  0%| F|  |TAMS 0x0000000087600000, 0x0000000087600000| Untracked 
|  69|0x0000000087700000, 0x0000000087700000, 0x0000000087800000|  0%| F|  |TAMS 0x0000000087700000, 0x0000000087700000| Untracked 
|  70|0x0000000087800000, 0x0000000087800000, 0x0000000087900000|  0%| F|  |TAMS 0x0000000087800000, 0x0000000087800000| Untracked 
|  71|0x0000000087900000, 0x0000000087900000, 0x0000000087a00000|  0%| F|  |TAMS 0x0000000087900000, 0x0000000087900000| Untracked 
|  72|0x0000000087a00000, 0x0000000087a00000, 0x0000000087b00000|  0%| F|  |TAMS 0x0000000087a00000, 0x0000000087a00000| Untracked 
|  73|0x0000000087b00000, 0x0000000087b00000, 0x0000000087c00000|  0%| F|  |TAMS 0x0000000087b00000, 0x0000000087b00000| Untracked 
|  74|0x0000000087c00000, 0x0000000087c00000, 0x0000000087d00000|  0%| F|  |TAMS 0x0000000087c00000, 0x0000000087c00000| Untracked 
|  75|0x0000000087d00000, 0x0000000087d00000, 0x0000000087e00000|  0%| F|  |TAMS 0x0000000087d00000, 0x0000000087d00000| Untracked 
|  76|0x0000000087e00000, 0x0000000087e00000, 0x0000000087f00000|  0%| F|  |TAMS 0x0000000087e00000, 0x0000000087e00000| Untracked 
|  77|0x0000000087f00000, 0x0000000087f00000, 0x0000000088000000|  0%| F|  |TAMS 0x0000000087f00000, 0x0000000087f00000| Untracked 
|  78|0x0000000088000000, 0x0000000088000000, 0x0000000088100000|  0%| F|  |TAMS 0x0000000088000000, 0x0000000088000000| Untracked 
|  79|0x0000000088100000, 0x0000000088100000, 0x0000000088200000|  0%| F|  |TAMS 0x0000000088100000, 0x0000000088100000| Untracked 
|  80|0x0000000088200000, 0x0000000088200000, 0x0000000088300000|  0%| F|  |TAMS 0x0000000088200000, 0x0000000088200000| Untracked 
|  81|0x0000000088300000, 0x0000000088300000, 0x0000000088400000|  0%| F|  |TAMS 0x0000000088300000, 0x0000000088300000| Untracked 
|  82|0x0000000088400000, 0x0000000088400000, 0x0000000088500000|  0%| F|  |TAMS 0x0000000088400000, 0x0000000088400000| Untracked 
|  83|0x0000000088500000, 0x0000000088500000, 0x0000000088600000|  0%| F|  |TAMS 0x0000000088500000, 0x0000000088500000| Untracked 
|  84|0x0000000088600000, 0x0000000088600000, 0x0000000088700000|  0%| F|  |TAMS 0x0000000088600000, 0x0000000088600000| Untracked 
|  85|0x0000000088700000, 0x0000000088700000, 0x0000000088800000|  0%| F|  |TAMS 0x0000000088700000, 0x0000000088700000| Untracked 
|  86|0x0000000088800000, 0x0000000088800000, 0x0000000088900000|  0%| F|  |TAMS 0x0000000088800000, 0x0000000088800000| Untracked 
|  87|0x0000000088900000, 0x0000000088900000, 0x0000000088a00000|  0%| F|  |TAMS 0x0000000088900000, 0x0000000088900000| Untracked 
|  88|0x0000000088a00000, 0x0000000088a00000, 0x0000000088b00000|  0%| F|  |TAMS 0x0000000088a00000, 0x0000000088a00000| Untracked 
|  89|0x0000000088b00000, 0x0000000088b00000, 0x0000000088c00000|  0%| F|  |TAMS 0x0000000088b00000, 0x0000000088b00000| Untracked 
|  90|0x0000000088c00000, 0x0000000088c00000, 0x0000000088d00000|  0%| F|  |TAMS 0x0000000088c00000, 0x0000000088c00000| Untracked 
|  91|0x0000000088d00000, 0x0000000088d00000, 0x0000000088e00000|  0%| F|  |TAMS 0x0000000088d00000, 0x0000000088d00000| Untracked 
|  92|0x0000000088e00000, 0x0000000088e00000, 0x0000000088f00000|  0%| F|  |TAMS 0x0000000088e00000, 0x0000000088e00000| Untracked 
|  93|0x0000000088f00000, 0x0000000088f00000, 0x0000000089000000|  0%| F|  |TAMS 0x0000000088f00000, 0x0000000088f00000| Untracked 
|  94|0x0000000089000000, 0x0000000089000000, 0x0000000089100000|  0%| F|  |TAMS 0x0000000089000000, 0x0000000089000000| Untracked 
|  95|0x0000000089100000, 0x0000000089100000, 0x0000000089200000|  0%| F|  |TAMS 0x0000000089100000, 0x0000000089100000| Untracked 
|  96|0x0000000089200000, 0x0000000089200000, 0x0000000089300000|  0%| F|  |TAMS 0x0000000089200000, 0x0000000089200000| Untracked 
|  97|0x0000000089300000, 0x0000000089300000, 0x0000000089400000|  0%| F|  |TAMS 0x0000000089300000, 0x0000000089300000| Untracked 
|  98|0x0000000089400000, 0x0000000089400000, 0x0000000089500000|  0%| F|  |TAMS 0x0000000089400000, 0x0000000089400000| Untracked 
|  99|0x0000000089500000, 0x0000000089500000, 0x0000000089600000|  0%| F|  |TAMS 0x0000000089500000, 0x0000000089500000| Untracked 
| 100|0x0000000089600000, 0x0000000089600000, 0x0000000089700000|  0%| F|  |TAMS 0x0000000089600000, 0x0000000089600000| Untracked 
| 101|0x0000000089700000, 0x0000000089700000, 0x0000000089800000|  0%| F|  |TAMS 0x0000000089700000, 0x0000000089700000| Untracked 
| 102|0x0000000089800000, 0x0000000089800000, 0x0000000089900000|  0%| F|  |TAMS 0x0000000089800000, 0x0000000089800000| Untracked 
| 103|0x0000000089900000, 0x0000000089900000, 0x0000000089a00000|  0%| F|  |TAMS 0x0000000089900000, 0x0000000089900000| Untracked 
| 104|0x0000000089a00000, 0x0000000089a00000, 0x0000000089b00000|  0%| F|  |TAMS 0x0000000089a00000, 0x0000000089a00000| Untracked 
| 105|0x0000000089b00000, 0x0000000089b00000, 0x0000000089c00000|  0%| F|  |TAMS 0x0000000089b00000, 0x0000000089b00000| Untracked 
| 106|0x0000000089c00000, 0x0000000089c00000, 0x0000000089d00000|  0%| F|  |TAMS 0x0000000089c00000, 0x0000000089c00000| Untracked 
| 107|0x0000000089d00000, 0x0000000089d00000, 0x0000000089e00000|  0%| F|  |TAMS 0x0000000089d00000, 0x0000000089d00000| Untracked 
| 108|0x0000000089e00000, 0x0000000089e00000, 0x0000000089f00000|  0%| F|  |TAMS 0x0000000089e00000, 0x0000000089e00000| Untracked 
| 109|0x0000000089f00000, 0x0000000089f00000, 0x000000008a000000|  0%| F|  |TAMS 0x0000000089f00000, 0x0000000089f00000| Untracked 
| 110|0x000000008a000000, 0x000000008a000000, 0x000000008a100000|  0%| F|  |TAMS 0x000000008a000000, 0x000000008a000000| Untracked 
| 111|0x000000008a100000, 0x000000008a100000, 0x000000008a200000|  0%| F|  |TAMS 0x000000008a100000, 0x000000008a100000| Untracked 
| 112|0x000000008a200000, 0x000000008a200000, 0x000000008a300000|  0%| F|  |TAMS 0x000000008a200000, 0x000000008a200000| Untracked 
| 113|0x000000008a300000, 0x000000008a3ec150, 0x000000008a400000| 92%| E|  |TAMS 0x000000008a300000, 0x000000008a300000| Complete 
| 114|0x000000008a400000, 0x000000008a500000, 0x000000008a500000|100%| E|CS|TAMS 0x000000008a400000, 0x000000008a400000| Complete 
| 115|0x000000008a500000, 0x000000008a600000, 0x000000008a600000|100%| E|CS|TAMS 0x000000008a500000, 0x000000008a500000| Complete 
| 116|0x000000008a600000, 0x000000008a700000, 0x000000008a700000|100%| E|CS|TAMS 0x000000008a600000, 0x000000008a600000| Complete 
| 117|0x000000008a700000, 0x000000008a800000, 0x000000008a800000|100%| E|CS|TAMS 0x000000008a700000, 0x000000008a700000| Complete 
| 118|0x000000008a800000, 0x000000008a900000, 0x000000008a900000|100%| E|CS|TAMS 0x000000008a800000, 0x000000008a800000| Complete 
| 119|0x000000008a900000, 0x000000008aa00000, 0x000000008aa00000|100%| E|CS|TAMS 0x000000008a900000, 0x000000008a900000| Complete 
| 120|0x000000008aa00000, 0x000000008ab00000, 0x000000008ab00000|100%| E|CS|TAMS 0x000000008aa00000, 0x000000008aa00000| Complete 
| 121|0x000000008ab00000, 0x000000008ac00000, 0x000000008ac00000|100%| E|CS|TAMS 0x000000008ab00000, 0x000000008ab00000| Complete 
| 122|0x000000008ac00000, 0x000000008ad00000, 0x000000008ad00000|100%| E|CS|TAMS 0x000000008ac00000, 0x000000008ac00000| Complete 
| 123|0x000000008ad00000, 0x000000008ae00000, 0x000000008ae00000|100%| E|CS|TAMS 0x000000008ad00000, 0x000000008ad00000| Complete 
| 124|0x000000008ae00000, 0x000000008af00000, 0x000000008af00000|100%| E|CS|TAMS 0x000000008ae00000, 0x000000008ae00000| Complete 
| 125|0x000000008af00000, 0x000000008b000000, 0x000000008b000000|100%| E|CS|TAMS 0x000000008af00000, 0x000000008af00000| Complete 

Card table byte_map: [0x0000014f51f10000,0x0000014f52300000] _byte_map_base: 0x0000014f51af7000

Marking Bits (Prev, Next): (CMBitMap*) 0x0000014f3f171ad0, (CMBitMap*) 0x0000014f3f171b10
 Prev Bits: [0x0000014f526f0000, 0x0000014f54628000)
 Next Bits: [0x0000014f54630000, 0x0000014f56568000)

Polling page: 0x0000014f3d040000

Metaspace:

Usage:
  Non-class:     10.14 MB used.
      Class:      1.02 MB used.
       Both:     11.16 MB used.

Virtual space:
  Non-class space:       16.00 MB reserved,      10.25 MB ( 64%) committed,  2 nodes.
      Class space:        1.00 GB reserved,       1.06 MB ( <1%) committed,  1 nodes.
             Both:        1.02 GB reserved,      11.31 MB (  1%) committed. 

Chunk freelists:
   Non-Class:  944.00 KB
       Class:  2.88 MB
        Both:  3.80 MB

MaxMetaspaceSize: unlimited
CompressedClassSpaceSize: 1.00 GB
Initial GC threshold: 21.00 MB
Current GC threshold: 21.00 MB
CDS: off
MetaspaceReclaimPolicy: balanced
 - commit_granule_bytes: 65536.
 - commit_granule_words: 8192.
 - virtual_space_node_default_size: 1048576.
 - enlarge_chunks_in_place: 1.
 - new_chunks_are_fully_committed: 0.
 - uncommit_free_chunks: 1.
 - use_allocation_guard: 0.
 - handle_deallocations: 1.


Internal statistics:

num_allocs_failed_limit: 0.
num_arena_births: 18.
num_arena_deaths: 0.
num_vsnodes_births: 3.
num_vsnodes_deaths: 0.
num_space_committed: 181.
num_space_uncommitted: 0.
num_chunks_returned_to_freelist: 0.
num_chunks_taken_from_freelist: 100.
num_chunk_merges: 0.
num_chunk_splits: 48.
num_chunks_enlarged: 32.
num_purges: 0.
num_inconsistent_stats: 0.

CodeHeap 'non-profiled nmethods': size=120000Kb used=246Kb max_used=246Kb free=119753Kb
 bounds [0x0000014f4a2c0000, 0x0000014f4a530000, 0x0000014f517f0000]
CodeHeap 'profiled nmethods': size=120000Kb used=1329Kb max_used=1329Kb free=118670Kb
 bounds [0x0000014f42d90000, 0x0000014f43000000, 0x0000014f4a2c0000]
CodeHeap 'non-nmethods': size=5760Kb used=1219Kb max_used=1241Kb free=4540Kb
 bounds [0x0000014f427f0000, 0x0000014f42a60000, 0x0000014f42d90000]
 total_blobs=1150 nmethods=724 adapters=339
 compilation: enabled
              stopped_count=0, restarted_count=0
 full_count=0

Compilation events (20 events):
Event: 0.639 Thread 0x0000014f59945330  715       3       java.util.ArrayDeque::pollFirst (36 bytes)
Event: 0.640 Thread 0x0000014f59945330 nmethod 715 0x0000014f42ed9b90 code [0x0000014f42ed9d40, 0x0000014f42eda138]
Event: 0.641 Thread 0x0000014f59945330  716       3       jdk.internal.ref.PhantomCleanable::<init> (49 bytes)
Event: 0.641 Thread 0x0000014f59945330 nmethod 716 0x0000014f42eda290 code [0x0000014f42eda4e0, 0x0000014f42edafd8]
Event: 0.641 Thread 0x0000014f59945330  717   !   3       jdk.internal.ref.PhantomCleanable::insert (53 bytes)
Event: 0.641 Thread 0x0000014f59945330 nmethod 717 0x0000014f42edb310 code [0x0000014f42edb4c0, 0x0000014f42edb858]
Event: 0.641 Thread 0x0000014f59945330  718       3       java.nio.ByteBuffer::position (8 bytes)
Event: 0.641 Thread 0x0000014f59945330 nmethod 718 0x0000014f42edba10 code [0x0000014f42edbba0, 0x0000014f42edbce8]
Event: 0.641 Thread 0x0000014f59945330  719       3       adt.bt.BTNode::isEmpty (11 bytes)
Event: 0.642 Thread 0x0000014f59945330 nmethod 719 0x0000014f42edbd90 code [0x0000014f42edbf20, 0x0000014f42edc098]
Event: 0.642 Thread 0x0000014f59945330  720       1       adt.bt.BTNode::getRight (5 bytes)
Event: 0.642 Thread 0x0000014f59945330 nmethod 720 0x0000014f4a2fcc90 code [0x0000014f4a2fce20, 0x0000014f4a2fcef8]
Event: 0.642 Thread 0x0000014f59945330  721       1       adt.bt.BTNode::getLeft (5 bytes)
Event: 0.642 Thread 0x0000014f59945330 nmethod 721 0x0000014f4a2fcf90 code [0x0000014f4a2fd120, 0x0000014f4a2fd1f8]
Event: 0.642 Thread 0x0000014f59945330  722       1       adt.bt.BTNode::getData (5 bytes)
Event: 0.642 Thread 0x0000014f59945330 nmethod 722 0x0000014f4a2fd290 code [0x0000014f4a2fd420, 0x0000014f4a2fd4f8]
Event: 0.642 Thread 0x0000014f59945330  723       3       java.lang.Integer::valueOf (32 bytes)
Event: 0.642 Thread 0x0000014f59945330 nmethod 723 0x0000014f42edc110 code [0x0000014f42edc2c0, 0x0000014f42edc5d8]
Event: 0.642 Thread 0x0000014f59945330  724       1       adt.bt.BTNode::getParent (5 bytes)
Event: 0.642 Thread 0x0000014f59945330 nmethod 724 0x0000014f4a2fd590 code [0x0000014f4a2fd720, 0x0000014f4a2fd7f8]

GC Heap History (0 events):
No events

Deoptimization events (20 events):
Event: 0.410 Thread 0x0000014f3f131fd0 DEOPT PACKING pc=0x0000014f42e0392c sp=0x0000001a098f7cf0
Event: 0.410 Thread 0x0000014f3f131fd0 DEOPT UNPACKING pc=0x0000014f42846763 sp=0x0000001a098f7158 mode 0
Event: 0.410 Thread 0x0000014f3f131fd0 DEOPT PACKING pc=0x0000014f42e0392c sp=0x0000001a098f7cf0
Event: 0.410 Thread 0x0000014f3f131fd0 DEOPT UNPACKING pc=0x0000014f42846763 sp=0x0000001a098f7158 mode 0
Event: 0.410 Thread 0x0000014f3f131fd0 DEOPT PACKING pc=0x0000014f42e0392c sp=0x0000001a098f7cf0
Event: 0.410 Thread 0x0000014f3f131fd0 DEOPT UNPACKING pc=0x0000014f42846763 sp=0x0000001a098f7158 mode 0
Event: 0.410 Thread 0x0000014f3f131fd0 DEOPT PACKING pc=0x0000014f42e0392c sp=0x0000001a098f7cf0
Event: 0.410 Thread 0x0000014f3f131fd0 DEOPT UNPACKING pc=0x0000014f42846763 sp=0x0000001a098f7158 mode 0
Event: 0.413 Thread 0x0000014f3f131fd0 DEOPT PACKING pc=0x0000014f42e0392c sp=0x0000001a098fb740
Event: 0.413 Thread 0x0000014f3f131fd0 DEOPT UNPACKING pc=0x0000014f42846763 sp=0x0000001a098faba8 mode 0
Event: 0.413 Thread 0x0000014f3f131fd0 DEOPT PACKING pc=0x0000014f42e0392c sp=0x0000001a098fb740
Event: 0.413 Thread 0x0000014f3f131fd0 DEOPT UNPACKING pc=0x0000014f42846763 sp=0x0000001a098faba8 mode 0
Event: 0.415 Thread 0x0000014f3f131fd0 DEOPT PACKING pc=0x0000014f42d9e0d5 sp=0x0000001a098f8030
Event: 0.415 Thread 0x0000014f3f131fd0 DEOPT UNPACKING pc=0x0000014f42846763 sp=0x0000001a098f74a8 mode 0
Event: 0.429 Thread 0x0000014f3f131fd0 DEOPT PACKING pc=0x0000014f42e08bf9 sp=0x0000001a098f7a80
Event: 0.429 Thread 0x0000014f3f131fd0 DEOPT UNPACKING pc=0x0000014f42846763 sp=0x0000001a098f6f08 mode 0
Event: 0.435 Thread 0x0000014f3f131fd0 DEOPT PACKING pc=0x0000014f42e08bf9 sp=0x0000001a098fa7c0
Event: 0.435 Thread 0x0000014f3f131fd0 DEOPT UNPACKING pc=0x0000014f42846763 sp=0x0000001a098f9c20 mode 0
Event: 0.613 Thread 0x0000014f3f131fd0 DEOPT PACKING pc=0x0000014f42e166be sp=0x0000001a098fd590
Event: 0.613 Thread 0x0000014f3f131fd0 DEOPT UNPACKING pc=0x0000014f42846763 sp=0x0000001a098fca08 mode 0

Classes unloaded (0 events):
No events

Classes redefined (1 events):
Event: 496.084 Thread 0x0000014f58fa5d10 redefined class name=adt.bst.SimpleBSTManipulationImpl, count=1

Internal exceptions (5 events):
Event: 0.466 Thread 0x0000014f3f131fd0 Exception <a 'java/lang/NoSuchMethodError'{0x000000008aadb610}: 'java.lang.Object java.lang.invoke.DirectMethodHandle$Holder.invokeStaticInit(java.lang.Object)'> (0x000000008aadb610) 
thrown [e:\jenkins\tmp\workspace\build\src\src\hotspot\share\interpreter\linkResolver.cpp, line 766]
Event: 0.476 Thread 0x0000014f3f131fd0 Exception <a 'java/lang/NoSuchMethodError'{0x000000008a904f30}: 'void java.lang.invoke.DirectMethodHandle$Holder.invokeStatic(java.lang.Object, java.lang.Object)'> (0x000000008a904f30) 
thrown [e:\jenkins\tmp\workspace\build\src\src\hotspot\share\interpreter\linkResolver.cpp, line 766]
Event: 0.542 Thread 0x0000014f3f131fd0 Exception <a 'java/lang/NoSuchMethodError'{0x000000008a65cd28}: 'java.lang.Object java.lang.invoke.DirectMethodHandle$Holder.invokeInterface(java.lang.Object, java.lang.Object)'> (0x000000008a65cd28) 
thrown [e:\jenkins\tmp\workspace\build\src\src\hotspot\share\interpreter\linkResolver.cpp, line 766]
Event: 0.542 Thread 0x0000014f3f131fd0 Exception <a 'java/lang/IncompatibleClassChangeError'{0x000000008a660520}: Found class java.lang.Object, but interface was expected> (0x000000008a660520) 
thrown [e:\jenkins\tmp\workspace\build\src\src\hotspot\share\interpreter\linkResolver.cpp, line 833]
Event: 0.586 Thread 0x0000014f3f131fd0 Exception <a 'java/lang/NoSuchMethodError'{0x000000008a59a320}: 'java.lang.Object java.lang.invoke.DirectMethodHandle$Holder.newInvokeSpecial(java.lang.Object, java.lang.Object, java.lang.Object, java.lang.Object, java.lang.Object)'> (0x000000008a59a320) 
thrown [e:\jenkins\tmp\workspace\build\src\src\hotspot\share\interpreter\linkResolver.cpp, line 766]

VM Operations (20 events):
Event: 109.871 Executing VM operation: get/set locals
Event: 109.871 Executing VM operation: get/set locals done
Event: 109.871 Executing VM operation: get/set locals
Event: 109.871 Executing VM operation: get/set locals done
Event: 109.872 Executing VM operation: get/set locals
Event: 109.872 Executing VM operation: get/set locals done
Event: 109.872 Executing VM operation: get/set locals
Event: 109.872 Executing VM operation: get/set locals done
Event: 109.873 Executing VM operation: get/set locals
Event: 109.873 Executing VM operation: get/set locals done
Event: 109.945 Executing VM operation: get/set locals
Event: 109.945 Executing VM operation: get/set locals done
Event: 109.946 Executing VM operation: get/set locals
Event: 109.946 Executing VM operation: get/set locals done
Event: 109.952 Executing VM operation: get/set locals
Event: 109.952 Executing VM operation: get/set locals done
Event: 109.958 Executing VM operation: get/set locals
Event: 109.958 Executing VM operation: get/set locals done
Event: 496.082 Executing VM operation: RedefineClasses
Event: 496.087 Executing VM operation: RedefineClasses done

Events (20 events):
Event: 0.618 loading class java/io/ObjectOutput
Event: 0.618 loading class java/io/ObjectOutput done
Event: 0.618 loading class java/io/ObjectStreamConstants
Event: 0.618 loading class java/io/ObjectStreamConstants done
Event: 0.618 loading class java/io/ObjectOutputStream done
Event: 0.618 loading class java/io/ObjectInputStream
Event: 0.619 loading class java/io/ObjectInput
Event: 0.619 loading class java/io/ObjectInput done
Event: 0.619 loading class java/io/ObjectInputStream done
Event: 0.620 loading class java/io/ObjectStreamClass$FieldReflectorKey
Event: 0.620 loading class java/io/ObjectStreamClass$FieldReflectorKey done
Event: 0.620 loading class java/io/ObjectStreamClass$FieldReflector
Event: 0.620 loading class java/io/ObjectStreamClass$FieldReflector done
Event: 0.623 loading class java/util/concurrent/CopyOnWriteArrayList$COWIterator
Event: 0.623 loading class java/util/concurrent/CopyOnWriteArrayList$COWIterator done
Event: 0.628 loading class sun/nio/ch/IOStatus
Event: 0.628 loading class sun/nio/ch/IOStatus done
Event: 0.629 loading class java/lang/reflect/InvocationTargetException
Event: 0.629 loading class java/lang/reflect/InvocationTargetException done
Event: 5.647 Thread 0x0000014f5a0ac0a0 Thread exited: 0x0000014f5a0ac0a0


Dynamic libraries:
0x00007ff66ba30000 - 0x00007ff66ba3e000 	C:\Users\yalle\AppData\Roaming\Microsoft\Windows\Start Menu\Programs\Eclipse\plugins\org.eclipse.justj.openjdk.hotspot.jre.full.win32.x86_64_17.0.2.v20220201-1208\jre\bin\javaw.exe
0x00007ff871670000 - 0x00007ff871868000 	C:\WINDOWS\SYSTEM32\ntdll.dll
0x00007ff8702f0000 - 0x00007ff8703af000 	C:\WINDOWS\System32\KERNEL32.DLL
0x00007ff86ed60000 - 0x00007ff86f032000 	C:\WINDOWS\System32\KERNELBASE.dll
0x00007ff86f5b0000 - 0x00007ff86f6b0000 	C:\WINDOWS\System32\ucrtbase.dll
0x00007ff868f10000 - 0x00007ff868f28000 	C:\Users\yalle\AppData\Roaming\Microsoft\Windows\Start Menu\Programs\Eclipse\plugins\org.eclipse.justj.openjdk.hotspot.jre.full.win32.x86_64_17.0.2.v20220201-1208\jre\bin\jli.dll
0x00007ff868ed0000 - 0x00007ff868ee9000 	C:\Users\yalle\AppData\Roaming\Microsoft\Windows\Start Menu\Programs\Eclipse\plugins\org.eclipse.justj.openjdk.hotspot.jre.full.win32.x86_64_17.0.2.v20220201-1208\jre\bin\VCRUNTIME140.dll
0x00007ff86f890000 - 0x00007ff86fa31000 	C:\WINDOWS\System32\USER32.dll
0x00007ff86f490000 - 0x00007ff86f4b2000 	C:\WINDOWS\System32\win32u.dll
0x00007ff85e760000 - 0x00007ff85e9fa000 	C:\WINDOWS\WinSxS\amd64_microsoft.windows.common-controls_6595b64144ccf1df_6.0.19041.1110_none_60b5254171f9507e\COMCTL32.dll
0x00007ff86fb30000 - 0x00007ff86fb5b000 	C:\WINDOWS\System32\GDI32.dll
0x00007ff870b50000 - 0x00007ff870bee000 	C:\WINDOWS\System32\msvcrt.dll
0x00007ff86f250000 - 0x00007ff86f35f000 	C:\WINDOWS\System32\gdi32full.dll
0x00007ff86f3f0000 - 0x00007ff86f48d000 	C:\WINDOWS\System32\msvcp_win.dll
0x00007ff86fdb0000 - 0x00007ff86fde2000 	C:\WINDOWS\System32\IMM32.DLL
0x00007ff868e50000 - 0x00007ff868e5c000 	C:\Users\yalle\AppData\Roaming\Microsoft\Windows\Start Menu\Programs\Eclipse\plugins\org.eclipse.justj.openjdk.hotspot.jre.full.win32.x86_64_17.0.2.v20220201-1208\jre\bin\vcruntime140_1.dll
0x00007ff84b8a0000 - 0x00007ff84b931000 	C:\Users\yalle\AppData\Roaming\Microsoft\Windows\Start Menu\Programs\Eclipse\plugins\org.eclipse.justj.openjdk.hotspot.jre.full.win32.x86_64_17.0.2.v20220201-1208\jre\bin\msvcp140.dll
0x00007ff82b070000 - 0x00007ff82bcb7000 	C:\Users\yalle\AppData\Roaming\Microsoft\Windows\Start Menu\Programs\Eclipse\plugins\org.eclipse.justj.openjdk.hotspot.jre.full.win32.x86_64_17.0.2.v20220201-1208\jre\bin\server\jvm.dll
0x00007ff870c00000 - 0x00007ff870cae000 	C:\WINDOWS\System32\ADVAPI32.dll
0x00007ff871590000 - 0x00007ff87162c000 	C:\WINDOWS\System32\sechost.dll
0x00007ff86fb60000 - 0x00007ff86fc85000 	C:\WINDOWS\System32\RPCRT4.dll
0x00007ff86fb20000 - 0x00007ff86fb28000 	C:\WINDOWS\System32\PSAPI.DLL
0x00007ff869510000 - 0x00007ff86951a000 	C:\WINDOWS\SYSTEM32\VERSION.dll
0x00007ff862de0000 - 0x00007ff862e07000 	C:\WINDOWS\SYSTEM32\WINMM.dll
0x00007ff860630000 - 0x00007ff860639000 	C:\WINDOWS\SYSTEM32\WSOCK32.dll
0x00007ff8704e0000 - 0x00007ff87054b000 	C:\WINDOWS\System32\WS2_32.dll
0x00007ff86d5c0000 - 0x00007ff86d5d2000 	C:\WINDOWS\SYSTEM32\kernel.appcore.dll
0x00007ff867fd0000 - 0x00007ff867fda000 	C:\Users\yalle\AppData\Roaming\Microsoft\Windows\Start Menu\Programs\Eclipse\plugins\org.eclipse.justj.openjdk.hotspot.jre.full.win32.x86_64_17.0.2.v20220201-1208\jre\bin\jimage.dll
0x00007ff86cac0000 - 0x00007ff86cca4000 	C:\WINDOWS\SYSTEM32\DBGHELP.DLL
0x00007ff867ab0000 - 0x00007ff867ae5000 	C:\WINDOWS\SYSTEM32\dbgcore.DLL
0x00007ff86f360000 - 0x00007ff86f3e2000 	C:\WINDOWS\System32\bcryptPrimitives.dll
0x00007ff85d490000 - 0x00007ff85d4cb000 	C:\Users\yalle\AppData\Roaming\Microsoft\Windows\Start Menu\Programs\Eclipse\plugins\org.eclipse.justj.openjdk.hotspot.jre.full.win32.x86_64_17.0.2.v20220201-1208\jre\bin\jdwp.dll
0x00007ff868a70000 - 0x00007ff868a7e000 	C:\Users\yalle\AppData\Roaming\Microsoft\Windows\Start Menu\Programs\Eclipse\plugins\org.eclipse.justj.openjdk.hotspot.jre.full.win32.x86_64_17.0.2.v20220201-1208\jre\bin\instrument.dll
0x00007ff851a50000 - 0x00007ff851a75000 	C:\Users\yalle\AppData\Roaming\Microsoft\Windows\Start Menu\Programs\Eclipse\plugins\org.eclipse.justj.openjdk.hotspot.jre.full.win32.x86_64_17.0.2.v20220201-1208\jre\bin\java.dll
0x00007ff85d550000 - 0x00007ff85d568000 	C:\Users\yalle\AppData\Roaming\Microsoft\Windows\Start Menu\Programs\Eclipse\plugins\org.eclipse.justj.openjdk.hotspot.jre.full.win32.x86_64_17.0.2.v20220201-1208\jre\bin\zip.dll
0x00007ff870e40000 - 0x00007ff871585000 	C:\WINDOWS\System32\SHELL32.dll
0x00007ff86cdc0000 - 0x00007ff86d552000 	C:\WINDOWS\SYSTEM32\windows.storage.dll
0x00007ff870760000 - 0x00007ff870ab5000 	C:\WINDOWS\System32\combase.dll
0x00007ff86e6c0000 - 0x00007ff86e6f0000 	C:\WINDOWS\SYSTEM32\Wldp.dll
0x00007ff870430000 - 0x00007ff8704dd000 	C:\WINDOWS\System32\SHCORE.dll
0x00007ff870700000 - 0x00007ff870755000 	C:\WINDOWS\System32\shlwapi.dll
0x00007ff86eca0000 - 0x00007ff86ecbf000 	C:\WINDOWS\SYSTEM32\profapi.dll
0x00007ff865f90000 - 0x00007ff865f9c000 	C:\Users\yalle\AppData\Roaming\Microsoft\Windows\Start Menu\Programs\Eclipse\plugins\org.eclipse.justj.openjdk.hotspot.jre.full.win32.x86_64_17.0.2.v20220201-1208\jre\bin\dt_socket.dll
0x00007ff86e0f0000 - 0x00007ff86e12b000 	C:\WINDOWS\SYSTEM32\IPHLPAPI.DLL
0x00007ff86e3e0000 - 0x00007ff86e44a000 	C:\WINDOWS\system32\mswsock.dll
0x00007ff86e130000 - 0x00007ff86e1fb000 	C:\WINDOWS\SYSTEM32\DNSAPI.dll
0x00007ff870bf0000 - 0x00007ff870bf8000 	C:\WINDOWS\System32\NSI.dll
0x00007ff865ee0000 - 0x00007ff865eea000 	C:\Windows\System32\rasadhlp.dll
0x00007ff8663f0000 - 0x00007ff866470000 	C:\WINDOWS\System32\fwpuclnt.dll
0x00007ff86f580000 - 0x00007ff86f5a7000 	C:\WINDOWS\System32\bcrypt.dll
0x00007ff84df20000 - 0x00007ff84df39000 	C:\Users\yalle\AppData\Roaming\Microsoft\Windows\Start Menu\Programs\Eclipse\plugins\org.eclipse.justj.openjdk.hotspot.jre.full.win32.x86_64_17.0.2.v20220201-1208\jre\bin\net.dll
0x00007ff8662c0000 - 0x00007ff8663cc000 	C:\WINDOWS\SYSTEM32\WINHTTP.dll
0x00007ff84df00000 - 0x00007ff84df15000 	C:\Users\yalle\AppData\Roaming\Microsoft\Windows\Start Menu\Programs\Eclipse\plugins\org.eclipse.justj.openjdk.hotspot.jre.full.win32.x86_64_17.0.2.v20220201-1208\jre\bin\nio.dll
0x00007ff867270000 - 0x00007ff867280000 	C:\Users\yalle\AppData\Roaming\Microsoft\Windows\Start Menu\Programs\Eclipse\plugins\org.eclipse.justj.openjdk.hotspot.jre.full.win32.x86_64_17.0.2.v20220201-1208\jre\bin\verify.dll
0x00007ff866470000 - 0x00007ff866487000 	C:\WINDOWS\SYSTEM32\dhcpcsvc6.DLL
0x00007ff8674b0000 - 0x00007ff8674cd000 	C:\WINDOWS\SYSTEM32\dhcpcsvc.DLL

dbghelp: loaded successfully - version: 4.0.5 - missing functions: none
symbol engine: initialized successfully - sym options: 0x614 - pdb path: .;C:\Users\yalle\AppData\Roaming\Microsoft\Windows\Start Menu\Programs\Eclipse\plugins\org.eclipse.justj.openjdk.hotspot.jre.full.win32.x86_64_17.0.2.v20220201-1208\jre\bin;C:\WINDOWS\SYSTEM32;C:\WINDOWS\WinSxS\amd64_microsoft.windows.common-controls_6595b64144ccf1df_6.0.19041.1110_none_60b5254171f9507e;C:\Users\yalle\AppData\Roaming\Microsoft\Windows\Start Menu\Programs\Eclipse\plugins\org.eclipse.justj.openjdk.hotspot.jre.full.win32.x86_64_17.0.2.v20220201-1208\jre\bin\server

VM Arguments:
jvm_args: -XX:+ShowCodeDetailsInExceptionMessages -agentlib:jdwp=transport=dt_socket,suspend=y,address=localhost:53370 -ea -javaagent:C:\Users\yalle\AppData\Roaming\Microsoft\Windows\Start Menu\Programs\Eclipse\configuration\org.eclipse.osgi\422\0\.cp\lib\javaagent-shaded.jar -Dfile.encoding=Cp1252 
java_command: org.eclipse.jdt.internal.junit.runner.RemoteTestRunner -version 3 -port 53369 -testLoaderClass org.eclipse.jdt.internal.junit4.runner.JUnit4TestLoader -loaderpluginname org.eclipse.jdt.junit4.runtime -classNames adt.bst.StudentBSTTest
java_class_path (initial): C:\Users\yalle\eclipse-workspace\Roteiro_8\target\test-classes;C:\Users\yalle\eclipse-workspace\Roteiro_8\target\classes;C:\Users\yalle\.m2\repository\junit\junit\4.13.1\junit-4.13.1.jar;C:\Users\yalle\.m2\repository\org\hamcrest\hamcrest-core\1.3\hamcrest-core-1.3.jar;C:\Users\yalle\AppData\Roaming\Microsoft\Windows\Start Menu\Programs\Eclipse\configuration\org.eclipse.osgi\420\0\.cp;C:\Users\yalle\AppData\Roaming\Microsoft\Windows\Start Menu\Programs\Eclipse\configuration\org.eclipse.osgi\419\0\.cp
Launcher Type: SUN_STANDARD

[Global flags]
     intx CICompilerCount                          = 4                                         {product} {ergonomic}
     uint ConcGCThreads                            = 2                                         {product} {ergonomic}
     uint G1ConcRefinementThreads                  = 8                                         {product} {ergonomic}
   size_t G1HeapRegionSize                         = 1048576                                   {product} {ergonomic}
    uintx GCDrainStackTargetSize                   = 64                                        {product} {ergonomic}
   size_t InitialHeapSize                          = 132120576                                 {product} {ergonomic}
   size_t MarkStackSize                            = 4194304                                   {product} {ergonomic}
   size_t MaxHeapSize                              = 2095054848                                {product} {ergonomic}
   size_t MaxNewSize                               = 1256194048                                {product} {ergonomic}
   size_t MinHeapDeltaBytes                        = 1048576                                   {product} {ergonomic}
   size_t MinHeapSize                              = 8388608                                   {product} {ergonomic}
    uintx NonNMethodCodeHeapSize                   = 5839372                                {pd product} {ergonomic}
    uintx NonProfiledCodeHeapSize                  = 122909434                              {pd product} {ergonomic}
    uintx ProfiledCodeHeapSize                     = 122909434                              {pd product} {ergonomic}
    uintx ReservedCodeCacheSize                    = 251658240                              {pd product} {ergonomic}
     bool SegmentedCodeCache                       = true                                      {product} {ergonomic}
     bool ShowCodeDetailsInExceptionMessages       = true                                   {manageable} {command line}
   size_t SoftMaxHeapSize                          = 2095054848                             {manageable} {ergonomic}
     bool UseCompressedClassPointers               = true                           {product lp64_product} {ergonomic}
     bool UseCompressedOops                        = true                           {product lp64_product} {ergonomic}
     bool UseG1GC                                  = true                                      {product} {ergonomic}
     bool UseLargePagesIndividualAllocation        = false                                  {pd product} {ergonomic}

Logging:
Log output configuration:
 #0: stdout all=warning uptime,level,tags
 #1: stderr all=off uptime,level,tags

Environment Variables:
PATH=C:\Users\yalle\AppData\Roaming\Microsoft\Windows\Start Menu\Programs\Eclipse\plugins\org.eclipse.justj.openjdk.hotspot.jre.full.win32.x86_64_17.0.2.v20220201-1208\jre\bin;C:/Users/yalle/AppData/Roaming/Microsoft/Windows/Start Menu/Programs/Eclipse//plugins/org.eclipse.justj.openjdk.hotspot.jre.full.win32.x86_64_17.0.2.v20220201-1208/jre/bin/server;C:/Users/yalle/AppData/Roaming/Microsoft/Windows/Start Menu/Programs/Eclipse//plugins/org.eclipse.justj.openjdk.hotspot.jre.full.win32.x86_64_17.0.2.v20220201-1208/jre/bin;C:\Program Files\Eclipse Adoptium\jdk-11.0.15.10-hotspot\bin;C:\Program Files\Common Files\Oracle\Java\javapath;C:\Program Files (x86)\Common Files\Oracle\Java\javapath;C:\WINDOWS\system32;C:\WINDOWS;C:\WINDOWS\System32\Wbem;C:\WINDOWS\System32\WindowsPowerShell\v1.0\;C:\WINDOWS\System32\OpenSSH\;C:\Users\yalle\AppData\Local\Programs\Python\Python310\Scripts\;C:\Users\yalle\AppData\Local\Programs\Python\Python310\;C:\Users\yalle\AppData\Local\Microsoft\WindowsApps;C:\Users\yalle\AppData\Local\Programs\Microsoft VS Code\bin;C:\Users\yalle\AppData\Local\GitHubDesktop\bin;C:\apache-maven-3.8.6\bin;;C:\Users\yalle\AppData\Roaming\Microsoft\Windows\Start Menu\Programs\Eclipse;
USERNAME=yalle
OS=Windows_NT
PROCESSOR_IDENTIFIER=Intel64 Family 6 Model 126 Stepping 5, GenuineIntel



---------------  S Y S T E M  ---------------

OS:
 Windows 10 , 64 bit Build 19041 (10.0.19041.2546)
OS uptime: 9 days 16:35 hours
Hyper-V role detected

CPU: total 8 (initial active 8) (4 cores per cpu, 2 threads per core) family 6 model 126 stepping 5 microcode 0xa8, cx8, cmov, fxsr, ht, mmx, 3dnowpref, sse, sse2, sse3, ssse3, sse4.1, sse4.2, popcnt, lzcnt, tsc, tscinvbit, avx, avx2, aes, erms, clmul, bmi1, bmi2, adx, avx512f, avx512dq, avx512cd, avx512bw, avx512vl, sha, fma, vzeroupper, avx512_vpopcntdq, avx512_vpclmulqdq, avx512_vaes, avx512_vnni, clflush, clflushopt, avx512_vbmi2, avx512_vbmi, hv

Memory: 4k page, system-wide physical 7987M (3050M free)
TotalPageFile size 13749M (AvailPageFile size 5226M)
current process WorkingSet (physical memory assigned to process): 57M, peak: 62M
current process commit charge ("private bytes"): 213M, peak: 216M

vm_info: OpenJDK 64-Bit Server VM (17.0.2+8) for windows-amd64 JRE (17.0.2+8), built on Jan 20 2022 04:52:34 by "" with MS VC++ 16.7 (VS2019)

END.
