#
# A fatal error has been detected by the Java Runtime Environment:
#
#  EXCEPTION_ACCESS_VIOLATION (0xc0000005) at pc=0x00007ffab63ad69a, pid=13636, tid=11940
#
# JRE version: OpenJDK Runtime Environment Temurin-17.0.2+8 (17.0.2+8) (build 17.0.2+8)
# Java VM: OpenJDK 64-Bit Server VM Temurin-17.0.2+8 (17.0.2+8, mixed mode, tiered, compressed oops, compressed class ptrs, g1 gc, windows-amd64)
# Problematic frame:
# V  [jvm.dll+0x79d69a]
#
# No core dump will be written. Minidumps are not enabled by default on client versions of Windows
#
# If you would like to submit a bug report, please visit:
#   https://github.com/adoptium/adoptium-support/issues
#

---------------  S U M M A R Y ------------

Command Line: -XX:+ShowCodeDetailsInExceptionMessages -agentlib:jdwp=transport=dt_socket,suspend=y,address=localhost:49431 -ea -javaagent:C:\Users\yalle\AppData\Roaming\Microsoft\Windows\Start Menu\Programs\Eclipse\configuration\org.eclipse.osgi\422\0\.cp\lib\javaagent-shaded.jar -Dfile.encoding=Cp1252 org.eclipse.jdt.internal.junit.runner.RemoteTestRunner -version 3 -port 49430 -testLoaderClass org.eclipse.jdt.internal.junit4.runner.JUnit4TestLoader -loaderpluginname org.eclipse.jdt.junit4.runtime -classNames sorting.test.StudentSortingTest

Host: Intel(R) Core(TM) i5-1035G1 CPU @ 1.00GHz, 8 cores, 7G,  Windows 10 , 64 bit Build 19041 (10.0.19041.2364)
Time: Mon Jan 23 20:36:38 2023 Hora oficial do Brasil elapsed time: 105.372701 seconds (0d 0h 1m 45s)

---------------  T H R E A D  ---------------

Current thread (0x000001b0583e3be0):  JavaThread "JDWP Transport Listener: dt_socket" daemon [_thread_in_vm, id=11940, stack(0x0000006d82a00000,0x0000006d82b00000)]

Stack: [0x0000006d82a00000,0x0000006d82b00000],  sp=0x0000006d82aff290,  free space=1020k
Native frames: (J=compiled Java code, j=interpreted, Vv=VM code, C=native code)
V  [jvm.dll+0x79d69a]
V  [jvm.dll+0x50842c]
V  [jvm.dll+0x4cfa94]
C  [jdwp.dll+0x22dff]


siginfo: EXCEPTION_ACCESS_VIOLATION (0xc0000005), reading address 0x00000000003b003e


Register to memory mapping:

RIP=0x00007ffab63ad69a jvm.dll
RAX=0x000000000000003c is an unknown value
RBX=0x000001b05814d915 points into unknown readable memory: 3b 00 64
RCX=0x00000000003b003a is an unknown value
RDX=0x000001b058a11b20 points into unknown readable memory: 0x676e6974726f734c | 4c 73 6f 72 74 69 6e 67
RSP=0x0000006d82aff290 is pointing into the stack for thread: 0x000001b0583e3be0
RBP=0x000001b05838a1d0 points into unknown readable memory: 0x0043005000000002 | 02 00 00 00 50 00 43 00
RSI=0x0 is NULL
RDI=0xffffffffffffffff is an unknown value
R8 =0x0000000000000054 is an unknown value
R9 =0x0000000000000040 is an unknown value
R10=0x0000000000000040 is an unknown value
R11=0x0000006d82aff2b0 is pointing into the stack for thread: 0x000001b0583e3be0
R12=0x0000006d82aff3e8 is pointing into the stack for thread: 0x000001b0583e3be0
R13=0x0 is NULL
R14=0x000000010010af90 is a pointer to class: 
sorting.divideAndConquer.MergeSort {0x000000010010af98}
 - instance size:     2
 - klass size:        69
 - access:            public synchronized 
 - state:             fully_initialized
 - name:              'sorting/divideAndConquer/MergeSort'
 - super:             'sorting/AbstractSorting'
 - sub:               
 - arrays:            NULL
 - methods:           Array<T>(0x000001b0597052a0)
 - method ordering:   Array<T>(0x000001b059705698)
 - default_methods:   Array<T>(0x0000000000000000)
 - local interfaces:  Array<T>(0x000001b057800058)
 - trans. interfaces: Array<T>(0x000001b059461b38)
 - constants:         constant pool [62] {0x000001b059705b70} for 'sorting/divideAndConquer/MergeSort' cache=0x000001b059705dd8
 - class loader data:  loader data: 0x000001b058163a10 for instance a 'jdk/internal/loader/ClassLoaders$AppClassLoader'{0x000000008af64300}
 - source file:       'MergeSort.java'
 - source debug extension:       SMAP
MergeSort.java
Java
*S jdt
*F
1 MergeSort.java
2 file:/C:/Users/yalle/eclipse-workspace/Roteiro_2/target/classes/
*L
*E

 - class annotations:       Array<T>(0x0000000000000000)
 - class type annotations:  Array<T>(0x0000000000000000)
 - field annotations:       Array<T>(0x0000000000000000)
 - field type annotations:  Array<T>(0x0000000000000000)
 - previous version:  constant pool [56] {0x000001b059461f58} for 'sorting/divideAndConquer/MergeSort' (extra) cache=0x000001b059704d58
 - generic signature: '
[error occurred during error reporting (printing register info), id 0xc0000005, EXCEPTION_ACCESS_VIOLATION (0xc0000005) at pc=0x00007ffab63ae2a6]

Registers:
RAX=0x000000000000003c, RBX=0x000001b05814d915, RCX=0x00000000003b003a, RDX=0x000001b058a11b20
RSP=0x0000006d82aff290, RBP=0x000001b05838a1d0, RSI=0x0000000000000000, RDI=0xffffffffffffffff
R8 =0x0000000000000054, R9 =0x0000000000000040, R10=0x0000000000000040, R11=0x0000006d82aff2b0
R12=0x0000006d82aff3e8, R13=0x0000000000000000, R14=0x000000010010af90, R15=0x0000006d82aff438
RIP=0x00007ffab63ad69a, EFLAGS=0x0000000000010206

Top of Stack: (sp=0x0000006d82aff290)
0x0000006d82aff290:   0000000000000022 000000010010af90
0x0000006d82aff2a0:   000001b0583e3be0 0000000000000000
0x0000006d82aff2b0:   ffffffffffffffff 00007ffab611842c
0x0000006d82aff2c0:   000001b05814d915 000001b05814d8f0
0x0000006d82aff2d0:   000001b05838a1d0 000001b058d4e490
0x0000006d82aff2e0:   000001b05814d8b0 00000000000003d8
0x0000006d82aff2f0:   000001b05814d8c0 000001b05814dc98
0x0000006d82aff300:   0000000000000002 0000006d82aff3e8
0x0000006d82aff310:   0000000000000000 0000000000000000
0x0000006d82aff320:   000000008a8ed848 00007ffab60dfa94
0x0000006d82aff330:   000001b0583e3be0 0000006d82aff438
0x0000006d82aff340:   000001b03b95e600 0000006d82aff438
0x0000006d82aff350:   000001b0583e3be0 0000000000000000
0x0000006d82aff360:   000001b000000000 0000000000000000
0x0000006d82aff370:   000000000000000d 00007ffae28a2dff
0x0000006d82aff380:   0000006d82aff430 00007ffae28b1aa0 

Instructions: (pc=0x00007ffab63ad69a)
0x00007ffab63ad59a:   48 83 c4 20 5f e9 4c 8d 90 ff cc cc cc cc cc cc
0x00007ffab63ad5aa:   cc cc cc cc cc cc 48 89 5c 24 08 57 48 83 ec 20
0x00007ffab63ad5ba:   83 fa 02 8d 42 06 b9 08 00 00 00 49 8b d8 0f 4e
0x00007ffab63ad5ca:   c1 48 63 c8 48 83 c1 07 83 e1 f8 48 63 f9 49 8b
0x00007ffab63ad5da:   48 18 48 8b c7 48 f7 d0 48 3b c1 73 16 4c 8d 05
0x00007ffab63ad5ea:   da 4c 17 00 48 8b d7 48 8b cb e8 57 f0 90 ff 48
0x00007ffab63ad5fa:   8b 4b 18 48 8d 04 39 48 3b 43 20 76 18 45 33 c0
0x00007ffab63ad60a:   48 8b d7 48 8b cb 48 8b 5c 24 30 48 83 c4 20 5f
0x00007ffab63ad61a:   e9 b1 ec 90 ff 48 89 43 18 48 8b c1 48 8b 5c 24
0x00007ffab63ad62a:   30 48 83 c4 20 5f c3 cc cc cc cc cc cc cc cc cc
0x00007ffab63ad63a:   cc cc cc cc cc cc 4c 8b d2 4c 8b d9 45 85 c0 7e
0x00007ffab63ad64a:   3c 44 0f b7 49 04 41 8d 40 ff 41 3b c1 44 0f 4c
0x00007ffab63ad65a:   c8 4d 63 c1 45 85 c9 7e 1f 48 8b c2 4c 2b da 49
0x00007ffab63ad66a:   8b d0 0f 1f 40 00 41 0f b6 4c 03 06 88 08 48 8d
0x00007ffab63ad67a:   40 01 48 83 ea 01 75 ee 43 c6 04 10 00 49 8b c2
0x00007ffab63ad68a:   c3 cc cc cc cc cc 48 89 5c 24 08 57 48 83 ec 20
0x00007ffab63ad69a:   0f b7 59 04 48 8b f9 33 d2 48 8d 4b 01 e8 84 df
0x00007ffab63ad6aa:   f2 ff 0f b7 57 04 4c 8b c0 3b da 0f 42 d3 44 8b
0x00007ffab63ad6ba:   ca 85 d2 74 39 48 2b f8 0f 1f 40 00 66 66 0f 1f
0x00007ffab63ad6ca:   84 00 00 00 00 00 0f b6 4c 07 06 88 08 48 ff c0
0x00007ffab63ad6da:   48 8b c8 49 2b c8 49 3b c9 7c eb 42 c6 04 02 00
0x00007ffab63ad6ea:   49 8b c0 48 8b 5c 24 30 48 83 c4 20 5f c3 48 8b
0x00007ffab63ad6fa:   5c 24 30 c6 04 02 00 48 83 c4 20 5f c3 cc cc cc
0x00007ffab63ad70a:   cc cc cc cc cc cc 4c 8b d1 45 85 c0 7e 6c 44 0f
0x00007ffab63ad71a:   b7 49 04 41 8d 40 ff 41 3b c1 44 0f 4c c8 4d 63
0x00007ffab63ad72a:   d9 45 85 c9 7e 22 48 8b ca 4c 2b d2 4d 8b c3 0f
0x00007ffab63ad73a:   1f 80 00 00 00 00 41 0f b6 44 0a 06 88 01 48 8d
0x00007ffab63ad74a:   49 01 49 83 e8 01 75 ee 41 c6 04 13 00 48 c7 c0
0x00007ffab63ad75a:   ff ff ff ff 66 90 48 ff c0 80 3c 02 00 75 f7 48
0x00007ffab63ad76a:   63 c8 85 c0 48 8b c2 7e 14 80 38 2f 75 03 c6 00
0x00007ffab63ad77a:   2e 48 ff c0 48 83 e9 01 75 ef 48 8b c2 c3 cc cc
0x00007ffab63ad78a:   cc cc cc cc cc cc 48 83 ec 28 e8 f7 fe ff ff 4c 


Stack slot to memory mapping:
stack at sp + 0 slots: 0x0000000000000022 is an unknown value
stack at sp + 1 slots: 0x000000010010af90 is a pointer to class: 
sorting.divideAndConquer.MergeSort {0x000000010010af98}
 - instance size:     2
 - klass size:        69
 - access:            public synchronized 
 - state:             fully_initialized
 - name:              'sorting/divideAndConquer/MergeSort'
 - super:             'sorting/AbstractSorting'
 - sub:               
 - arrays:            NULL
 - methods:           Array<T>(0x000001b0597052a0)
 - method ordering:   Array<T>(0x000001b059705698)
 - default_methods:   Array<T>(0x0000000000000000)
 - local interfaces:  Array<T>(0x000001b057800058)
 - trans. interfaces: Array<T>(0x000001b059461b38)
 - constants:         constant pool [62] {0x000001b059705b70} for 'sorting/divideAndConquer/MergeSort' cache=0x000001b059705dd8
 - class loader data:  loader data: 0x000001b058163a10 for instance a 'jdk/internal/loader/ClassLoaders$AppClassLoader'{0x000000008af64300}
 - source file:       'MergeSort.java'
 - source debug extension:       SMAP
MergeSort.java
Java
*S jdt
*F
1 MergeSort.java
2 file:/C:/Users/yalle/eclipse-workspace/Roteiro_2/target/classes/
*L
*E

 - class annotations:       Array<T>(0x0000000000000000)
 - class type annotations:  Array<T>(0x0000000000000000)
 - field annotations:       Array<T>(0x0000000000000000)
 - field type annotations:  Array<T>(0x0000000000000000)
 - previous version:  constant pool [56] {0x000001b059461f58} for 'sorting/divideAndConquer/MergeSort' (extra) cache=0x000001b059704d58
 - generic signature: '
[error occurred during error reporting (inspecting top of stack), id 0xc0000005, EXCEPTION_ACCESS_VIOLATION (0xc0000005) at pc=0x00007ffab63ae2a6]


---------------  P R O C E S S  ---------------

Threads class SMR info:
_java_thread_list=0x000001b058c14080, length=16, elements={
0x000001b03b974520, 0x000001b05774a0b0, 0x000001b05774ab70, 0x000001b057797440,
0x000001b057797d00, 0x000001b05813a090, 0x000001b058142b70, 0x000001b05814ad20,
0x000001b05814b6d0, 0x000001b05814bfd0, 0x000001b0576e8530, 0x000001b0583e3be0,
0x000001b0583d02d0, 0x000001b0583d19c0, 0x000001b0588b00f0, 0x000001b058b281f0
}

Java Threads: ( => current thread )
  0x000001b03b974520 JavaThread "main" [_thread_blocked, id=3088, stack(0x0000006d81900000,0x0000006d81a00000)]
  0x000001b05774a0b0 JavaThread "Reference Handler" daemon [_thread_blocked, id=17712, stack(0x0000006d82000000,0x0000006d82100000)]
  0x000001b05774ab70 JavaThread "Finalizer" daemon [_thread_blocked, id=13084, stack(0x0000006d82100000,0x0000006d82200000)]
  0x000001b057797440 JavaThread "Signal Dispatcher" daemon [_thread_blocked, id=11692, stack(0x0000006d82200000,0x0000006d82300000)]
  0x000001b057797d00 JavaThread "Attach Listener" daemon [_thread_blocked, id=6372, stack(0x0000006d82300000,0x0000006d82400000)]
  0x000001b05813a090 JavaThread "Service Thread" daemon [_thread_blocked, id=18276, stack(0x0000006d82400000,0x0000006d82500000)]
  0x000001b058142b70 JavaThread "Monitor Deflation Thread" daemon [_thread_blocked, id=17396, stack(0x0000006d82500000,0x0000006d82600000)]
  0x000001b05814ad20 JavaThread "C2 CompilerThread0" daemon [_thread_blocked, id=5564, stack(0x0000006d82600000,0x0000006d82700000)]
  0x000001b05814b6d0 JavaThread "C1 CompilerThread0" daemon [_thread_blocked, id=7268, stack(0x0000006d82700000,0x0000006d82800000)]
  0x000001b05814bfd0 JavaThread "Sweeper thread" daemon [_thread_blocked, id=18172, stack(0x0000006d82800000,0x0000006d82900000)]
  0x000001b0576e8530 JavaThread "Common-Cleaner" daemon [_thread_blocked, id=16788, stack(0x0000006d82900000,0x0000006d82a00000)]
=>0x000001b0583e3be0 JavaThread "JDWP Transport Listener: dt_socket" daemon [_thread_in_vm, id=11940, stack(0x0000006d82a00000,0x0000006d82b00000)]
  0x000001b0583d02d0 JavaThread "JDWP Event Helper Thread" daemon [_thread_blocked, id=15092, stack(0x0000006d82b00000,0x0000006d82c00000)]
  0x000001b0583d19c0 JavaThread "JDWP Command Reader" daemon [_thread_in_native, id=16492, stack(0x0000006d82c00000,0x0000006d82d00000)]
  0x000001b0588b00f0 JavaThread "Notification Thread" daemon [_thread_blocked, id=5060, stack(0x0000006d82d00000,0x0000006d82e00000)]
  0x000001b058b281f0 JavaThread "ReaderThread" [_thread_in_native, id=9132, stack(0x0000006d83000000,0x0000006d83100000)]

Other Threads:
  0x000001b057763260 VMThread "VM Thread" [stack: 0x0000006d81f00000,0x0000006d82000000] [id=15036]
  0x000001b03b9d01c0 WatcherThread [stack: 0x0000006d82e00000,0x0000006d82f00000] [id=5112]
  0x000001b03b9b3100 GCTaskThread "GC Thread#0" [stack: 0x0000006d81a00000,0x0000006d81b00000] [id=13024]
  0x000001b03b9c4920 ConcurrentGCThread "G1 Main Marker" [stack: 0x0000006d81b00000,0x0000006d81c00000] [id=6328]
  0x000001b03b9c69f0 ConcurrentGCThread "G1 Conc#0" [stack: 0x0000006d81c00000,0x0000006d81d00000] [id=12312]
  0x000001b03ba43010 ConcurrentGCThread "G1 Refine#0" [stack: 0x0000006d81d00000,0x0000006d81e00000] [id=3992]
  0x000001b03ba43940 ConcurrentGCThread "G1 Service" [stack: 0x0000006d81e00000,0x0000006d81f00000] [id=6064]

Threads with active compile tasks:

VM state: not at safepoint (normal execution)

VM Mutex/Monitor currently owned by a thread: None

Heap address: 0x0000000083200000, size: 1998 MB, Compressed Oops mode: 32-bit

CDS archive(s) not mapped
Compressed class space mapped at: 0x0000000100000000-0x0000000140000000, reserved size: 1073741824
Narrow klass base: 0x0000000000000000, Narrow klass shift: 3, Narrow klass range: 0x140000000

GC Precious Log:
 CPUs: 8 total, 8 available
 Memory: 7987M
 Large Page Support: Disabled
 NUMA Support: Disabled
 Compressed Oops: Enabled (32-bit)
 Heap Region Size: 1M
 Heap Min Capacity: 8M
 Heap Initial Capacity: 126M
 Heap Max Capacity: 1998M
 Pre-touch: Disabled
 Parallel Workers: 8
 Concurrent Workers: 2
 Concurrent Refinement Workers: 8
 Periodic GC: Disabled

Heap:
 garbage-first heap   total 129024K, used 12288K [0x0000000083200000, 0x0000000100000000)
  region size 1024K, 13 young (13312K), 0 survivors (0K)
 Metaspace       used 11358K, committed 11520K, reserved 1064960K
  class space    used 1032K, committed 1088K, reserved 1048576K

Heap Regions: E=young(eden), S=young(survivor), O=old, HS=humongous(starts), HC=humongous(continues), CS=collection set, F=free, OA=open archive, CA=closed archive, TAMS=top-at-mark-start (previous, next)
|   0|0x0000000083200000, 0x0000000083200000, 0x0000000083300000|  0%| F|  |TAMS 0x0000000083200000, 0x0000000083200000| Untracked 
|   1|0x0000000083300000, 0x0000000083300000, 0x0000000083400000|  0%| F|  |TAMS 0x0000000083300000, 0x0000000083300000| Untracked 
|   2|0x0000000083400000, 0x0000000083400000, 0x0000000083500000|  0%| F|  |TAMS 0x0000000083400000, 0x0000000083400000| Untracked 
|   3|0x0000000083500000, 0x0000000083500000, 0x0000000083600000|  0%| F|  |TAMS 0x0000000083500000, 0x0000000083500000| Untracked 
|   4|0x0000000083600000, 0x0000000083600000, 0x0000000083700000|  0%| F|  |TAMS 0x0000000083600000, 0x0000000083600000| Untracked 
|   5|0x0000000083700000, 0x0000000083700000, 0x0000000083800000|  0%| F|  |TAMS 0x0000000083700000, 0x0000000083700000| Untracked 
|   6|0x0000000083800000, 0x0000000083800000, 0x0000000083900000|  0%| F|  |TAMS 0x0000000083800000, 0x0000000083800000| Untracked 
|   7|0x0000000083900000, 0x0000000083900000, 0x0000000083a00000|  0%| F|  |TAMS 0x0000000083900000, 0x0000000083900000| Untracked 
|   8|0x0000000083a00000, 0x0000000083a00000, 0x0000000083b00000|  0%| F|  |TAMS 0x0000000083a00000, 0x0000000083a00000| Untracked 
|   9|0x0000000083b00000, 0x0000000083b00000, 0x0000000083c00000|  0%| F|  |TAMS 0x0000000083b00000, 0x0000000083b00000| Untracked 
|  10|0x0000000083c00000, 0x0000000083c00000, 0x0000000083d00000|  0%| F|  |TAMS 0x0000000083c00000, 0x0000000083c00000| Untracked 
|  11|0x0000000083d00000, 0x0000000083d00000, 0x0000000083e00000|  0%| F|  |TAMS 0x0000000083d00000, 0x0000000083d00000| Untracked 
|  12|0x0000000083e00000, 0x0000000083e00000, 0x0000000083f00000|  0%| F|  |TAMS 0x0000000083e00000, 0x0000000083e00000| Untracked 
|  13|0x0000000083f00000, 0x0000000083f00000, 0x0000000084000000|  0%| F|  |TAMS 0x0000000083f00000, 0x0000000083f00000| Untracked 
|  14|0x0000000084000000, 0x0000000084000000, 0x0000000084100000|  0%| F|  |TAMS 0x0000000084000000, 0x0000000084000000| Untracked 
|  15|0x0000000084100000, 0x0000000084100000, 0x0000000084200000|  0%| F|  |TAMS 0x0000000084100000, 0x0000000084100000| Untracked 
|  16|0x0000000084200000, 0x0000000084200000, 0x0000000084300000|  0%| F|  |TAMS 0x0000000084200000, 0x0000000084200000| Untracked 
|  17|0x0000000084300000, 0x0000000084300000, 0x0000000084400000|  0%| F|  |TAMS 0x0000000084300000, 0x0000000084300000| Untracked 
|  18|0x0000000084400000, 0x0000000084400000, 0x0000000084500000|  0%| F|  |TAMS 0x0000000084400000, 0x0000000084400000| Untracked 
|  19|0x0000000084500000, 0x0000000084500000, 0x0000000084600000|  0%| F|  |TAMS 0x0000000084500000, 0x0000000084500000| Untracked 
|  20|0x0000000084600000, 0x0000000084600000, 0x0000000084700000|  0%| F|  |TAMS 0x0000000084600000, 0x0000000084600000| Untracked 
|  21|0x0000000084700000, 0x0000000084700000, 0x0000000084800000|  0%| F|  |TAMS 0x0000000084700000, 0x0000000084700000| Untracked 
|  22|0x0000000084800000, 0x0000000084800000, 0x0000000084900000|  0%| F|  |TAMS 0x0000000084800000, 0x0000000084800000| Untracked 
|  23|0x0000000084900000, 0x0000000084900000, 0x0000000084a00000|  0%| F|  |TAMS 0x0000000084900000, 0x0000000084900000| Untracked 
|  24|0x0000000084a00000, 0x0000000084a00000, 0x0000000084b00000|  0%| F|  |TAMS 0x0000000084a00000, 0x0000000084a00000| Untracked 
|  25|0x0000000084b00000, 0x0000000084b00000, 0x0000000084c00000|  0%| F|  |TAMS 0x0000000084b00000, 0x0000000084b00000| Untracked 
|  26|0x0000000084c00000, 0x0000000084c00000, 0x0000000084d00000|  0%| F|  |TAMS 0x0000000084c00000, 0x0000000084c00000| Untracked 
|  27|0x0000000084d00000, 0x0000000084d00000, 0x0000000084e00000|  0%| F|  |TAMS 0x0000000084d00000, 0x0000000084d00000| Untracked 
|  28|0x0000000084e00000, 0x0000000084e00000, 0x0000000084f00000|  0%| F|  |TAMS 0x0000000084e00000, 0x0000000084e00000| Untracked 
|  29|0x0000000084f00000, 0x0000000084f00000, 0x0000000085000000|  0%| F|  |TAMS 0x0000000084f00000, 0x0000000084f00000| Untracked 
|  30|0x0000000085000000, 0x0000000085000000, 0x0000000085100000|  0%| F|  |TAMS 0x0000000085000000, 0x0000000085000000| Untracked 
|  31|0x0000000085100000, 0x0000000085100000, 0x0000000085200000|  0%| F|  |TAMS 0x0000000085100000, 0x0000000085100000| Untracked 
|  32|0x0000000085200000, 0x0000000085200000, 0x0000000085300000|  0%| F|  |TAMS 0x0000000085200000, 0x0000000085200000| Untracked 
|  33|0x0000000085300000, 0x0000000085300000, 0x0000000085400000|  0%| F|  |TAMS 0x0000000085300000, 0x0000000085300000| Untracked 
|  34|0x0000000085400000, 0x0000000085400000, 0x0000000085500000|  0%| F|  |TAMS 0x0000000085400000, 0x0000000085400000| Untracked 
|  35|0x0000000085500000, 0x0000000085500000, 0x0000000085600000|  0%| F|  |TAMS 0x0000000085500000, 0x0000000085500000| Untracked 
|  36|0x0000000085600000, 0x0000000085600000, 0x0000000085700000|  0%| F|  |TAMS 0x0000000085600000, 0x0000000085600000| Untracked 
|  37|0x0000000085700000, 0x0000000085700000, 0x0000000085800000|  0%| F|  |TAMS 0x0000000085700000, 0x0000000085700000| Untracked 
|  38|0x0000000085800000, 0x0000000085800000, 0x0000000085900000|  0%| F|  |TAMS 0x0000000085800000, 0x0000000085800000| Untracked 
|  39|0x0000000085900000, 0x0000000085900000, 0x0000000085a00000|  0%| F|  |TAMS 0x0000000085900000, 0x0000000085900000| Untracked 
|  40|0x0000000085a00000, 0x0000000085a00000, 0x0000000085b00000|  0%| F|  |TAMS 0x0000000085a00000, 0x0000000085a00000| Untracked 
|  41|0x0000000085b00000, 0x0000000085b00000, 0x0000000085c00000|  0%| F|  |TAMS 0x0000000085b00000, 0x0000000085b00000| Untracked 
|  42|0x0000000085c00000, 0x0000000085c00000, 0x0000000085d00000|  0%| F|  |TAMS 0x0000000085c00000, 0x0000000085c00000| Untracked 
|  43|0x0000000085d00000, 0x0000000085d00000, 0x0000000085e00000|  0%| F|  |TAMS 0x0000000085d00000, 0x0000000085d00000| Untracked 
|  44|0x0000000085e00000, 0x0000000085e00000, 0x0000000085f00000|  0%| F|  |TAMS 0x0000000085e00000, 0x0000000085e00000| Untracked 
|  45|0x0000000085f00000, 0x0000000085f00000, 0x0000000086000000|  0%| F|  |TAMS 0x0000000085f00000, 0x0000000085f00000| Untracked 
|  46|0x0000000086000000, 0x0000000086000000, 0x0000000086100000|  0%| F|  |TAMS 0x0000000086000000, 0x0000000086000000| Untracked 
|  47|0x0000000086100000, 0x0000000086100000, 0x0000000086200000|  0%| F|  |TAMS 0x0000000086100000, 0x0000000086100000| Untracked 
|  48|0x0000000086200000, 0x0000000086200000, 0x0000000086300000|  0%| F|  |TAMS 0x0000000086200000, 0x0000000086200000| Untracked 
|  49|0x0000000086300000, 0x0000000086300000, 0x0000000086400000|  0%| F|  |TAMS 0x0000000086300000, 0x0000000086300000| Untracked 
|  50|0x0000000086400000, 0x0000000086400000, 0x0000000086500000|  0%| F|  |TAMS 0x0000000086400000, 0x0000000086400000| Untracked 
|  51|0x0000000086500000, 0x0000000086500000, 0x0000000086600000|  0%| F|  |TAMS 0x0000000086500000, 0x0000000086500000| Untracked 
|  52|0x0000000086600000, 0x0000000086600000, 0x0000000086700000|  0%| F|  |TAMS 0x0000000086600000, 0x0000000086600000| Untracked 
|  53|0x0000000086700000, 0x0000000086700000, 0x0000000086800000|  0%| F|  |TAMS 0x0000000086700000, 0x0000000086700000| Untracked 
|  54|0x0000000086800000, 0x0000000086800000, 0x0000000086900000|  0%| F|  |TAMS 0x0000000086800000, 0x0000000086800000| Untracked 
|  55|0x0000000086900000, 0x0000000086900000, 0x0000000086a00000|  0%| F|  |TAMS 0x0000000086900000, 0x0000000086900000| Untracked 
|  56|0x0000000086a00000, 0x0000000086a00000, 0x0000000086b00000|  0%| F|  |TAMS 0x0000000086a00000, 0x0000000086a00000| Untracked 
|  57|0x0000000086b00000, 0x0000000086b00000, 0x0000000086c00000|  0%| F|  |TAMS 0x0000000086b00000, 0x0000000086b00000| Untracked 
|  58|0x0000000086c00000, 0x0000000086c00000, 0x0000000086d00000|  0%| F|  |TAMS 0x0000000086c00000, 0x0000000086c00000| Untracked 
|  59|0x0000000086d00000, 0x0000000086d00000, 0x0000000086e00000|  0%| F|  |TAMS 0x0000000086d00000, 0x0000000086d00000| Untracked 
|  60|0x0000000086e00000, 0x0000000086e00000, 0x0000000086f00000|  0%| F|  |TAMS 0x0000000086e00000, 0x0000000086e00000| Untracked 
|  61|0x0000000086f00000, 0x0000000086f00000, 0x0000000087000000|  0%| F|  |TAMS 0x0000000086f00000, 0x0000000086f00000| Untracked 
|  62|0x0000000087000000, 0x0000000087000000, 0x0000000087100000|  0%| F|  |TAMS 0x0000000087000000, 0x0000000087000000| Untracked 
|  63|0x0000000087100000, 0x0000000087100000, 0x0000000087200000|  0%| F|  |TAMS 0x0000000087100000, 0x0000000087100000| Untracked 
|  64|0x0000000087200000, 0x0000000087200000, 0x0000000087300000|  0%| F|  |TAMS 0x0000000087200000, 0x0000000087200000| Untracked 
|  65|0x0000000087300000, 0x0000000087300000, 0x0000000087400000|  0%| F|  |TAMS 0x0000000087300000, 0x0000000087300000| Untracked 
|  66|0x0000000087400000, 0x0000000087400000, 0x0000000087500000|  0%| F|  |TAMS 0x0000000087400000, 0x0000000087400000| Untracked 
|  67|0x0000000087500000, 0x0000000087500000, 0x0000000087600000|  0%| F|  |TAMS 0x0000000087500000, 0x0000000087500000| Untracked 
|  68|0x0000000087600000, 0x0000000087600000, 0x0000000087700000|  0%| F|  |TAMS 0x0000000087600000, 0x0000000087600000| Untracked 
|  69|0x0000000087700000, 0x0000000087700000, 0x0000000087800000|  0%| F|  |TAMS 0x0000000087700000, 0x0000000087700000| Untracked 
|  70|0x0000000087800000, 0x0000000087800000, 0x0000000087900000|  0%| F|  |TAMS 0x0000000087800000, 0x0000000087800000| Untracked 
|  71|0x0000000087900000, 0x0000000087900000, 0x0000000087a00000|  0%| F|  |TAMS 0x0000000087900000, 0x0000000087900000| Untracked 
|  72|0x0000000087a00000, 0x0000000087a00000, 0x0000000087b00000|  0%| F|  |TAMS 0x0000000087a00000, 0x0000000087a00000| Untracked 
|  73|0x0000000087b00000, 0x0000000087b00000, 0x0000000087c00000|  0%| F|  |TAMS 0x0000000087b00000, 0x0000000087b00000| Untracked 
|  74|0x0000000087c00000, 0x0000000087c00000, 0x0000000087d00000|  0%| F|  |TAMS 0x0000000087c00000, 0x0000000087c00000| Untracked 
|  75|0x0000000087d00000, 0x0000000087d00000, 0x0000000087e00000|  0%| F|  |TAMS 0x0000000087d00000, 0x0000000087d00000| Untracked 
|  76|0x0000000087e00000, 0x0000000087e00000, 0x0000000087f00000|  0%| F|  |TAMS 0x0000000087e00000, 0x0000000087e00000| Untracked 
|  77|0x0000000087f00000, 0x0000000087f00000, 0x0000000088000000|  0%| F|  |TAMS 0x0000000087f00000, 0x0000000087f00000| Untracked 
|  78|0x0000000088000000, 0x0000000088000000, 0x0000000088100000|  0%| F|  |TAMS 0x0000000088000000, 0x0000000088000000| Untracked 
|  79|0x0000000088100000, 0x0000000088100000, 0x0000000088200000|  0%| F|  |TAMS 0x0000000088100000, 0x0000000088100000| Untracked 
|  80|0x0000000088200000, 0x0000000088200000, 0x0000000088300000|  0%| F|  |TAMS 0x0000000088200000, 0x0000000088200000| Untracked 
|  81|0x0000000088300000, 0x0000000088300000, 0x0000000088400000|  0%| F|  |TAMS 0x0000000088300000, 0x0000000088300000| Untracked 
|  82|0x0000000088400000, 0x0000000088400000, 0x0000000088500000|  0%| F|  |TAMS 0x0000000088400000, 0x0000000088400000| Untracked 
|  83|0x0000000088500000, 0x0000000088500000, 0x0000000088600000|  0%| F|  |TAMS 0x0000000088500000, 0x0000000088500000| Untracked 
|  84|0x0000000088600000, 0x0000000088600000, 0x0000000088700000|  0%| F|  |TAMS 0x0000000088600000, 0x0000000088600000| Untracked 
|  85|0x0000000088700000, 0x0000000088700000, 0x0000000088800000|  0%| F|  |TAMS 0x0000000088700000, 0x0000000088700000| Untracked 
|  86|0x0000000088800000, 0x0000000088800000, 0x0000000088900000|  0%| F|  |TAMS 0x0000000088800000, 0x0000000088800000| Untracked 
|  87|0x0000000088900000, 0x0000000088900000, 0x0000000088a00000|  0%| F|  |TAMS 0x0000000088900000, 0x0000000088900000| Untracked 
|  88|0x0000000088a00000, 0x0000000088a00000, 0x0000000088b00000|  0%| F|  |TAMS 0x0000000088a00000, 0x0000000088a00000| Untracked 
|  89|0x0000000088b00000, 0x0000000088b00000, 0x0000000088c00000|  0%| F|  |TAMS 0x0000000088b00000, 0x0000000088b00000| Untracked 
|  90|0x0000000088c00000, 0x0000000088c00000, 0x0000000088d00000|  0%| F|  |TAMS 0x0000000088c00000, 0x0000000088c00000| Untracked 
|  91|0x0000000088d00000, 0x0000000088d00000, 0x0000000088e00000|  0%| F|  |TAMS 0x0000000088d00000, 0x0000000088d00000| Untracked 
|  92|0x0000000088e00000, 0x0000000088e00000, 0x0000000088f00000|  0%| F|  |TAMS 0x0000000088e00000, 0x0000000088e00000| Untracked 
|  93|0x0000000088f00000, 0x0000000088f00000, 0x0000000089000000|  0%| F|  |TAMS 0x0000000088f00000, 0x0000000088f00000| Untracked 
|  94|0x0000000089000000, 0x0000000089000000, 0x0000000089100000|  0%| F|  |TAMS 0x0000000089000000, 0x0000000089000000| Untracked 
|  95|0x0000000089100000, 0x0000000089100000, 0x0000000089200000|  0%| F|  |TAMS 0x0000000089100000, 0x0000000089100000| Untracked 
|  96|0x0000000089200000, 0x0000000089200000, 0x0000000089300000|  0%| F|  |TAMS 0x0000000089200000, 0x0000000089200000| Untracked 
|  97|0x0000000089300000, 0x0000000089300000, 0x0000000089400000|  0%| F|  |TAMS 0x0000000089300000, 0x0000000089300000| Untracked 
|  98|0x0000000089400000, 0x0000000089400000, 0x0000000089500000|  0%| F|  |TAMS 0x0000000089400000, 0x0000000089400000| Untracked 
|  99|0x0000000089500000, 0x0000000089500000, 0x0000000089600000|  0%| F|  |TAMS 0x0000000089500000, 0x0000000089500000| Untracked 
| 100|0x0000000089600000, 0x0000000089600000, 0x0000000089700000|  0%| F|  |TAMS 0x0000000089600000, 0x0000000089600000| Untracked 
| 101|0x0000000089700000, 0x0000000089700000, 0x0000000089800000|  0%| F|  |TAMS 0x0000000089700000, 0x0000000089700000| Untracked 
| 102|0x0000000089800000, 0x0000000089800000, 0x0000000089900000|  0%| F|  |TAMS 0x0000000089800000, 0x0000000089800000| Untracked 
| 103|0x0000000089900000, 0x0000000089900000, 0x0000000089a00000|  0%| F|  |TAMS 0x0000000089900000, 0x0000000089900000| Untracked 
| 104|0x0000000089a00000, 0x0000000089a00000, 0x0000000089b00000|  0%| F|  |TAMS 0x0000000089a00000, 0x0000000089a00000| Untracked 
| 105|0x0000000089b00000, 0x0000000089b00000, 0x0000000089c00000|  0%| F|  |TAMS 0x0000000089b00000, 0x0000000089b00000| Untracked 
| 106|0x0000000089c00000, 0x0000000089c00000, 0x0000000089d00000|  0%| F|  |TAMS 0x0000000089c00000, 0x0000000089c00000| Untracked 
| 107|0x0000000089d00000, 0x0000000089d00000, 0x0000000089e00000|  0%| F|  |TAMS 0x0000000089d00000, 0x0000000089d00000| Untracked 
| 108|0x0000000089e00000, 0x0000000089e00000, 0x0000000089f00000|  0%| F|  |TAMS 0x0000000089e00000, 0x0000000089e00000| Untracked 
| 109|0x0000000089f00000, 0x0000000089f00000, 0x000000008a000000|  0%| F|  |TAMS 0x0000000089f00000, 0x0000000089f00000| Untracked 
| 110|0x000000008a000000, 0x000000008a000000, 0x000000008a100000|  0%| F|  |TAMS 0x000000008a000000, 0x000000008a000000| Untracked 
| 111|0x000000008a100000, 0x000000008a100000, 0x000000008a200000|  0%| F|  |TAMS 0x000000008a100000, 0x000000008a100000| Untracked 
| 112|0x000000008a200000, 0x000000008a200000, 0x000000008a300000|  0%| F|  |TAMS 0x000000008a200000, 0x000000008a200000| Untracked 
| 113|0x000000008a300000, 0x000000008a376528, 0x000000008a400000| 46%| E|  |TAMS 0x000000008a300000, 0x000000008a300000| Complete 
| 114|0x000000008a400000, 0x000000008a500000, 0x000000008a500000|100%| E|CS|TAMS 0x000000008a400000, 0x000000008a400000| Complete 
| 115|0x000000008a500000, 0x000000008a600000, 0x000000008a600000|100%| E|CS|TAMS 0x000000008a500000, 0x000000008a500000| Complete 
| 116|0x000000008a600000, 0x000000008a700000, 0x000000008a700000|100%| E|CS|TAMS 0x000000008a600000, 0x000000008a600000| Complete 
| 117|0x000000008a700000, 0x000000008a800000, 0x000000008a800000|100%| E|CS|TAMS 0x000000008a700000, 0x000000008a700000| Complete 
| 118|0x000000008a800000, 0x000000008a900000, 0x000000008a900000|100%| E|CS|TAMS 0x000000008a800000, 0x000000008a800000| Complete 
| 119|0x000000008a900000, 0x000000008aa00000, 0x000000008aa00000|100%| E|CS|TAMS 0x000000008a900000, 0x000000008a900000| Complete 
| 120|0x000000008aa00000, 0x000000008ab00000, 0x000000008ab00000|100%| E|CS|TAMS 0x000000008aa00000, 0x000000008aa00000| Complete 
| 121|0x000000008ab00000, 0x000000008ac00000, 0x000000008ac00000|100%| E|CS|TAMS 0x000000008ab00000, 0x000000008ab00000| Complete 
| 122|0x000000008ac00000, 0x000000008ad00000, 0x000000008ad00000|100%| E|CS|TAMS 0x000000008ac00000, 0x000000008ac00000| Complete 
| 123|0x000000008ad00000, 0x000000008ae00000, 0x000000008ae00000|100%| E|CS|TAMS 0x000000008ad00000, 0x000000008ad00000| Complete 
| 124|0x000000008ae00000, 0x000000008af00000, 0x000000008af00000|100%| E|CS|TAMS 0x000000008ae00000, 0x000000008ae00000| Complete 
| 125|0x000000008af00000, 0x000000008b000000, 0x000000008b000000|100%| E|CS|TAMS 0x000000008af00000, 0x000000008af00000| Complete 

Card table byte_map: [0x000001b050640000,0x000001b050a30000] _byte_map_base: 0x000001b050227000

Marking Bits (Prev, Next): (CMBitMap*) 0x000001b03b9b4630, (CMBitMap*) 0x000001b03b9b4670
 Prev Bits: [0x000001b050e20000, 0x000001b052d58000)
 Next Bits: [0x000001b052d60000, 0x000001b054c98000)

Polling page: 0x000001b03b820000

Metaspace:

Usage:
  Non-class:     10.08 MB used.
      Class:      1.01 MB used.
       Both:     11.09 MB used.

Virtual space:
  Non-class space:       16.00 MB reserved,      10.19 MB ( 64%) committed,  2 nodes.
      Class space:        1.00 GB reserved,       1.06 MB ( <1%) committed,  1 nodes.
             Both:        1.02 GB reserved,      11.25 MB (  1%) committed. 

Chunk freelists:
   Non-Class:  992.00 KB
       Class:  2.89 MB
        Both:  3.86 MB

MaxMetaspaceSize: unlimited
CompressedClassSpaceSize: 1.00 GB
Initial GC threshold: 21.00 MB
Current GC threshold: 21.00 MB
CDS: off
MetaspaceReclaimPolicy: balanced
 - commit_granule_bytes: 65536.
 - commit_granule_words: 8192.
 - virtual_space_node_default_size: 1048576.
 - enlarge_chunks_in_place: 1.
 - new_chunks_are_fully_committed: 0.
 - uncommit_free_chunks: 1.
 - use_allocation_guard: 0.
 - handle_deallocations: 1.


Internal statistics:

num_allocs_failed_limit: 0.
num_arena_births: 18.
num_arena_deaths: 0.
num_vsnodes_births: 3.
num_vsnodes_deaths: 0.
num_space_committed: 180.
num_space_uncommitted: 0.
num_chunks_returned_to_freelist: 0.
num_chunks_taken_from_freelist: 94.
num_chunk_merges: 0.
num_chunk_splits: 46.
num_chunks_enlarged: 32.
num_purges: 0.
num_inconsistent_stats: 0.

CodeHeap 'non-profiled nmethods': size=120000Kb used=243Kb max_used=243Kb free=119756Kb
 bounds [0x000001b0482c0000, 0x000001b048530000, 0x000001b04f7f0000]
CodeHeap 'profiled nmethods': size=120000Kb used=1343Kb max_used=1343Kb free=118656Kb
 bounds [0x000001b040d90000, 0x000001b041000000, 0x000001b0482c0000]
CodeHeap 'non-nmethods': size=5760Kb used=1220Kb max_used=1245Kb free=4539Kb
 bounds [0x000001b0407f0000, 0x000001b040a60000, 0x000001b040d90000]
 total_blobs=1132 nmethods=706 adapters=339
 compilation: enabled
              stopped_count=0, restarted_count=0
 full_count=0

Compilation events (20 events):
Event: 0.580 Thread 0x000001b05814b6d0 nmethod 697 0x000001b040ed9d90 code [0x000001b040eda080, 0x000001b040edb128]
Event: 0.580 Thread 0x000001b05814b6d0  698       3       java.util.zip.ZipCoder::hash (36 bytes)
Event: 0.580 Thread 0x000001b0588ad5a0 nmethod 692 0x000001b0482fc390 code [0x000001b0482fc500, 0x000001b0482fc918]
Event: 0.580 Thread 0x000001b05814b6d0 nmethod 698 0x000001b040edbb90 code [0x000001b040edbdc0, 0x000001b040edc508]
Event: 0.580 Thread 0x000001b05814b6d0  699       3       java.util.jar.Manifest::getAttributes (14 bytes)
Event: 0.580 Thread 0x000001b05814b6d0 nmethod 699 0x000001b040edc810 code [0x000001b040edc9c0, 0x000001b040edcca8]
Event: 0.580 Thread 0x000001b05814b6d0  700       3       java.lang.String::equalsIgnoreCase (45 bytes)
Event: 0.581 Thread 0x000001b05814b6d0 nmethod 700 0x000001b040edcd90 code [0x000001b040edcf80, 0x000001b040edd4e8]
Event: 0.581 Thread 0x000001b05814b6d0  701       3       org.eclipse.jdt.launching.internal.org.objectweb.asm.AnnotationWriter::putAnnotations (67 bytes)
Event: 0.581 Thread 0x000001b05814b6d0 nmethod 701 0x000001b040edd710 code [0x000001b040edd920, 0x000001b040eddd58]
Event: 0.582 Thread 0x000001b05814b6d0  702   !   3       java.util.zip.ZipFile::getEntry (59 bytes)
Event: 0.582 Thread 0x000001b05814b6d0 nmethod 702 0x000001b040ede010 code [0x000001b040ede200, 0x000001b040ede698]
Event: 0.583 Thread 0x000001b05814b6d0  703       3       java.util.LinkedHashMap::get (29 bytes)
Event: 0.584 Thread 0x000001b05814ad20  706       4       java.lang.String::<init> (15 bytes)
Event: 0.584 Thread 0x000001b05814b6d0 nmethod 703 0x000001b040ede990 code [0x000001b040edeb40, 0x000001b040ededb8]
Event: 0.584 Thread 0x000001b05814b6d0  704   !   3       jdk.internal.loader.URLClassPath$JarLoader::ensureOpen (36 bytes)
Event: 0.584 Thread 0x000001b05814b6d0 nmethod 704 0x000001b040edee90 code [0x000001b040edf060, 0x000001b040edf4b8]
Event: 0.584 Thread 0x000001b05814b6d0  705       3       java.util.jar.JarFile::getJarEntry (9 bytes)
Event: 0.584 Thread 0x000001b05814b6d0 nmethod 705 0x000001b040edf690 code [0x000001b040edf880, 0x000001b040edfd58]
Event: 0.585 Thread 0x000001b05814ad20 nmethod 706 0x000001b0482fca90 code [0x000001b0482fcc00, 0x000001b0482fcd38]

GC Heap History (0 events):
No events

Deoptimization events (20 events):
Event: 0.409 Thread 0x000001b03b974520 DEOPT PACKING pc=0x000001b040e0bcac sp=0x0000006d819f7d60
Event: 0.409 Thread 0x000001b03b974520 DEOPT UNPACKING pc=0x000001b040846763 sp=0x0000006d819f71c8 mode 0
Event: 0.411 Thread 0x000001b03b974520 DEOPT PACKING pc=0x000001b040e0bcac sp=0x0000006d819fb760
Event: 0.411 Thread 0x000001b03b974520 DEOPT UNPACKING pc=0x000001b040846763 sp=0x0000006d819fabc8 mode 0
Event: 0.418 Thread 0x000001b03b974520 DEOPT PACKING pc=0x000001b040e11af9 sp=0x0000006d819f7b70
Event: 0.418 Thread 0x000001b03b974520 DEOPT UNPACKING pc=0x000001b040846763 sp=0x0000006d819f6ff8 mode 0
Event: 0.419 Thread 0x000001b03b974520 DEOPT PACKING pc=0x000001b040d9ded5 sp=0x0000006d819f7f30
Event: 0.419 Thread 0x000001b03b974520 DEOPT UNPACKING pc=0x000001b040846763 sp=0x0000006d819f73a8 mode 0
Event: 0.424 Thread 0x000001b03b974520 DEOPT PACKING pc=0x000001b040e11af9 sp=0x0000006d819fa8b0
Event: 0.424 Thread 0x000001b03b974520 DEOPT UNPACKING pc=0x000001b040846763 sp=0x0000006d819f9d10 mode 0
Event: 0.455 Thread 0x000001b03b974520 Uncommon trap: trap_request=0xffffff45 fr.pc=0x000001b0482df348 relative=0x00000000000000a8
Event: 0.455 Thread 0x000001b03b974520 Uncommon trap: reason=unstable_if action=reinterpret pc=0x000001b0482df348 method=java.lang.invoke.VarHandle.checkExactAccessMode(Ljava/lang/invoke/VarHandle$AccessDescriptor;)V @ 4 c2
Event: 0.455 Thread 0x000001b03b974520 DEOPT PACKING pc=0x000001b0482df348 sp=0x0000006d819fef60
Event: 0.455 Thread 0x000001b03b974520 DEOPT UNPACKING pc=0x000001b040845c23 sp=0x0000006d819fef20 mode 2
Event: 0.455 Thread 0x000001b03b974520 Uncommon trap: trap_request=0xffffff45 fr.pc=0x000001b0482dfb0c relative=0x000000000000008c
Event: 0.455 Thread 0x000001b03b974520 Uncommon trap: reason=unstable_if action=reinterpret pc=0x000001b0482dfb0c method=java.lang.invoke.VarForm.getMemberNameOrNull(I)Ljava/lang/invoke/MemberName; @ 8 c2
Event: 0.455 Thread 0x000001b03b974520 DEOPT PACKING pc=0x000001b0482dfb0c sp=0x0000006d819fef50
Event: 0.455 Thread 0x000001b03b974520 DEOPT UNPACKING pc=0x000001b040845c23 sp=0x0000006d819fee88 mode 2
Event: 0.575 Thread 0x000001b03b974520 DEOPT PACKING pc=0x000001b040e1f0be sp=0x0000006d819fddb0
Event: 0.575 Thread 0x000001b03b974520 DEOPT UNPACKING pc=0x000001b040846763 sp=0x0000006d819fd228 mode 0

Classes unloaded (0 events):
No events

Classes redefined (1 events):
Event: 104.731 Thread 0x000001b057763260 redefined class name=sorting.divideAndConquer.MergeSort, count=1

Internal exceptions (5 events):
Event: 0.445 Thread 0x000001b03b974520 Exception <a 'java/lang/NoSuchMethodError'{0x000000008a942350}: 'java.lang.Object java.lang.invoke.DirectMethodHandle$Holder.invokeStaticInit(java.lang.Object)'> (0x000000008a942350) 
thrown [e:\jenkins\tmp\workspace\build\src\src\hotspot\share\interpreter\linkResolver.cpp, line 766]
Event: 0.452 Thread 0x000001b03b974520 Exception <a 'java/lang/NoSuchMethodError'{0x000000008a969e58}: 'void java.lang.invoke.DirectMethodHandle$Holder.invokeStatic(java.lang.Object, java.lang.Object)'> (0x000000008a969e58) 
thrown [e:\jenkins\tmp\workspace\build\src\src\hotspot\share\interpreter\linkResolver.cpp, line 766]
Event: 0.525 Thread 0x000001b03b974520 Exception <a 'java/lang/NoSuchMethodError'{0x000000008a6d57a8}: 'java.lang.Object java.lang.invoke.DirectMethodHandle$Holder.invokeInterface(java.lang.Object, java.lang.Object)'> (0x000000008a6d57a8) 
thrown [e:\jenkins\tmp\workspace\build\src\src\hotspot\share\interpreter\linkResolver.cpp, line 766]
Event: 0.526 Thread 0x000001b03b974520 Exception <a 'java/lang/IncompatibleClassChangeError'{0x000000008a6d8fa0}: Found class java.lang.Object, but interface was expected> (0x000000008a6d8fa0) 
thrown [e:\jenkins\tmp\workspace\build\src\src\hotspot\share\interpreter\linkResolver.cpp, line 833]
Event: 0.541 Thread 0x000001b03b974520 Exception <a 'java/lang/NoSuchMethodError'{0x000000008a5896e0}: 'java.lang.Object java.lang.invoke.DirectMethodHandle$Holder.newInvokeSpecial(java.lang.Object, java.lang.Object, java.lang.Object, java.lang.Object, java.lang.Object)'> (0x000000008a5896e0) 
thrown [e:\jenkins\tmp\workspace\build\src\src\hotspot\share\interpreter\linkResolver.cpp, line 766]

VM Operations (20 events):
Event: 103.318 Executing VM operation: get/set locals
Event: 103.318 Executing VM operation: get/set locals done
Event: 103.319 Executing VM operation: get/set locals
Event: 103.319 Executing VM operation: get/set locals done
Event: 103.320 Executing VM operation: get/set locals
Event: 103.320 Executing VM operation: get/set locals done
Event: 103.321 Executing VM operation: get/set locals
Event: 103.321 Executing VM operation: get/set locals done
Event: 103.322 Executing VM operation: get/set locals
Event: 103.322 Executing VM operation: get/set locals done
Event: 103.322 Executing VM operation: get/set locals
Event: 103.322 Executing VM operation: get/set locals done
Event: 103.323 Executing VM operation: get/set locals
Event: 103.323 Executing VM operation: get/set locals done
Event: 103.324 Executing VM operation: get/set locals
Event: 103.324 Executing VM operation: get/set locals done
Event: 104.730 Executing VM operation: RedefineClasses
Event: 104.736 Executing VM operation: RedefineClasses done
Event: 104.742 Executing VM operation: ChangeBreakpoints
Event: 104.742 Executing VM operation: ChangeBreakpoints done

Events (20 events):
Event: 0.571 loading class java/io/ObjectOutput
Event: 0.571 loading class java/io/ObjectOutput done
Event: 0.571 loading class java/io/ObjectStreamConstants
Event: 0.571 loading class java/io/ObjectStreamConstants done
Event: 0.571 loading class java/io/ObjectOutputStream done
Event: 0.571 loading class java/io/ObjectInputStream
Event: 0.572 loading class java/io/ObjectInput
Event: 0.572 loading class java/io/ObjectInput done
Event: 0.572 loading class java/io/ObjectInputStream done
Event: 0.572 loading class java/io/ObjectStreamClass$FieldReflectorKey
Event: 0.572 loading class java/io/ObjectStreamClass$FieldReflectorKey done
Event: 0.572 loading class java/io/ObjectStreamClass$FieldReflector
Event: 0.572 loading class java/io/ObjectStreamClass$FieldReflector done
Event: 0.575 loading class java/util/concurrent/CopyOnWriteArrayList$COWIterator
Event: 0.575 loading class java/util/concurrent/CopyOnWriteArrayList$COWIterator done
Event: 0.581 loading class sun/nio/ch/IOStatus
Event: 0.581 loading class sun/nio/ch/IOStatus done
Event: 0.582 loading class java/lang/reflect/InvocationTargetException
Event: 0.582 loading class java/lang/reflect/InvocationTargetException done
Event: 5.585 Thread 0x000001b0588ad5a0 Thread exited: 0x000001b0588ad5a0


Dynamic libraries:
0x00007ff6ed330000 - 0x00007ff6ed33e000 	C:\Users\yalle\AppData\Roaming\Microsoft\Windows\Start Menu\Programs\Eclipse\plugins\org.eclipse.justj.openjdk.hotspot.jre.full.win32.x86_64_17.0.2.v20220201-1208\jre\bin\javaw.exe
0x00007ffaf79d0000 - 0x00007ffaf7bc8000 	C:\WINDOWS\SYSTEM32\ntdll.dll
0x00007ffaf78d0000 - 0x00007ffaf798f000 	C:\WINDOWS\System32\KERNEL32.DLL
0x00007ffaf50c0000 - 0x00007ffaf5392000 	C:\WINDOWS\System32\KERNELBASE.dll
0x00007ffaf53a0000 - 0x00007ffaf54a0000 	C:\WINDOWS\System32\ucrtbase.dll
0x00007ffaf22d0000 - 0x00007ffaf22e8000 	C:\Users\yalle\AppData\Roaming\Microsoft\Windows\Start Menu\Programs\Eclipse\plugins\org.eclipse.justj.openjdk.hotspot.jre.full.win32.x86_64_17.0.2.v20220201-1208\jre\bin\jli.dll
0x00007ffae5000000 - 0x00007ffae5019000 	C:\Users\yalle\AppData\Roaming\Microsoft\Windows\Start Menu\Programs\Eclipse\plugins\org.eclipse.justj.openjdk.hotspot.jre.full.win32.x86_64_17.0.2.v20220201-1208\jre\bin\VCRUNTIME140.dll
0x00007ffaf6f20000 - 0x00007ffaf70c1000 	C:\WINDOWS\System32\USER32.dll
0x00007ffaf56e0000 - 0x00007ffaf5702000 	C:\WINDOWS\System32\win32u.dll
0x00007ffae4200000 - 0x00007ffae449a000 	C:\WINDOWS\WinSxS\amd64_microsoft.windows.common-controls_6595b64144ccf1df_6.0.19041.1110_none_60b5254171f9507e\COMCTL32.dll
0x00007ffaf5ee0000 - 0x00007ffaf5f0b000 	C:\WINDOWS\System32\GDI32.dll
0x00007ffaf6250000 - 0x00007ffaf62ee000 	C:\WINDOWS\System32\msvcrt.dll
0x00007ffaf5870000 - 0x00007ffaf597f000 	C:\WINDOWS\System32\gdi32full.dll
0x00007ffaf5610000 - 0x00007ffaf56ad000 	C:\WINDOWS\System32\msvcp_win.dll
0x00007ffaf5f90000 - 0x00007ffaf5fc2000 	C:\WINDOWS\System32\IMM32.DLL
0x00007ffae4e10000 - 0x00007ffae4e1c000 	C:\Users\yalle\AppData\Roaming\Microsoft\Windows\Start Menu\Programs\Eclipse\plugins\org.eclipse.justj.openjdk.hotspot.jre.full.win32.x86_64_17.0.2.v20220201-1208\jre\bin\vcruntime140_1.dll
0x00007ffad8a10000 - 0x00007ffad8aa1000 	C:\Users\yalle\AppData\Roaming\Microsoft\Windows\Start Menu\Programs\Eclipse\plugins\org.eclipse.justj.openjdk.hotspot.jre.full.win32.x86_64_17.0.2.v20220201-1208\jre\bin\msvcp140.dll
0x00007ffab5c10000 - 0x00007ffab6857000 	C:\Users\yalle\AppData\Roaming\Microsoft\Windows\Start Menu\Programs\Eclipse\plugins\org.eclipse.justj.openjdk.hotspot.jre.full.win32.x86_64_17.0.2.v20220201-1208\jre\bin\server\jvm.dll
0x00007ffaf5c60000 - 0x00007ffaf5d0e000 	C:\WINDOWS\System32\ADVAPI32.dll
0x00007ffaf7170000 - 0x00007ffaf720c000 	C:\WINDOWS\System32\sechost.dll
0x00007ffaf5a10000 - 0x00007ffaf5b35000 	C:\WINDOWS\System32\RPCRT4.dll
0x00007ffaf67c0000 - 0x00007ffaf67c8000 	C:\WINDOWS\System32\PSAPI.DLL
0x00007ffae6c10000 - 0x00007ffae6c19000 	C:\WINDOWS\SYSTEM32\WSOCK32.dll
0x00007ffaea2c0000 - 0x00007ffaea2e7000 	C:\WINDOWS\SYSTEM32\WINMM.dll
0x00007ffaf6100000 - 0x00007ffaf616b000 	C:\WINDOWS\System32\WS2_32.dll
0x00007ffaf16d0000 - 0x00007ffaf16da000 	C:\WINDOWS\SYSTEM32\VERSION.dll
0x00007ffaf3c10000 - 0x00007ffaf3c22000 	C:\WINDOWS\SYSTEM32\kernel.appcore.dll
0x00007ffaeeee0000 - 0x00007ffaeeeea000 	C:\Users\yalle\AppData\Roaming\Microsoft\Windows\Start Menu\Programs\Eclipse\plugins\org.eclipse.justj.openjdk.hotspot.jre.full.win32.x86_64_17.0.2.v20220201-1208\jre\bin\jimage.dll
0x00007ffaf3620000 - 0x00007ffaf3804000 	C:\WINDOWS\SYSTEM32\DBGHELP.DLL
0x00007ffae3fc0000 - 0x00007ffae3ff5000 	C:\WINDOWS\SYSTEM32\dbgcore.DLL
0x00007ffaf5980000 - 0x00007ffaf5a02000 	C:\WINDOWS\System32\bcryptPrimitives.dll
0x00007ffae2880000 - 0x00007ffae28bb000 	C:\Users\yalle\AppData\Roaming\Microsoft\Windows\Start Menu\Programs\Eclipse\plugins\org.eclipse.justj.openjdk.hotspot.jre.full.win32.x86_64_17.0.2.v20220201-1208\jre\bin\jdwp.dll
0x00007ffae2870000 - 0x00007ffae287e000 	C:\Users\yalle\AppData\Roaming\Microsoft\Windows\Start Menu\Programs\Eclipse\plugins\org.eclipse.justj.openjdk.hotspot.jre.full.win32.x86_64_17.0.2.v20220201-1208\jre\bin\instrument.dll
0x00007ffae2aa0000 - 0x00007ffae2ac5000 	C:\Users\yalle\AppData\Roaming\Microsoft\Windows\Start Menu\Programs\Eclipse\plugins\org.eclipse.justj.openjdk.hotspot.jre.full.win32.x86_64_17.0.2.v20220201-1208\jre\bin\java.dll
0x00007ffaed8e0000 - 0x00007ffaed8f8000 	C:\Users\yalle\AppData\Roaming\Microsoft\Windows\Start Menu\Programs\Eclipse\plugins\org.eclipse.justj.openjdk.hotspot.jre.full.win32.x86_64_17.0.2.v20220201-1208\jre\bin\zip.dll
0x00007ffaf67d0000 - 0x00007ffaf6f14000 	C:\WINDOWS\System32\SHELL32.dll
0x00007ffaf2d60000 - 0x00007ffaf34f2000 	C:\WINDOWS\SYSTEM32\windows.storage.dll
0x00007ffaf72e0000 - 0x00007ffaf7635000 	C:\WINDOWS\System32\combase.dll
0x00007ffaf4960000 - 0x00007ffaf4990000 	C:\WINDOWS\SYSTEM32\Wldp.dll
0x00007ffaf5d20000 - 0x00007ffaf5dcd000 	C:\WINDOWS\System32\SHCORE.dll
0x00007ffaf6190000 - 0x00007ffaf61e5000 	C:\WINDOWS\System32\shlwapi.dll
0x00007ffaf5000000 - 0x00007ffaf501f000 	C:\WINDOWS\SYSTEM32\profapi.dll
0x00007ffae25b0000 - 0x00007ffae25bc000 	C:\Users\yalle\AppData\Roaming\Microsoft\Windows\Start Menu\Programs\Eclipse\plugins\org.eclipse.justj.openjdk.hotspot.jre.full.win32.x86_64_17.0.2.v20220201-1208\jre\bin\dt_socket.dll
0x00007ffaf4450000 - 0x00007ffaf448b000 	C:\WINDOWS\SYSTEM32\IPHLPAPI.DLL
0x00007ffaf4740000 - 0x00007ffaf47aa000 	C:\WINDOWS\system32\mswsock.dll
0x00007ffaf4490000 - 0x00007ffaf455a000 	C:\WINDOWS\SYSTEM32\DNSAPI.dll
0x00007ffaf5d10000 - 0x00007ffaf5d18000 	C:\WINDOWS\System32\NSI.dll
0x00007ffaec680000 - 0x00007ffaec68a000 	C:\Windows\System32\rasadhlp.dll
0x00007ffaecf00000 - 0x00007ffaecf80000 	C:\WINDOWS\System32\fwpuclnt.dll
0x00007ffaf56b0000 - 0x00007ffaf56d7000 	C:\WINDOWS\System32\bcrypt.dll
0x00007ffae2a80000 - 0x00007ffae2a99000 	C:\Users\yalle\AppData\Roaming\Microsoft\Windows\Start Menu\Programs\Eclipse\plugins\org.eclipse.justj.openjdk.hotspot.jre.full.win32.x86_64_17.0.2.v20220201-1208\jre\bin\net.dll
0x00007ffaed750000 - 0x00007ffaed85c000 	C:\WINDOWS\SYSTEM32\WINHTTP.dll
0x00007ffae2a60000 - 0x00007ffae2a75000 	C:\Users\yalle\AppData\Roaming\Microsoft\Windows\Start Menu\Programs\Eclipse\plugins\org.eclipse.justj.openjdk.hotspot.jre.full.win32.x86_64_17.0.2.v20220201-1208\jre\bin\nio.dll
0x00007ffaf22b0000 - 0x00007ffaf22c0000 	C:\Users\yalle\AppData\Roaming\Microsoft\Windows\Start Menu\Programs\Eclipse\plugins\org.eclipse.justj.openjdk.hotspot.jre.full.win32.x86_64_17.0.2.v20220201-1208\jre\bin\verify.dll
0x00007ffaee6a0000 - 0x00007ffaee6b7000 	C:\WINDOWS\SYSTEM32\dhcpcsvc6.DLL
0x00007ffaee6c0000 - 0x00007ffaee6dd000 	C:\WINDOWS\SYSTEM32\dhcpcsvc.DLL

dbghelp: loaded successfully - version: 4.0.5 - missing functions: none
symbol engine: initialized successfully - sym options: 0x614 - pdb path: .;C:\Users\yalle\AppData\Roaming\Microsoft\Windows\Start Menu\Programs\Eclipse\plugins\org.eclipse.justj.openjdk.hotspot.jre.full.win32.x86_64_17.0.2.v20220201-1208\jre\bin;C:\WINDOWS\SYSTEM32;C:\WINDOWS\WinSxS\amd64_microsoft.windows.common-controls_6595b64144ccf1df_6.0.19041.1110_none_60b5254171f9507e;C:\Users\yalle\AppData\Roaming\Microsoft\Windows\Start Menu\Programs\Eclipse\plugins\org.eclipse.justj.openjdk.hotspot.jre.full.win32.x86_64_17.0.2.v20220201-1208\jre\bin\server

VM Arguments:
jvm_args: -XX:+ShowCodeDetailsInExceptionMessages -agentlib:jdwp=transport=dt_socket,suspend=y,address=localhost:49431 -ea -javaagent:C:\Users\yalle\AppData\Roaming\Microsoft\Windows\Start Menu\Programs\Eclipse\configuration\org.eclipse.osgi\422\0\.cp\lib\javaagent-shaded.jar -Dfile.encoding=Cp1252 
java_command: org.eclipse.jdt.internal.junit.runner.RemoteTestRunner -version 3 -port 49430 -testLoaderClass org.eclipse.jdt.internal.junit4.runner.JUnit4TestLoader -loaderpluginname org.eclipse.jdt.junit4.runtime -classNames sorting.test.StudentSortingTest
java_class_path (initial): C:\Users\yalle\eclipse-workspace\Roteiro_2\target\test-classes;C:\Users\yalle\eclipse-workspace\Roteiro_2\target\classes;C:\Users\yalle\.m2\repository\junit\junit\4.13.1\junit-4.13.1.jar;C:\Users\yalle\.m2\repository\org\hamcrest\hamcrest-core\1.3\hamcrest-core-1.3.jar;C:\Users\yalle\AppData\Roaming\Microsoft\Windows\Start Menu\Programs\Eclipse\configuration\org.eclipse.osgi\420\0\.cp;C:\Users\yalle\AppData\Roaming\Microsoft\Windows\Start Menu\Programs\Eclipse\configuration\org.eclipse.osgi\419\0\.cp
Launcher Type: SUN_STANDARD

[Global flags]
     intx CICompilerCount                          = 4                                         {product} {ergonomic}
     uint ConcGCThreads                            = 2                                         {product} {ergonomic}
     uint G1ConcRefinementThreads                  = 8                                         {product} {ergonomic}
   size_t G1HeapRegionSize                         = 1048576                                   {product} {ergonomic}
    uintx GCDrainStackTargetSize                   = 64                                        {product} {ergonomic}
   size_t InitialHeapSize                          = 132120576                                 {product} {ergonomic}
   size_t MarkStackSize                            = 4194304                                   {product} {ergonomic}
   size_t MaxHeapSize                              = 2095054848                                {product} {ergonomic}
   size_t MaxNewSize                               = 1256194048                                {product} {ergonomic}
   size_t MinHeapDeltaBytes                        = 1048576                                   {product} {ergonomic}
   size_t MinHeapSize                              = 8388608                                   {product} {ergonomic}
    uintx NonNMethodCodeHeapSize                   = 5839372                                {pd product} {ergonomic}
    uintx NonProfiledCodeHeapSize                  = 122909434                              {pd product} {ergonomic}
    uintx ProfiledCodeHeapSize                     = 122909434                              {pd product} {ergonomic}
    uintx ReservedCodeCacheSize                    = 251658240                              {pd product} {ergonomic}
     bool SegmentedCodeCache                       = true                                      {product} {ergonomic}
     bool ShowCodeDetailsInExceptionMessages       = true                                   {manageable} {command line}
   size_t SoftMaxHeapSize                          = 2095054848                             {manageable} {ergonomic}
     bool UseCompressedClassPointers               = true                           {product lp64_product} {ergonomic}
     bool UseCompressedOops                        = true                           {product lp64_product} {ergonomic}
     bool UseG1GC                                  = true                                      {product} {ergonomic}
     bool UseLargePagesIndividualAllocation        = false                                  {pd product} {ergonomic}

Logging:
Log output configuration:
 #0: stdout all=warning uptime,level,tags
 #1: stderr all=off uptime,level,tags

Environment Variables:
PATH=C:\Users\yalle\AppData\Roaming\Microsoft\Windows\Start Menu\Programs\Eclipse\plugins\org.eclipse.justj.openjdk.hotspot.jre.full.win32.x86_64_17.0.2.v20220201-1208\jre\bin;C:/Users/yalle/AppData/Roaming/Microsoft/Windows/Start Menu/Programs/Eclipse//plugins/org.eclipse.justj.openjdk.hotspot.jre.full.win32.x86_64_17.0.2.v20220201-1208/jre/bin/server;C:/Users/yalle/AppData/Roaming/Microsoft/Windows/Start Menu/Programs/Eclipse//plugins/org.eclipse.justj.openjdk.hotspot.jre.full.win32.x86_64_17.0.2.v20220201-1208/jre/bin;C:\Program Files\Eclipse Adoptium\jdk-11.0.15.10-hotspot\bin;C:\Program Files\Common Files\Oracle\Java\javapath;C:\Program Files (x86)\Common Files\Oracle\Java\javapath;C:\WINDOWS\system32;C:\WINDOWS;C:\WINDOWS\System32\Wbem;C:\WINDOWS\System32\WindowsPowerShell\v1.0\;C:\WINDOWS\System32\OpenSSH\;C:\Users\yalle\AppData\Local\Programs\Python\Python310\Scripts\;C:\Users\yalle\AppData\Local\Programs\Python\Python310\;C:\Users\yalle\AppData\Local\Microsoft\WindowsApps;C:\Users\yalle\AppData\Local\Programs\Microsoft VS Code\bin;C:\Users\yalle\AppData\Local\GitHubDesktop\bin;C:\apache-maven-3.8.6\bin;;C:\Users\yalle\AppData\Roaming\Microsoft\Windows\Start Menu\Programs\Eclipse;
USERNAME=yalle
OS=Windows_NT
PROCESSOR_IDENTIFIER=Intel64 Family 6 Model 126 Stepping 5, GenuineIntel



---------------  S Y S T E M  ---------------

OS:
 Windows 10 , 64 bit Build 19041 (10.0.19041.2364)
OS uptime: 7 days 9:30 hours
Hyper-V role detected

CPU: total 8 (initial active 8) (4 cores per cpu, 2 threads per core) family 6 model 126 stepping 5 microcode 0xa8, cx8, cmov, fxsr, ht, mmx, 3dnowpref, sse, sse2, sse3, ssse3, sse4.1, sse4.2, popcnt, lzcnt, tsc, tscinvbit, avx, avx2, aes, erms, clmul, bmi1, bmi2, adx, avx512f, avx512dq, avx512cd, avx512bw, avx512vl, sha, fma, vzeroupper, avx512_vpopcntdq, avx512_vpclmulqdq, avx512_vaes, avx512_vnni, clflush, clflushopt, avx512_vbmi2, avx512_vbmi, hv

Memory: 4k page, system-wide physical 7987M (1789M free)
TotalPageFile size 14387M (AvailPageFile size 4002M)
current process WorkingSet (physical memory assigned to process): 56M, peak: 62M
current process commit charge ("private bytes"): 213M, peak: 217M

vm_info: OpenJDK 64-Bit Server VM (17.0.2+8) for windows-amd64 JRE (17.0.2+8), built on Jan 20 2022 04:52:34 by "" with MS VC++ 16.7 (VS2019)

END.
